{"obj": {"type": "AssignString", "path": ["sys", "name"], "value": "Untitled"}, "version": 1}
{"obj": {"type": "AssignString", "path": ["sys", "description"], "value": ""}, "version": 2}
{"obj": {"type": "AssignString", "path": ["sys", "hostname"], "value": "DESKTOP-0BID4CS"}, "version": 3}
{"obj": {"type": "AssignBool", "path": ["sys", "failed"], "value": false}, "version": 4}
{"obj": {"type": "ClearStringLog", "path": ["monitoring", "stdout"]}, "version": 5}
{"obj": {"type": "ClearStringLog", "path": ["monitoring", "stderr"]}, "version": 6}
{"obj": {"type": "UploadFileSet", "path": ["source_code", "files"], "file_globs": ["C:\\Users\\Chris\\Desktop\\DataScienceProjects\\nba_game_predictor\\07b_lgb_model_test.ipynb"], "reset": "False"}, "version": 7}
{"obj": {"type": "ConfigFloatSeries", "path": ["monitoring", "cpu"], "min": 0.0, "max": 100.0, "unit": "%"}, "version": 8}
{"obj": {"type": "ClearFloatLog", "path": ["monitoring", "cpu"]}, "version": 9}
{"obj": {"type": "ConfigFloatSeries", "path": ["monitoring", "memory"], "min": 0.0, "max": 31.79674530029297, "unit": "GB"}, "version": 10}
{"obj": {"type": "ClearFloatLog", "path": ["monitoring", "memory"]}, "version": 11}
{"obj": {"type": "ConfigFloatSeries", "path": ["monitoring", "gpu"], "min": 0.0, "max": 100.0, "unit": "%"}, "version": 12}
{"obj": {"type": "ClearFloatLog", "path": ["monitoring", "gpu"]}, "version": 13}
{"obj": {"type": "ConfigFloatSeries", "path": ["monitoring", "gpu_memory"], "min": 0.0, "max": 12.0, "unit": "GB"}, "version": 14}
{"obj": {"type": "ClearFloatLog", "path": ["monitoring", "gpu_memory"]}, "version": 15}
{"obj": {"type": "LogStrings", "path": ["monitoring", "stdout"], "values": [{"value": "Remember to stop your run once you\u2019ve finished logging your metadata (https://docs.neptune.ai/api-reference/run#.stop). It will be stopped automatically only when the notebook kernel/interactive console is terminated.\n", "step": null, "ts": 1666790157.3955538}]}, "version": 16}
{"obj": {"type": "AssignString", "path": ["source_code", "integrations", "neptune-lightgbm"], "value": "0.9.14"}, "version": 17}
{"obj": {"type": "LogFloats", "path": ["monitoring", "cpu"], "values": [{"value": 3.3, "step": null, "ts": 1666790157.392555}]}, "version": 18}
{"obj": {"type": "LogFloats", "path": ["monitoring", "memory"], "values": [{"value": 6.544181823730469, "step": null, "ts": 1666790157.392555}]}, "version": 19}
{"obj": {"type": "LogFloats", "path": ["monitoring", "gpu_memory"], "values": [{"value": 0.8344764709472656, "step": null, "ts": 1666790157.392555}]}, "version": 20}
{"obj": {"type": "AssignString", "path": ["note"], "value": "Test"}, "version": 21}
{"obj": {"type": "AssignBool", "path": ["model", "parameters", "GPU"], "value": false}, "version": 22}
{"obj": {"type": "AssignBool", "path": ["model", "parameters", "OPTUNA"], "value": true}, "version": 23}
{"obj": {"type": "AssignString", "path": ["model", "parameters", "optuna_cv"], "value": "TimeSeriesSplit"}, "version": 24}
{"obj": {"type": "AssignInt", "path": ["model", "parameters", "optuna_folds"], "value": 5}, "version": 25}
{"obj": {"type": "AssignInt", "path": ["model", "parameters", "optuna_trials"], "value": 150}, "version": 26}
{"obj": {"type": "AssignInt", "path": ["model", "parameters", "k_folds"], "value": 5}, "version": 27}
{"obj": {"type": "AssignInt", "path": ["model", "parameters", "seed"], "value": 13}, "version": 28}
{"obj": {"type": "AssignInt", "path": ["model", "parameters", "early_stopping"], "value": 200}, "version": 29}
{"obj": {"type": "LogStrings", "path": ["model", "features"], "values": [{"value": "HOME_TEAM_ID", "step": null, "ts": 1666790157.780266}, {"value": "VISITOR_TEAM_ID", "step": null, "ts": 1666790157.780266}, {"value": "SEASON", "step": null, "ts": 1666790157.780266}, {"value": "PTS_home", "step": null, "ts": 1666790157.780266}, {"value": "FG_PCT_home", "step": null, "ts": 1666790157.780266}, {"value": "FT_PCT_home", "step": null, "ts": 1666790157.780266}, {"value": "FG3_PCT_home", "step": null, "ts": 1666790157.780266}, {"value": "AST_home", "step": null, "ts": 1666790157.780266}, {"value": "REB_home", "step": null, "ts": 1666790157.780266}, {"value": "PTS_away", "step": null, "ts": 1666790157.780266}]}, "version": 30}
{"obj": {"type": "LogStrings", "path": ["model", "features"], "values": [{"value": "FG_PCT_away", "step": null, "ts": 1666790157.780266}, {"value": "FT_PCT_away", "step": null, "ts": 1666790157.780266}, {"value": "FG3_PCT_away", "step": null, "ts": 1666790157.780266}, {"value": "AST_away", "step": null, "ts": 1666790157.780266}, {"value": "REB_away", "step": null, "ts": 1666790157.780266}, {"value": "HOME_TEAM_WINS", "step": null, "ts": 1666790157.780266}, {"value": "PLAYOFF", "step": null, "ts": 1666790157.780266}, {"value": "CONFERENCE_x", "step": null, "ts": 1666790157.780266}, {"value": "G_x", "step": null, "ts": 1666790157.780266}, {"value": "W_x", "step": null, "ts": 1666790157.780266}]}, "version": 31}
{"obj": {"type": "LogStrings", "path": ["model", "features"], "values": [{"value": "L_x", "step": null, "ts": 1666790157.780266}, {"value": "W_PCT_x", "step": null, "ts": 1666790157.780266}, {"value": "HOME_W_x", "step": null, "ts": 1666790157.780266}, {"value": "HOME_L_x", "step": null, "ts": 1666790157.780266}, {"value": "HOME_W_PCT_x", "step": null, "ts": 1666790157.780266}, {"value": "ROAD_W_x", "step": null, "ts": 1666790157.780266}, {"value": "ROAD_L_x", "step": null, "ts": 1666790157.780266}, {"value": "ROAD_W_PCT_x", "step": null, "ts": 1666790157.780266}, {"value": "CONFERENCE_y", "step": null, "ts": 1666790157.780266}, {"value": "G_y", "step": null, "ts": 1666790157.780266}]}, "version": 32}
{"obj": {"type": "LogStrings", "path": ["model", "features"], "values": [{"value": "W_y", "step": null, "ts": 1666790157.780266}, {"value": "L_y", "step": null, "ts": 1666790157.780266}, {"value": "W_PCT_y", "step": null, "ts": 1666790157.780266}, {"value": "HOME_W_y", "step": null, "ts": 1666790157.780266}, {"value": "HOME_L_y", "step": null, "ts": 1666790157.780266}, {"value": "HOME_W_PCT_y", "step": null, "ts": 1666790157.780266}, {"value": "ROAD_W_y", "step": null, "ts": 1666790157.780266}, {"value": "ROAD_L_y", "step": null, "ts": 1666790157.780266}, {"value": "ROAD_W_PCT_y", "step": null, "ts": 1666790157.780266}, {"value": "MONTH", "step": null, "ts": 1666790157.780266}]}, "version": 33}
{"obj": {"type": "LogStrings", "path": ["model", "features"], "values": [{"value": "HOME_WINPCT_LAST_3_HOME", "step": null, "ts": 1666790157.780266}, {"value": "HOME_WINPCT_LAST_5_HOME", "step": null, "ts": 1666790157.780266}, {"value": "HOME_WINPCT_LAST_7_HOME", "step": null, "ts": 1666790157.780266}, {"value": "HOME_PTS_AVG_LAST_3_HOME", "step": null, "ts": 1666790157.780266}, {"value": "HOME_PTS_AVG_LAST_5_HOME", "step": null, "ts": 1666790157.780266}, {"value": "HOME_PTS_AVG_LAST_7_HOME", "step": null, "ts": 1666790157.780266}, {"value": "HOME_FG_PCT_LAST_3_HOME", "step": null, "ts": 1666790157.780266}, {"value": "HOME_FG_PCT_LAST_5_HOME", "step": null, "ts": 1666790157.780266}, {"value": "HOME_FG_PCT_LAST_7_HOME", "step": null, "ts": 1666790157.780266}, {"value": "HOME_FT_PCT_LAST_3_HOME", "step": null, "ts": 1666790157.780266}]}, "version": 34}
{"obj": {"type": "LogStrings", "path": ["model", "features"], "values": [{"value": "HOME_FT_PCT_LAST_5_HOME", "step": null, "ts": 1666790157.780266}, {"value": "HOME_FT_PCT_LAST_7_HOME", "step": null, "ts": 1666790157.780266}, {"value": "HOME_FG3_PCT_LAST_3_HOME", "step": null, "ts": 1666790157.780266}, {"value": "HOME_FG3_PCT_LAST_5_HOME", "step": null, "ts": 1666790157.780266}, {"value": "HOME_FG3_PCT_LAST_7_HOME", "step": null, "ts": 1666790157.780266}, {"value": "HOME_AST_AVG_LAST_3_HOME", "step": null, "ts": 1666790157.780266}, {"value": "HOME_AST_AVG_LAST_5_HOME", "step": null, "ts": 1666790157.780266}, {"value": "HOME_AST_AVG_LAST_7_HOME", "step": null, "ts": 1666790157.780266}, {"value": "HOME_REB_AVG_LAST_3_HOME", "step": null, "ts": 1666790157.780266}, {"value": "HOME_REB_AVG_LAST_5_HOME", "step": null, "ts": 1666790157.780266}]}, "version": 35}
{"obj": {"type": "LogStrings", "path": ["model", "features"], "values": [{"value": "HOME_REB_AVG_LAST_7_HOME", "step": null, "ts": 1666790157.780266}, {"value": "HOME_TEAM_WIN_STREAK", "step": null, "ts": 1666790157.780266}, {"value": "VISITOR_WINPCT_LAST_3_AWAY", "step": null, "ts": 1666790157.780266}, {"value": "VISITOR_WINPCT_LAST_5_AWAY", "step": null, "ts": 1666790157.780266}, {"value": "VISITOR_WINPCT_LAST_7_AWAY", "step": null, "ts": 1666790157.780266}, {"value": "VISITOR_PTS_AVG_LAST_3_AWAY", "step": null, "ts": 1666790157.780266}, {"value": "VISITOR_PTS_AVG_LAST_5_AWAY", "step": null, "ts": 1666790157.780266}, {"value": "VISITOR_PTS_AVG_LAST_7_AWAY", "step": null, "ts": 1666790157.780266}, {"value": "VISITOR_FG_PCT_LAST_3_HOME", "step": null, "ts": 1666790157.780266}, {"value": "VISITOR_FG_PCT_LAST_5_HOME", "step": null, "ts": 1666790157.780266}]}, "version": 36}
{"obj": {"type": "LogStrings", "path": ["model", "features"], "values": [{"value": "VISITOR_FG_PCT_LAST_7_HOME", "step": null, "ts": 1666790157.780266}, {"value": "VISITOR_FT_PCT_LAST_3_HOME", "step": null, "ts": 1666790157.780266}, {"value": "VISITOR_FT_PCT_LAST_5_HOME", "step": null, "ts": 1666790157.780266}, {"value": "VISITOR_FT_PCT_LAST_7_HOME", "step": null, "ts": 1666790157.780266}, {"value": "VISITOR_FG3_PCT_LAST_3_HOME", "step": null, "ts": 1666790157.780266}, {"value": "VISITOR_FG3_PCT_LAST_5_HOME", "step": null, "ts": 1666790157.780266}, {"value": "VISITOR_FG3_PCT_LAST_7_HOME", "step": null, "ts": 1666790157.780266}, {"value": "VISITOR_AST_AVG_LAST_3_HOME", "step": null, "ts": 1666790157.780266}, {"value": "VISITOR_AST_AVG_LAST_5_HOME", "step": null, "ts": 1666790157.780266}, {"value": "VISITOR_AST_AVG_LAST_7_HOME", "step": null, "ts": 1666790157.780266}]}, "version": 37}
{"obj": {"type": "LogStrings", "path": ["model", "features"], "values": [{"value": "VISITOR_REB_AVG_LAST_3_HOME", "step": null, "ts": 1666790157.780266}, {"value": "VISITOR_REB_AVG_LAST_5_HOME", "step": null, "ts": 1666790157.780266}, {"value": "VISITOR_REB_AVG_LAST_7_HOME", "step": null, "ts": 1666790157.780266}, {"value": "VISITOR_TEAM_WIN_STREAK", "step": null, "ts": 1666790157.780266}, {"value": "MATCHUP_WINS_x", "step": null, "ts": 1666790157.780266}, {"value": "MATCHUP_COUNT_x", "step": null, "ts": 1666790157.780266}, {"value": "MATCHUP_WINPCT_x", "step": null, "ts": 1666790157.780266}, {"value": "MATCHUP_WIN_STREAK_x", "step": null, "ts": 1666790157.780266}, {"value": "WIN_STREAK_x", "step": null, "ts": 1666790157.780266}, {"value": "HOME_AWAY_STREAK_x", "step": null, "ts": 1666790157.780266}]}, "version": 38}
{"obj": {"type": "LogStrings", "path": ["model", "features"], "values": [{"value": "WINPCT_LAST_3_ALL_x", "step": null, "ts": 1666790157.780266}, {"value": "WINPCT_LAST_5_ALL_x", "step": null, "ts": 1666790157.780266}, {"value": "WINPCT_LAST_7_ALL_x", "step": null, "ts": 1666790157.780266}, {"value": "WINPCT_LAST_10_ALL_x", "step": null, "ts": 1666790157.780266}, {"value": "PTS_AVG_LAST_3_ALL_x", "step": null, "ts": 1666790157.780266}, {"value": "PTS_AVG_LAST_5_ALL_x", "step": null, "ts": 1666790157.780266}, {"value": "PTS_AVG_LAST_7_ALL_x", "step": null, "ts": 1666790157.780266}, {"value": "PTS_AVG_LAST_10_ALL_x", "step": null, "ts": 1666790157.780266}, {"value": "FG_PCT_LAST_3_ALL_x", "step": null, "ts": 1666790157.780266}, {"value": "FG_PCT_LAST_5_ALL_x", "step": null, "ts": 1666790157.780266}]}, "version": 39}
{"obj": {"type": "LogStrings", "path": ["model", "features"], "values": [{"value": "FG_PCT_LAST_7_ALL_x", "step": null, "ts": 1666790157.780266}, {"value": "FG_PCT_LAST_10_ALL_x", "step": null, "ts": 1666790157.780266}, {"value": "FT_PCT_LAST_3_ALL_x", "step": null, "ts": 1666790157.780266}, {"value": "FT_PCT_LAST_5_ALL_x", "step": null, "ts": 1666790157.780266}, {"value": "FT_PCT_LAST_7_ALL_x", "step": null, "ts": 1666790157.780266}, {"value": "FT_PCT_LAST_10_ALL_x", "step": null, "ts": 1666790157.780266}, {"value": "AST_AVG_LAST_3_ALL_x", "step": null, "ts": 1666790157.780266}, {"value": "AST_AVG_LAST_5_ALL_x", "step": null, "ts": 1666790157.780266}, {"value": "AST_AVG_LAST_7_ALL_x", "step": null, "ts": 1666790157.780266}, {"value": "AST_AVG_LAST_10_ALL_x", "step": null, "ts": 1666790157.780266}]}, "version": 40}
{"obj": {"type": "LogStrings", "path": ["model", "features"], "values": [{"value": "REB_AVG_LAST_3_ALL_x", "step": null, "ts": 1666790157.780266}, {"value": "REB_AVG_LAST_5_ALL_x", "step": null, "ts": 1666790157.780266}, {"value": "REB_AVG_LAST_7_ALL_x", "step": null, "ts": 1666790157.780266}, {"value": "REB_AVG_LAST_10_ALL_x", "step": null, "ts": 1666790157.780266}, {"value": "WIN_STREAK_y", "step": null, "ts": 1666790157.780266}, {"value": "HOME_AWAY_STREAK_y", "step": null, "ts": 1666790157.780266}, {"value": "WINPCT_LAST_3_ALL_y", "step": null, "ts": 1666790157.780266}, {"value": "WINPCT_LAST_5_ALL_y", "step": null, "ts": 1666790157.780266}, {"value": "WINPCT_LAST_7_ALL_y", "step": null, "ts": 1666790157.780266}, {"value": "WINPCT_LAST_10_ALL_y", "step": null, "ts": 1666790157.780266}]}, "version": 41}
{"obj": {"type": "LogStrings", "path": ["model", "features"], "values": [{"value": "PTS_AVG_LAST_3_ALL_y", "step": null, "ts": 1666790157.780266}, {"value": "PTS_AVG_LAST_5_ALL_y", "step": null, "ts": 1666790157.780266}, {"value": "PTS_AVG_LAST_7_ALL_y", "step": null, "ts": 1666790157.780266}, {"value": "PTS_AVG_LAST_10_ALL_y", "step": null, "ts": 1666790157.780266}, {"value": "FG_PCT_LAST_3_ALL_y", "step": null, "ts": 1666790157.780266}, {"value": "FG_PCT_LAST_5_ALL_y", "step": null, "ts": 1666790157.780266}, {"value": "FG_PCT_LAST_7_ALL_y", "step": null, "ts": 1666790157.780266}, {"value": "FG_PCT_LAST_10_ALL_y", "step": null, "ts": 1666790157.780266}, {"value": "FT_PCT_LAST_3_ALL_y", "step": null, "ts": 1666790157.780266}, {"value": "FT_PCT_LAST_5_ALL_y", "step": null, "ts": 1666790157.780266}]}, "version": 42}
{"obj": {"type": "LogStrings", "path": ["model", "features"], "values": [{"value": "FT_PCT_LAST_7_ALL_y", "step": null, "ts": 1666790157.780266}, {"value": "FT_PCT_LAST_10_ALL_y", "step": null, "ts": 1666790157.780266}, {"value": "AST_AVG_LAST_3_ALL_y", "step": null, "ts": 1666790157.780266}, {"value": "AST_AVG_LAST_5_ALL_y", "step": null, "ts": 1666790157.780266}, {"value": "AST_AVG_LAST_7_ALL_y", "step": null, "ts": 1666790157.780266}, {"value": "AST_AVG_LAST_10_ALL_y", "step": null, "ts": 1666790157.780266}, {"value": "REB_AVG_LAST_3_ALL_y", "step": null, "ts": 1666790157.780266}, {"value": "REB_AVG_LAST_5_ALL_y", "step": null, "ts": 1666790157.780266}, {"value": "REB_AVG_LAST_7_ALL_y", "step": null, "ts": 1666790157.780266}, {"value": "REB_AVG_LAST_10_ALL_y", "step": null, "ts": 1666790157.780266}]}, "version": 43}
{"obj": {"type": "LogStrings", "path": ["monitoring", "stdout"], "values": [{"value": "[LightGBM] [Warning] bagging_fraction is set=0.8461836573375539, subsample=0.45697339751832716 will be ignored. Current value: bagging_fraction=0.8461836573375539", "step": null, "ts": 1666790157.8348358}]}, "version": 44}
{"obj": {"type": "LogStrings", "path": ["monitoring", "stdout"], "values": [{"value": "\n", "step": null, "ts": 1666790157.8358355}]}, "version": 45}
{"obj": {"type": "LogStrings", "path": ["monitoring", "stdout"], "values": [{"value": "[LightGBM] [Warning] bagging_fraction is set=0.8461836573375539, subsample=0.45697339751832716 will be ignored. Current value: bagging_fraction=0.8461836573375539", "step": null, "ts": 1666790158.115835}]}, "version": 46}
{"obj": {"type": "LogStrings", "path": ["monitoring", "stdout"], "values": [{"value": "\n", "step": null, "ts": 1666790158.115835}]}, "version": 47}
{"obj": {"type": "LogStrings", "path": ["monitoring", "stdout"], "values": [{"value": "[LightGBM] [Warning] bagging_fraction is set=0.8461836573375539, subsample=0.45697339751832716 will be ignored. Current value: bagging_fraction=0.8461836573375539", "step": null, "ts": 1666790158.560834}]}, "version": 48}
{"obj": {"type": "LogStrings", "path": ["monitoring", "stdout"], "values": [{"value": "\n", "step": null, "ts": 1666790158.560834}]}, "version": 49}
{"obj": {"type": "LogStrings", "path": ["monitoring", "stdout"], "values": [{"value": "[LightGBM] [Warning] bagging_fraction is set=0.8461836573375539, subsample=0.45697339751832716 will be ignored. Current value: bagging_fraction=0.8461836573375539", "step": null, "ts": 1666790159.647832}]}, "version": 50}
{"obj": {"type": "LogStrings", "path": ["monitoring", "stdout"], "values": [{"value": "\n", "step": null, "ts": 1666790159.647832}]}, "version": 51}
{"obj": {"type": "LogStrings", "path": ["monitoring", "stdout"], "values": [{"value": "[LightGBM] [Warning] bagging_fraction is set=0.8461836573375539, subsample=0.45697339751832716 will be ignored. Current value: bagging_fraction=0.8461836573375539", "step": null, "ts": 1666790160.9548295}]}, "version": 52}
{"obj": {"type": "LogStrings", "path": ["monitoring", "stdout"], "values": [{"value": "\n", "step": null, "ts": 1666790160.9548295}]}, "version": 53}
{"obj": {"type": "LogStrings", "path": ["monitoring", "stdout"], "values": [{"value": "[LightGBM] [Warning] bagging_fraction is set=0.8486601092534589, subsample=0.5488625437830215 will be ignored. Current value: bagging_fraction=0.8486601092534589", "step": null, "ts": 1666790162.1478276}]}, "version": 54}
{"obj": {"type": "LogStrings", "path": ["monitoring", "stdout"], "values": [{"value": "\n", "step": null, "ts": 1666790162.1478276}]}, "version": 55}
{"obj": {"type": "LogStrings", "path": ["monitoring", "stdout"], "values": [{"value": "[LightGBM] [Warning] bagging_fraction is set=0.8486601092534589, subsample=0.5488625437830215 will be ignored. Current value: bagging_fraction=0.8486601092534589", "step": null, "ts": 1666790162.294827}]}, "version": 56}
{"obj": {"type": "LogStrings", "path": ["monitoring", "stdout"], "values": [{"value": "\n", "step": null, "ts": 1666790162.294827}]}, "version": 57}
{"obj": {"type": "LogStrings", "path": ["monitoring", "stdout"], "values": [{"value": "[LightGBM] [Warning] bagging_fraction is set=0.8486601092534589, subsample=0.5488625437830215 will be ignored. Current value: bagging_fraction=0.8486601092534589", "step": null, "ts": 1666790162.545827}]}, "version": 58}
{"obj": {"type": "LogStrings", "path": ["monitoring", "stdout"], "values": [{"value": "\n", "step": null, "ts": 1666790162.545827}]}, "version": 59}
{"obj": {"type": "LogStrings", "path": ["monitoring", "stdout"], "values": [{"value": "[LightGBM] [Warning] bagging_fraction is set=0.8486601092534589, subsample=0.5488625437830215 will be ignored. Current value: bagging_fraction=0.8486601092534589", "step": null, "ts": 1666790162.9378264}]}, "version": 60}
{"obj": {"type": "LogStrings", "path": ["monitoring", "stdout"], "values": [{"value": "\n", "step": null, "ts": 1666790162.9378264}]}, "version": 61}
{"obj": {"type": "LogStrings", "path": ["monitoring", "stdout"], "values": [{"value": "[LightGBM] [Warning] bagging_fraction is set=0.8486601092534589, subsample=0.5488625437830215 will be ignored. Current value: bagging_fraction=0.8486601092534589", "step": null, "ts": 1666790163.5428252}]}, "version": 62}
{"obj": {"type": "LogStrings", "path": ["monitoring", "stdout"], "values": [{"value": "\n", "step": null, "ts": 1666790163.5438251}]}, "version": 63}
{"obj": {"type": "LogStrings", "path": ["monitoring", "stdout"], "values": [{"value": "[LightGBM] [Warning] bagging_fraction is set=0.9831556765058568, subsample=0.5334845067855563 will be ignored. Current value: bagging_fraction=0.9831556765058568", "step": null, "ts": 1666790164.038825}]}, "version": 64}
{"obj": {"type": "LogStrings", "path": ["monitoring", "stdout"], "values": [{"value": "\n", "step": null, "ts": 1666790164.038825}]}, "version": 65}
{"obj": {"type": "LogStrings", "path": ["monitoring", "stdout"], "values": [{"value": "[LightGBM] [Warning] bagging_fraction is set=0.9831556765058568, subsample=0.5334845067855563 will be ignored. Current value: bagging_fraction=0.9831556765058568", "step": null, "ts": 1666790164.6308231}]}, "version": 66}
{"obj": {"type": "LogStrings", "path": ["monitoring", "stdout"], "values": [{"value": "\n", "step": null, "ts": 1666790164.6308231}]}, "version": 67}
{"obj": {"type": "LogStrings", "path": ["monitoring", "stdout"], "values": [{"value": "[LightGBM] [Warning] bagging_fraction is set=0.9831556765058568, subsample=0.5334845067855563 will be ignored. Current value: bagging_fraction=0.9831556765058568", "step": null, "ts": 1666790165.6398213}]}, "version": 68}
{"obj": {"type": "LogStrings", "path": ["monitoring", "stdout"], "values": [{"value": "\n", "step": null, "ts": 1666790165.6398213}]}, "version": 69}
{"obj": {"type": "LogStrings", "path": ["monitoring", "stdout"], "values": [{"value": "[LightGBM] [Warning] bagging_fraction is set=0.9831556765058568, subsample=0.5334845067855563 will be ignored. Current value: bagging_fraction=0.9831556765058568", "step": null, "ts": 1666790166.67782}]}, "version": 70}
{"obj": {"type": "LogStrings", "path": ["monitoring", "stdout"], "values": [{"value": "\n", "step": null, "ts": 1666790166.67782}]}, "version": 71}
{"obj": {"type": "LogFloats", "path": ["monitoring", "cpu"], "values": [{"value": 95.2, "step": null, "ts": 1666790167.4128182}]}, "version": 72}
{"obj": {"type": "LogFloats", "path": ["monitoring", "memory"], "values": [{"value": 6.817638397216797, "step": null, "ts": 1666790167.4128182}]}, "version": 73}
{"obj": {"type": "LogFloats", "path": ["monitoring", "gpu_memory"], "values": [{"value": 0.8656044006347656, "step": null, "ts": 1666790167.4128182}]}, "version": 74}
{"obj": {"type": "LogStrings", "path": ["monitoring", "stdout"], "values": [{"value": "[LightGBM] [Warning] bagging_fraction is set=0.9831556765058568, subsample=0.5334845067855563 will be ignored. Current value: bagging_fraction=0.9831556765058568", "step": null, "ts": 1666790168.5078166}]}, "version": 75}
{"obj": {"type": "LogStrings", "path": ["monitoring", "stdout"], "values": [{"value": "\n", "step": null, "ts": 1666790168.5078166}]}, "version": 76}
{"obj": {"type": "LogStrings", "path": ["monitoring", "stdout"], "values": [{"value": "[LightGBM] [Warning] bagging_fraction is set=0.42013838308490203, subsample=0.6552211628158064 will be ignored. Current value: bagging_fraction=0.42013838308490203", "step": null, "ts": 1666790169.9198139}]}, "version": 77}
{"obj": {"type": "LogStrings", "path": ["monitoring", "stdout"], "values": [{"value": "\n", "step": null, "ts": 1666790169.9198139}]}, "version": 78}
{"obj": {"type": "LogStrings", "path": ["monitoring", "stdout"], "values": [{"value": "[LightGBM] [Warning] bagging_fraction is set=0.42013838308490203, subsample=0.6552211628158064 will be ignored. Current value: bagging_fraction=0.42013838308490203", "step": null, "ts": 1666790170.0328135}]}, "version": 79}
{"obj": {"type": "LogStrings", "path": ["monitoring", "stdout"], "values": [{"value": "\n", "step": null, "ts": 1666790170.0328135}]}, "version": 80}
{"obj": {"type": "LogStrings", "path": ["monitoring", "stdout"], "values": [{"value": "[LightGBM] [Warning] bagging_fraction is set=0.42013838308490203, subsample=0.6552211628158064 will be ignored. Current value: bagging_fraction=0.42013838308490203", "step": null, "ts": 1666790170.1908133}]}, "version": 81}
{"obj": {"type": "LogStrings", "path": ["monitoring", "stdout"], "values": [{"value": "\n", "step": null, "ts": 1666790170.1908133}]}, "version": 82}
{"obj": {"type": "LogStrings", "path": ["monitoring", "stdout"], "values": [{"value": "[LightGBM] [Warning] bagging_fraction is set=0.42013838308490203, subsample=0.6552211628158064 will be ignored. Current value: bagging_fraction=0.42013838308490203", "step": null, "ts": 1666790170.3918133}]}, "version": 83}
{"obj": {"type": "LogStrings", "path": ["monitoring", "stdout"], "values": [{"value": "\n", "step": null, "ts": 1666790170.3918133}]}, "version": 84}
{"obj": {"type": "LogStrings", "path": ["monitoring", "stdout"], "values": [{"value": "[LightGBM] [Warning] bagging_fraction is set=0.42013838308490203, subsample=0.6552211628158064 will be ignored. Current value: bagging_fraction=0.42013838308490203", "step": null, "ts": 1666790170.6298127}]}, "version": 85}
{"obj": {"type": "LogStrings", "path": ["monitoring", "stdout"], "values": [{"value": "\n", "step": null, "ts": 1666790170.6298127}]}, "version": 86}
{"obj": {"type": "LogStrings", "path": ["monitoring", "stdout"], "values": [{"value": "[LightGBM] [Warning] bagging_fraction is set=0.76819282689976, subsample=0.8849709032759175 will be ignored. Current value: bagging_fraction=0.76819282689976", "step": null, "ts": 1666790170.8958135}]}, "version": 87}
{"obj": {"type": "LogStrings", "path": ["monitoring", "stdout"], "values": [{"value": "\n", "step": null, "ts": 1666790170.8958135}]}, "version": 88}
{"obj": {"type": "LogStrings", "path": ["monitoring", "stdout"], "values": [{"value": "[LightGBM] [Warning] bagging_fraction is set=0.76819282689976, subsample=0.8849709032759175 will be ignored. Current value: bagging_fraction=0.76819282689976", "step": null, "ts": 1666790171.0378122}]}, "version": 89}
{"obj": {"type": "LogStrings", "path": ["monitoring", "stdout"], "values": [{"value": "\n", "step": null, "ts": 1666790171.0378122}]}, "version": 90}
{"obj": {"type": "LogStrings", "path": ["monitoring", "stdout"], "values": [{"value": "[LightGBM] [Warning] bagging_fraction is set=0.76819282689976, subsample=0.8849709032759175 will be ignored. Current value: bagging_fraction=0.76819282689976", "step": null, "ts": 1666790171.2978117}]}, "version": 91}
{"obj": {"type": "LogStrings", "path": ["monitoring", "stdout"], "values": [{"value": "\n", "step": null, "ts": 1666790171.2978117}]}, "version": 92}
{"obj": {"type": "LogStrings", "path": ["monitoring", "stdout"], "values": [{"value": "[LightGBM] [Warning] bagging_fraction is set=0.76819282689976, subsample=0.8849709032759175 will be ignored. Current value: bagging_fraction=0.76819282689976", "step": null, "ts": 1666790171.8188107}]}, "version": 93}
{"obj": {"type": "LogStrings", "path": ["monitoring", "stdout"], "values": [{"value": "\n", "step": null, "ts": 1666790171.8188107}]}, "version": 94}
{"obj": {"type": "LogStrings", "path": ["monitoring", "stdout"], "values": [{"value": "[LightGBM] [Warning] bagging_fraction is set=0.76819282689976, subsample=0.8849709032759175 will be ignored. Current value: bagging_fraction=0.76819282689976", "step": null, "ts": 1666790172.8758087}]}, "version": 95}
{"obj": {"type": "LogStrings", "path": ["monitoring", "stdout"], "values": [{"value": "\n", "step": null, "ts": 1666790172.8758087}]}, "version": 96}
{"obj": {"type": "LogFloats", "path": ["monitoring", "cpu"], "values": [{"value": 59.0, "step": null, "ts": 1666790177.4299414}]}, "version": 97}
{"obj": {"type": "LogFloats", "path": ["monitoring", "memory"], "values": [{"value": 6.735942840576172, "step": null, "ts": 1666790177.4299414}]}, "version": 98}
{"obj": {"type": "LogFloats", "path": ["monitoring", "gpu_memory"], "values": [{"value": 0.8344764709472656, "step": null, "ts": 1666790177.4299414}]}, "version": 99}
{"obj": {"type": "LogFloats", "path": ["monitoring", "cpu"], "values": [{"value": 1.4, "step": null, "ts": 1666790187.4446845}]}, "version": 100}
{"obj": {"type": "LogFloats", "path": ["monitoring", "memory"], "values": [{"value": 6.721622467041016, "step": null, "ts": 1666790187.4446845}]}, "version": 101}
{"obj": {"type": "LogFloats", "path": ["monitoring", "gpu"], "values": [{"value": 4.0, "step": null, "ts": 1666790187.4446845}]}, "version": 102}
{"obj": {"type": "LogFloats", "path": ["monitoring", "gpu_memory"], "values": [{"value": 0.8344764709472656, "step": null, "ts": 1666790187.4446845}]}, "version": 103}
{"obj": {"type": "LogStrings", "path": ["monitoring", "stdout"], "values": [{"value": "Shutting down background jobs, please wait a moment...\n", "step": null, "ts": 1666790195.990241}]}, "version": 104}
