{"obj": {"type": "AssignString", "path": ["sys", "name"], "value": "Untitled"}, "version": 1}
{"obj": {"type": "AssignString", "path": ["sys", "description"], "value": ""}, "version": 2}
{"obj": {"type": "AssignString", "path": ["sys", "hostname"], "value": "DESKTOP-0BID4CS"}, "version": 3}
{"obj": {"type": "AssignBool", "path": ["sys", "failed"], "value": false}, "version": 4}
{"obj": {"type": "ClearStringLog", "path": ["monitoring", "stdout"]}, "version": 5}
{"obj": {"type": "ClearStringLog", "path": ["monitoring", "stderr"]}, "version": 6}
{"obj": {"type": "UploadFileSet", "path": ["source_code", "files"], "file_globs": ["C:\\Users\\Chris\\Desktop\\DataScienceProjects\\nba_game_predictor\\07b_lgb_model_test.ipynb"], "reset": "False"}, "version": 7}
{"obj": {"type": "ConfigFloatSeries", "path": ["monitoring", "cpu"], "min": 0.0, "max": 100.0, "unit": "%"}, "version": 8}
{"obj": {"type": "ClearFloatLog", "path": ["monitoring", "cpu"]}, "version": 9}
{"obj": {"type": "ConfigFloatSeries", "path": ["monitoring", "memory"], "min": 0.0, "max": 31.79674530029297, "unit": "GB"}, "version": 10}
{"obj": {"type": "ClearFloatLog", "path": ["monitoring", "memory"]}, "version": 11}
{"obj": {"type": "ConfigFloatSeries", "path": ["monitoring", "gpu"], "min": 0.0, "max": 100.0, "unit": "%"}, "version": 12}
{"obj": {"type": "ClearFloatLog", "path": ["monitoring", "gpu"]}, "version": 13}
{"obj": {"type": "ConfigFloatSeries", "path": ["monitoring", "gpu_memory"], "min": 0.0, "max": 12.0, "unit": "GB"}, "version": 14}
{"obj": {"type": "ClearFloatLog", "path": ["monitoring", "gpu_memory"]}, "version": 15}
{"obj": {"type": "LogStrings", "path": ["monitoring", "stdout"], "values": [{"value": "Remember to stop your run once you\u2019ve finished logging your metadata (https://docs.neptune.ai/api-reference/run#.stop). It will be stopped automatically only when the notebook kernel/interactive console is terminated.\n", "step": null, "ts": 1666790102.7094886}]}, "version": 16}
{"obj": {"type": "LogFloats", "path": ["monitoring", "cpu"], "values": [{"value": 3.6, "step": null, "ts": 1666790102.7074888}]}, "version": 17}
{"obj": {"type": "AssignString", "path": ["source_code", "integrations", "neptune-lightgbm"], "value": "0.9.14"}, "version": 18}
{"obj": {"type": "LogFloats", "path": ["monitoring", "memory"], "values": [{"value": 6.6300506591796875, "step": null, "ts": 1666790102.7074888}]}, "version": 19}
{"obj": {"type": "LogFloats", "path": ["monitoring", "gpu_memory"], "values": [{"value": 0.8661537170410156, "step": null, "ts": 1666790102.7074888}]}, "version": 20}
{"obj": {"type": "AssignString", "path": ["note"], "value": "Test"}, "version": 21}
{"obj": {"type": "AssignBool", "path": ["model", "parameters", "GPU"], "value": false}, "version": 22}
{"obj": {"type": "AssignBool", "path": ["model", "parameters", "OPTUNA"], "value": true}, "version": 23}
{"obj": {"type": "AssignString", "path": ["model", "parameters", "optuna_cv"], "value": "TimeSeriesSplit"}, "version": 24}
{"obj": {"type": "AssignInt", "path": ["model", "parameters", "optuna_folds"], "value": 5}, "version": 25}
{"obj": {"type": "AssignInt", "path": ["model", "parameters", "optuna_trials"], "value": 150}, "version": 26}
{"obj": {"type": "AssignInt", "path": ["model", "parameters", "k_folds"], "value": 5}, "version": 27}
{"obj": {"type": "AssignInt", "path": ["model", "parameters", "seed"], "value": 13}, "version": 28}
{"obj": {"type": "AssignInt", "path": ["model", "parameters", "early_stopping"], "value": 200}, "version": 29}
{"obj": {"type": "LogStrings", "path": ["model", "features"], "values": [{"value": "HOME_TEAM_ID", "step": null, "ts": 1666790103.0967932}, {"value": "VISITOR_TEAM_ID", "step": null, "ts": 1666790103.0967932}, {"value": "SEASON", "step": null, "ts": 1666790103.0967932}, {"value": "PTS_home", "step": null, "ts": 1666790103.0967932}, {"value": "FG_PCT_home", "step": null, "ts": 1666790103.0967932}, {"value": "FT_PCT_home", "step": null, "ts": 1666790103.0967932}, {"value": "FG3_PCT_home", "step": null, "ts": 1666790103.0967932}, {"value": "AST_home", "step": null, "ts": 1666790103.0967932}, {"value": "REB_home", "step": null, "ts": 1666790103.0967932}, {"value": "PTS_away", "step": null, "ts": 1666790103.0967932}]}, "version": 30}
{"obj": {"type": "LogStrings", "path": ["model", "features"], "values": [{"value": "FG_PCT_away", "step": null, "ts": 1666790103.0967932}, {"value": "FT_PCT_away", "step": null, "ts": 1666790103.0967932}, {"value": "FG3_PCT_away", "step": null, "ts": 1666790103.0967932}, {"value": "AST_away", "step": null, "ts": 1666790103.0967932}, {"value": "REB_away", "step": null, "ts": 1666790103.0967932}, {"value": "HOME_TEAM_WINS", "step": null, "ts": 1666790103.0967932}, {"value": "PLAYOFF", "step": null, "ts": 1666790103.0967932}, {"value": "CONFERENCE_x", "step": null, "ts": 1666790103.0967932}, {"value": "G_x", "step": null, "ts": 1666790103.0967932}, {"value": "W_x", "step": null, "ts": 1666790103.0967932}]}, "version": 31}
{"obj": {"type": "LogStrings", "path": ["model", "features"], "values": [{"value": "L_x", "step": null, "ts": 1666790103.0967932}, {"value": "W_PCT_x", "step": null, "ts": 1666790103.0967932}, {"value": "HOME_W_x", "step": null, "ts": 1666790103.0967932}, {"value": "HOME_L_x", "step": null, "ts": 1666790103.0967932}, {"value": "HOME_W_PCT_x", "step": null, "ts": 1666790103.0967932}, {"value": "ROAD_W_x", "step": null, "ts": 1666790103.0967932}, {"value": "ROAD_L_x", "step": null, "ts": 1666790103.0967932}, {"value": "ROAD_W_PCT_x", "step": null, "ts": 1666790103.0967932}, {"value": "CONFERENCE_y", "step": null, "ts": 1666790103.0967932}, {"value": "G_y", "step": null, "ts": 1666790103.0967932}]}, "version": 32}
{"obj": {"type": "LogStrings", "path": ["model", "features"], "values": [{"value": "W_y", "step": null, "ts": 1666790103.0967932}, {"value": "L_y", "step": null, "ts": 1666790103.0967932}, {"value": "W_PCT_y", "step": null, "ts": 1666790103.0967932}, {"value": "HOME_W_y", "step": null, "ts": 1666790103.0967932}, {"value": "HOME_L_y", "step": null, "ts": 1666790103.0967932}, {"value": "HOME_W_PCT_y", "step": null, "ts": 1666790103.0967932}, {"value": "ROAD_W_y", "step": null, "ts": 1666790103.0967932}, {"value": "ROAD_L_y", "step": null, "ts": 1666790103.0967932}, {"value": "ROAD_W_PCT_y", "step": null, "ts": 1666790103.0967932}, {"value": "MONTH", "step": null, "ts": 1666790103.0967932}]}, "version": 33}
{"obj": {"type": "LogStrings", "path": ["model", "features"], "values": [{"value": "HOME_WINPCT_LAST_3_HOME", "step": null, "ts": 1666790103.0967932}, {"value": "HOME_WINPCT_LAST_5_HOME", "step": null, "ts": 1666790103.0967932}, {"value": "HOME_WINPCT_LAST_7_HOME", "step": null, "ts": 1666790103.0967932}, {"value": "HOME_PTS_AVG_LAST_3_HOME", "step": null, "ts": 1666790103.0967932}, {"value": "HOME_PTS_AVG_LAST_5_HOME", "step": null, "ts": 1666790103.0967932}, {"value": "HOME_PTS_AVG_LAST_7_HOME", "step": null, "ts": 1666790103.0967932}, {"value": "HOME_FG_PCT_LAST_3_HOME", "step": null, "ts": 1666790103.0967932}, {"value": "HOME_FG_PCT_LAST_5_HOME", "step": null, "ts": 1666790103.0967932}, {"value": "HOME_FG_PCT_LAST_7_HOME", "step": null, "ts": 1666790103.0967932}, {"value": "HOME_FT_PCT_LAST_3_HOME", "step": null, "ts": 1666790103.0967932}]}, "version": 34}
{"obj": {"type": "LogStrings", "path": ["model", "features"], "values": [{"value": "HOME_FT_PCT_LAST_5_HOME", "step": null, "ts": 1666790103.0967932}, {"value": "HOME_FT_PCT_LAST_7_HOME", "step": null, "ts": 1666790103.0967932}, {"value": "HOME_FG3_PCT_LAST_3_HOME", "step": null, "ts": 1666790103.0967932}, {"value": "HOME_FG3_PCT_LAST_5_HOME", "step": null, "ts": 1666790103.0967932}, {"value": "HOME_FG3_PCT_LAST_7_HOME", "step": null, "ts": 1666790103.0967932}, {"value": "HOME_AST_AVG_LAST_3_HOME", "step": null, "ts": 1666790103.0967932}, {"value": "HOME_AST_AVG_LAST_5_HOME", "step": null, "ts": 1666790103.0967932}, {"value": "HOME_AST_AVG_LAST_7_HOME", "step": null, "ts": 1666790103.0967932}, {"value": "HOME_REB_AVG_LAST_3_HOME", "step": null, "ts": 1666790103.0967932}, {"value": "HOME_REB_AVG_LAST_5_HOME", "step": null, "ts": 1666790103.0967932}]}, "version": 35}
{"obj": {"type": "LogStrings", "path": ["model", "features"], "values": [{"value": "HOME_REB_AVG_LAST_7_HOME", "step": null, "ts": 1666790103.0967932}, {"value": "HOME_TEAM_WIN_STREAK", "step": null, "ts": 1666790103.0967932}, {"value": "VISITOR_WINPCT_LAST_3_AWAY", "step": null, "ts": 1666790103.0967932}, {"value": "VISITOR_WINPCT_LAST_5_AWAY", "step": null, "ts": 1666790103.0967932}, {"value": "VISITOR_WINPCT_LAST_7_AWAY", "step": null, "ts": 1666790103.0967932}, {"value": "VISITOR_PTS_AVG_LAST_3_AWAY", "step": null, "ts": 1666790103.0967932}, {"value": "VISITOR_PTS_AVG_LAST_5_AWAY", "step": null, "ts": 1666790103.0967932}, {"value": "VISITOR_PTS_AVG_LAST_7_AWAY", "step": null, "ts": 1666790103.0967932}, {"value": "VISITOR_FG_PCT_LAST_3_HOME", "step": null, "ts": 1666790103.0967932}, {"value": "VISITOR_FG_PCT_LAST_5_HOME", "step": null, "ts": 1666790103.0967932}]}, "version": 36}
{"obj": {"type": "LogStrings", "path": ["model", "features"], "values": [{"value": "VISITOR_FG_PCT_LAST_7_HOME", "step": null, "ts": 1666790103.0967932}, {"value": "VISITOR_FT_PCT_LAST_3_HOME", "step": null, "ts": 1666790103.0967932}, {"value": "VISITOR_FT_PCT_LAST_5_HOME", "step": null, "ts": 1666790103.0967932}, {"value": "VISITOR_FT_PCT_LAST_7_HOME", "step": null, "ts": 1666790103.0967932}, {"value": "VISITOR_FG3_PCT_LAST_3_HOME", "step": null, "ts": 1666790103.0967932}, {"value": "VISITOR_FG3_PCT_LAST_5_HOME", "step": null, "ts": 1666790103.0967932}, {"value": "VISITOR_FG3_PCT_LAST_7_HOME", "step": null, "ts": 1666790103.0967932}, {"value": "VISITOR_AST_AVG_LAST_3_HOME", "step": null, "ts": 1666790103.0967932}, {"value": "VISITOR_AST_AVG_LAST_5_HOME", "step": null, "ts": 1666790103.0967932}, {"value": "VISITOR_AST_AVG_LAST_7_HOME", "step": null, "ts": 1666790103.0967932}]}, "version": 37}
{"obj": {"type": "LogStrings", "path": ["model", "features"], "values": [{"value": "VISITOR_REB_AVG_LAST_3_HOME", "step": null, "ts": 1666790103.0967932}, {"value": "VISITOR_REB_AVG_LAST_5_HOME", "step": null, "ts": 1666790103.0967932}, {"value": "VISITOR_REB_AVG_LAST_7_HOME", "step": null, "ts": 1666790103.0967932}, {"value": "VISITOR_TEAM_WIN_STREAK", "step": null, "ts": 1666790103.0967932}, {"value": "MATCHUP_WINS_x", "step": null, "ts": 1666790103.0967932}, {"value": "MATCHUP_COUNT_x", "step": null, "ts": 1666790103.0967932}, {"value": "MATCHUP_WINPCT_x", "step": null, "ts": 1666790103.0967932}, {"value": "MATCHUP_WIN_STREAK_x", "step": null, "ts": 1666790103.0967932}, {"value": "WIN_STREAK_x", "step": null, "ts": 1666790103.0967932}, {"value": "HOME_AWAY_STREAK_x", "step": null, "ts": 1666790103.0967932}]}, "version": 38}
{"obj": {"type": "LogStrings", "path": ["model", "features"], "values": [{"value": "WINPCT_LAST_3_ALL_x", "step": null, "ts": 1666790103.0967932}, {"value": "WINPCT_LAST_5_ALL_x", "step": null, "ts": 1666790103.0967932}, {"value": "WINPCT_LAST_7_ALL_x", "step": null, "ts": 1666790103.0967932}, {"value": "WINPCT_LAST_10_ALL_x", "step": null, "ts": 1666790103.0967932}, {"value": "PTS_AVG_LAST_3_ALL_x", "step": null, "ts": 1666790103.0967932}, {"value": "PTS_AVG_LAST_5_ALL_x", "step": null, "ts": 1666790103.0967932}, {"value": "PTS_AVG_LAST_7_ALL_x", "step": null, "ts": 1666790103.0967932}, {"value": "PTS_AVG_LAST_10_ALL_x", "step": null, "ts": 1666790103.0967932}, {"value": "FG_PCT_LAST_3_ALL_x", "step": null, "ts": 1666790103.0967932}, {"value": "FG_PCT_LAST_5_ALL_x", "step": null, "ts": 1666790103.0967932}]}, "version": 39}
{"obj": {"type": "LogStrings", "path": ["model", "features"], "values": [{"value": "FG_PCT_LAST_7_ALL_x", "step": null, "ts": 1666790103.0967932}, {"value": "FG_PCT_LAST_10_ALL_x", "step": null, "ts": 1666790103.0967932}, {"value": "FT_PCT_LAST_3_ALL_x", "step": null, "ts": 1666790103.0967932}, {"value": "FT_PCT_LAST_5_ALL_x", "step": null, "ts": 1666790103.0967932}, {"value": "FT_PCT_LAST_7_ALL_x", "step": null, "ts": 1666790103.0967932}, {"value": "FT_PCT_LAST_10_ALL_x", "step": null, "ts": 1666790103.0967932}, {"value": "AST_AVG_LAST_3_ALL_x", "step": null, "ts": 1666790103.0967932}, {"value": "AST_AVG_LAST_5_ALL_x", "step": null, "ts": 1666790103.0967932}, {"value": "AST_AVG_LAST_7_ALL_x", "step": null, "ts": 1666790103.0967932}, {"value": "AST_AVG_LAST_10_ALL_x", "step": null, "ts": 1666790103.0967932}]}, "version": 40}
{"obj": {"type": "LogStrings", "path": ["model", "features"], "values": [{"value": "REB_AVG_LAST_3_ALL_x", "step": null, "ts": 1666790103.0967932}, {"value": "REB_AVG_LAST_5_ALL_x", "step": null, "ts": 1666790103.0967932}, {"value": "REB_AVG_LAST_7_ALL_x", "step": null, "ts": 1666790103.0967932}, {"value": "REB_AVG_LAST_10_ALL_x", "step": null, "ts": 1666790103.0967932}, {"value": "WIN_STREAK_y", "step": null, "ts": 1666790103.0967932}, {"value": "HOME_AWAY_STREAK_y", "step": null, "ts": 1666790103.0967932}, {"value": "WINPCT_LAST_3_ALL_y", "step": null, "ts": 1666790103.0967932}, {"value": "WINPCT_LAST_5_ALL_y", "step": null, "ts": 1666790103.0967932}, {"value": "WINPCT_LAST_7_ALL_y", "step": null, "ts": 1666790103.0967932}, {"value": "WINPCT_LAST_10_ALL_y", "step": null, "ts": 1666790103.0967932}]}, "version": 41}
{"obj": {"type": "LogStrings", "path": ["model", "features"], "values": [{"value": "PTS_AVG_LAST_3_ALL_y", "step": null, "ts": 1666790103.0967932}, {"value": "PTS_AVG_LAST_5_ALL_y", "step": null, "ts": 1666790103.0967932}, {"value": "PTS_AVG_LAST_7_ALL_y", "step": null, "ts": 1666790103.0967932}, {"value": "PTS_AVG_LAST_10_ALL_y", "step": null, "ts": 1666790103.0967932}, {"value": "FG_PCT_LAST_3_ALL_y", "step": null, "ts": 1666790103.0967932}, {"value": "FG_PCT_LAST_5_ALL_y", "step": null, "ts": 1666790103.0967932}, {"value": "FG_PCT_LAST_7_ALL_y", "step": null, "ts": 1666790103.0967932}, {"value": "FG_PCT_LAST_10_ALL_y", "step": null, "ts": 1666790103.0967932}, {"value": "FT_PCT_LAST_3_ALL_y", "step": null, "ts": 1666790103.0967932}, {"value": "FT_PCT_LAST_5_ALL_y", "step": null, "ts": 1666790103.0967932}]}, "version": 42}
{"obj": {"type": "LogStrings", "path": ["model", "features"], "values": [{"value": "FT_PCT_LAST_7_ALL_y", "step": null, "ts": 1666790103.0967932}, {"value": "FT_PCT_LAST_10_ALL_y", "step": null, "ts": 1666790103.0967932}, {"value": "AST_AVG_LAST_3_ALL_y", "step": null, "ts": 1666790103.0967932}, {"value": "AST_AVG_LAST_5_ALL_y", "step": null, "ts": 1666790103.0967932}, {"value": "AST_AVG_LAST_7_ALL_y", "step": null, "ts": 1666790103.0967932}, {"value": "AST_AVG_LAST_10_ALL_y", "step": null, "ts": 1666790103.0967932}, {"value": "REB_AVG_LAST_3_ALL_y", "step": null, "ts": 1666790103.0967932}, {"value": "REB_AVG_LAST_5_ALL_y", "step": null, "ts": 1666790103.0967932}, {"value": "REB_AVG_LAST_7_ALL_y", "step": null, "ts": 1666790103.0967932}, {"value": "REB_AVG_LAST_10_ALL_y", "step": null, "ts": 1666790103.0967932}]}, "version": 43}
{"obj": {"type": "LogStrings", "path": ["monitoring", "stdout"], "values": [{"value": "[LightGBM] [Warning] feature_fraction is set=0.8814886004696614, colsample_bytree=0.31307894936172376 will be ignored. Current value: feature_fraction=0.8814886004696614", "step": null, "ts": 1666790103.1485317}]}, "version": 44}
{"obj": {"type": "LogStrings", "path": ["monitoring", "stdout"], "values": [{"value": "\n", "step": null, "ts": 1666790103.1495323}]}, "version": 45}
{"obj": {"type": "LogStrings", "path": ["monitoring", "stdout"], "values": [{"value": "[LightGBM] [Warning] bagging_fraction is set=0.9250585220711836, subsample=0.6128646777268244 will be ignored. Current value: bagging_fraction=0.9250585220711836", "step": null, "ts": 1666790103.1495323}]}, "version": 46}
{"obj": {"type": "LogStrings", "path": ["monitoring", "stdout"], "values": [{"value": "\n", "step": null, "ts": 1666790103.1495323}]}, "version": 47}
{"obj": {"type": "LogStrings", "path": ["monitoring", "stdout"], "values": [{"value": "[LightGBM] [Warning] feature_fraction is set=0.8814886004696614, colsample_bytree=0.31307894936172376 will be ignored. Current value: feature_fraction=0.8814886004696614", "step": null, "ts": 1666790103.5375311}]}, "version": 48}
{"obj": {"type": "LogStrings", "path": ["monitoring", "stdout"], "values": [{"value": "\n", "step": null, "ts": 1666790103.5375311}]}, "version": 49}
{"obj": {"type": "LogStrings", "path": ["monitoring", "stdout"], "values": [{"value": "[LightGBM] [Warning] bagging_fraction is set=0.9250585220711836, subsample=0.6128646777268244 will be ignored. Current value: bagging_fraction=0.9250585220711836", "step": null, "ts": 1666790103.5375311}]}, "version": 50}
{"obj": {"type": "LogStrings", "path": ["monitoring", "stdout"], "values": [{"value": "\n", "step": null, "ts": 1666790103.5375311}]}, "version": 51}
{"obj": {"type": "LogStrings", "path": ["monitoring", "stdout"], "values": [{"value": "[LightGBM] [Warning] feature_fraction is set=0.8814886004696614, colsample_bytree=0.31307894936172376 will be ignored. Current value: feature_fraction=0.8814886004696614", "step": null, "ts": 1666790104.21253}]}, "version": 52}
{"obj": {"type": "LogStrings", "path": ["monitoring", "stdout"], "values": [{"value": "\n", "step": null, "ts": 1666790104.21253}]}, "version": 53}
{"obj": {"type": "LogStrings", "path": ["monitoring", "stdout"], "values": [{"value": "[LightGBM] [Warning] bagging_fraction is set=0.9250585220711836, subsample=0.6128646777268244 will be ignored. Current value: bagging_fraction=0.9250585220711836", "step": null, "ts": 1666790104.21253}]}, "version": 54}
{"obj": {"type": "LogStrings", "path": ["monitoring", "stdout"], "values": [{"value": "\n", "step": null, "ts": 1666790104.21253}]}, "version": 55}
{"obj": {"type": "LogStrings", "path": ["monitoring", "stdout"], "values": [{"value": "[LightGBM] [Warning] feature_fraction is set=0.8814886004696614, colsample_bytree=0.31307894936172376 will be ignored. Current value: feature_fraction=0.8814886004696614", "step": null, "ts": 1666790105.746527}]}, "version": 56}
{"obj": {"type": "LogStrings", "path": ["monitoring", "stdout"], "values": [{"value": "\n", "step": null, "ts": 1666790105.746527}]}, "version": 57}
{"obj": {"type": "LogStrings", "path": ["monitoring", "stdout"], "values": [{"value": "[LightGBM] [Warning] bagging_fraction is set=0.9250585220711836, subsample=0.6128646777268244 will be ignored. Current value: bagging_fraction=0.9250585220711836", "step": null, "ts": 1666790105.746527}]}, "version": 58}
{"obj": {"type": "LogStrings", "path": ["monitoring", "stdout"], "values": [{"value": "\n", "step": null, "ts": 1666790105.746527}]}, "version": 59}
{"obj": {"type": "LogStrings", "path": ["monitoring", "stdout"], "values": [{"value": "[LightGBM] [Warning] feature_fraction is set=0.8814886004696614, colsample_bytree=0.31307894936172376 will be ignored. Current value: feature_fraction=0.8814886004696614", "step": null, "ts": 1666790107.513524}]}, "version": 60}
{"obj": {"type": "LogStrings", "path": ["monitoring", "stdout"], "values": [{"value": "\n", "step": null, "ts": 1666790107.513524}]}, "version": 61}
{"obj": {"type": "LogStrings", "path": ["monitoring", "stdout"], "values": [{"value": "[LightGBM] [Warning] bagging_fraction is set=0.9250585220711836, subsample=0.6128646777268244 will be ignored. Current value: bagging_fraction=0.9250585220711836", "step": null, "ts": 1666790107.513524}]}, "version": 62}
{"obj": {"type": "LogStrings", "path": ["monitoring", "stdout"], "values": [{"value": "\n", "step": null, "ts": 1666790107.513524}]}, "version": 63}
{"obj": {"type": "LogStrings", "path": ["monitoring", "stdout"], "values": [{"value": "[LightGBM] [Warning] feature_fraction is set=0.8826634650521443, colsample_bytree=0.42743012049601387 will be ignored. Current value: feature_fraction=0.8826634650521443", "step": null, "ts": 1666790109.1130242}]}, "version": 64}
{"obj": {"type": "LogStrings", "path": ["monitoring", "stdout"], "values": [{"value": "\n", "step": null, "ts": 1666790109.1130242}]}, "version": 65}
{"obj": {"type": "LogStrings", "path": ["monitoring", "stdout"], "values": [{"value": "[LightGBM] [Warning] bagging_fraction is set=0.8624770343179484, subsample=0.6654968272678516 will be ignored. Current value: bagging_fraction=0.8624770343179484", "step": null, "ts": 1666790109.1130242}]}, "version": 66}
{"obj": {"type": "LogStrings", "path": ["monitoring", "stdout"], "values": [{"value": "\n", "step": null, "ts": 1666790109.1140244}]}, "version": 67}
{"obj": {"type": "LogStrings", "path": ["monitoring", "stdout"], "values": [{"value": "[LightGBM] [Warning] feature_fraction is set=0.8826634650521443, colsample_bytree=0.42743012049601387 will be ignored. Current value: feature_fraction=0.8826634650521443", "step": null, "ts": 1666790110.242023}]}, "version": 68}
{"obj": {"type": "LogStrings", "path": ["monitoring", "stdout"], "values": [{"value": "\n", "step": null, "ts": 1666790110.242023}]}, "version": 69}
{"obj": {"type": "LogStrings", "path": ["monitoring", "stdout"], "values": [{"value": "[LightGBM] [Warning] bagging_fraction is set=0.8624770343179484, subsample=0.6654968272678516 will be ignored. Current value: bagging_fraction=0.8624770343179484", "step": null, "ts": 1666790110.242023}]}, "version": 70}
{"obj": {"type": "LogStrings", "path": ["monitoring", "stdout"], "values": [{"value": "\n", "step": null, "ts": 1666790110.242023}]}, "version": 71}
{"obj": {"type": "LogStrings", "path": ["monitoring", "stdout"], "values": [{"value": "[LightGBM] [Warning] feature_fraction is set=0.8826634650521443, colsample_bytree=0.42743012049601387 will be ignored. Current value: feature_fraction=0.8826634650521443", "step": null, "ts": 1666790112.3510187}]}, "version": 72}
{"obj": {"type": "LogStrings", "path": ["monitoring", "stdout"], "values": [{"value": "\n", "step": null, "ts": 1666790112.3510187}]}, "version": 73}
{"obj": {"type": "LogStrings", "path": ["monitoring", "stdout"], "values": [{"value": "[LightGBM] [Warning] bagging_fraction is set=0.8624770343179484, subsample=0.6654968272678516 will be ignored. Current value: bagging_fraction=0.8624770343179484", "step": null, "ts": 1666790112.3510187}]}, "version": 74}
{"obj": {"type": "LogStrings", "path": ["monitoring", "stdout"], "values": [{"value": "\n", "step": null, "ts": 1666790112.3510187}]}, "version": 75}
{"obj": {"type": "LogFloats", "path": ["monitoring", "cpu"], "values": [{"value": 95.4, "step": null, "ts": 1666790112.7200181}]}, "version": 76}
{"obj": {"type": "LogFloats", "path": ["monitoring", "memory"], "values": [{"value": 6.651924133300781, "step": null, "ts": 1666790112.7200181}]}, "version": 77}
{"obj": {"type": "LogFloats", "path": ["monitoring", "gpu_memory"], "values": [{"value": 0.8344764709472656, "step": null, "ts": 1666790112.7200181}]}, "version": 78}
{"obj": {"type": "LogStrings", "path": ["monitoring", "stdout"], "values": [{"value": "[LightGBM] [Warning] feature_fraction is set=0.8826634650521443, colsample_bytree=0.42743012049601387 will be ignored. Current value: feature_fraction=0.8826634650521443", "step": null, "ts": 1666790115.4140131}]}, "version": 79}
{"obj": {"type": "LogStrings", "path": ["monitoring", "stdout"], "values": [{"value": "\n", "step": null, "ts": 1666790115.4140131}]}, "version": 80}
{"obj": {"type": "LogStrings", "path": ["monitoring", "stdout"], "values": [{"value": "[LightGBM] [Warning] bagging_fraction is set=0.8624770343179484, subsample=0.6654968272678516 will be ignored. Current value: bagging_fraction=0.8624770343179484", "step": null, "ts": 1666790115.4140131}]}, "version": 81}
{"obj": {"type": "LogStrings", "path": ["monitoring", "stdout"], "values": [{"value": "\n", "step": null, "ts": 1666790115.4140131}]}, "version": 82}
{"obj": {"type": "LogStrings", "path": ["monitoring", "stdout"], "values": [{"value": "[LightGBM] [Warning] feature_fraction is set=0.8826634650521443, colsample_bytree=0.42743012049601387 will be ignored. Current value: feature_fraction=0.8826634650521443", "step": null, "ts": 1666790118.9440074}]}, "version": 83}
{"obj": {"type": "LogStrings", "path": ["monitoring", "stdout"], "values": [{"value": "\n", "step": null, "ts": 1666790118.9440074}]}, "version": 84}
{"obj": {"type": "LogStrings", "path": ["monitoring", "stdout"], "values": [{"value": "[LightGBM] [Warning] bagging_fraction is set=0.8624770343179484, subsample=0.6654968272678516 will be ignored. Current value: bagging_fraction=0.8624770343179484", "step": null, "ts": 1666790118.945007}]}, "version": 85}
{"obj": {"type": "LogStrings", "path": ["monitoring", "stdout"], "values": [{"value": "\n", "step": null, "ts": 1666790118.945007}]}, "version": 86}
{"obj": {"type": "LogStrings", "path": ["monitoring", "stdout"], "values": [{"value": "[LightGBM] [Warning] feature_fraction is set=0.6917689286950937, colsample_bytree=0.7196461367711458 will be ignored. Current value: feature_fraction=0.6917689286950937", "step": null, "ts": 1666790120.4480047}]}, "version": 87}
{"obj": {"type": "LogStrings", "path": ["monitoring", "stdout"], "values": [{"value": "\n", "step": null, "ts": 1666790120.4480047}]}, "version": 88}
{"obj": {"type": "LogStrings", "path": ["monitoring", "stdout"], "values": [{"value": "[LightGBM] [Warning] bagging_fraction is set=0.4754856560957697, subsample=0.5847624426929314 will be ignored. Current value: bagging_fraction=0.4754856560957697", "step": null, "ts": 1666790120.4480047}]}, "version": 89}
{"obj": {"type": "LogStrings", "path": ["monitoring", "stdout"], "values": [{"value": "\n", "step": null, "ts": 1666790120.4480047}]}, "version": 90}
{"obj": {"type": "LogStrings", "path": ["monitoring", "stdout"], "values": [{"value": "[LightGBM] [Warning] feature_fraction is set=0.6917689286950937, colsample_bytree=0.7196461367711458 will be ignored. Current value: feature_fraction=0.6917689286950937", "step": null, "ts": 1666790121.1440032}]}, "version": 91}
{"obj": {"type": "LogStrings", "path": ["monitoring", "stdout"], "values": [{"value": "\n", "step": null, "ts": 1666790121.1440032}]}, "version": 92}
{"obj": {"type": "LogStrings", "path": ["monitoring", "stdout"], "values": [{"value": "[LightGBM] [Warning] bagging_fraction is set=0.4754856560957697, subsample=0.5847624426929314 will be ignored. Current value: bagging_fraction=0.4754856560957697", "step": null, "ts": 1666790121.1450033}]}, "version": 93}
{"obj": {"type": "LogStrings", "path": ["monitoring", "stdout"], "values": [{"value": "\n", "step": null, "ts": 1666790121.1450033}]}, "version": 94}
{"obj": {"type": "LogStrings", "path": ["monitoring", "stdout"], "values": [{"value": "[LightGBM] [Warning] feature_fraction is set=0.6917689286950937, colsample_bytree=0.7196461367711458 will be ignored. Current value: feature_fraction=0.6917689286950937", "step": null, "ts": 1666790121.5200026}]}, "version": 95}
{"obj": {"type": "LogStrings", "path": ["monitoring", "stdout"], "values": [{"value": "\n", "step": null, "ts": 1666790121.5200026}]}, "version": 96}
{"obj": {"type": "LogStrings", "path": ["monitoring", "stdout"], "values": [{"value": "[LightGBM] [Warning] bagging_fraction is set=0.4754856560957697, subsample=0.5847624426929314 will be ignored. Current value: bagging_fraction=0.4754856560957697", "step": null, "ts": 1666790121.5200026}]}, "version": 97}
{"obj": {"type": "LogStrings", "path": ["monitoring", "stdout"], "values": [{"value": "\n", "step": null, "ts": 1666790121.5200026}]}, "version": 98}
{"obj": {"type": "LogFloats", "path": ["monitoring", "cpu"], "values": [{"value": 100.0, "step": null, "ts": 1666790122.7350004}]}, "version": 99}
{"obj": {"type": "LogFloats", "path": ["monitoring", "memory"], "values": [{"value": 6.865177154541016, "step": null, "ts": 1666790122.7350004}]}, "version": 100}
{"obj": {"type": "LogFloats", "path": ["monitoring", "gpu"], "values": [{"value": 18.0, "step": null, "ts": 1666790122.7350004}]}, "version": 101}
{"obj": {"type": "LogFloats", "path": ["monitoring", "gpu_memory"], "values": [{"value": 0.8344764709472656, "step": null, "ts": 1666790122.7350004}]}, "version": 102}
{"obj": {"type": "LogStrings", "path": ["monitoring", "stdout"], "values": [{"value": "[LightGBM] [Warning] feature_fraction is set=0.6917689286950937, colsample_bytree=0.7196461367711458 will be ignored. Current value: feature_fraction=0.6917689286950937", "step": null, "ts": 1666790124.0839982}]}, "version": 103}
{"obj": {"type": "LogStrings", "path": ["monitoring", "stdout"], "values": [{"value": "\n", "step": null, "ts": 1666790124.0839982}]}, "version": 104}
{"obj": {"type": "LogStrings", "path": ["monitoring", "stdout"], "values": [{"value": "[LightGBM] [Warning] bagging_fraction is set=0.4754856560957697, subsample=0.5847624426929314 will be ignored. Current value: bagging_fraction=0.4754856560957697", "step": null, "ts": 1666790124.0839982}]}, "version": 105}
{"obj": {"type": "LogStrings", "path": ["monitoring", "stdout"], "values": [{"value": "\n", "step": null, "ts": 1666790124.0839982}]}, "version": 106}
{"obj": {"type": "LogFloats", "path": ["monitoring", "cpu"], "values": [{"value": 23.0, "step": null, "ts": 1666790132.7459528}]}, "version": 107}
{"obj": {"type": "LogFloats", "path": ["monitoring", "memory"], "values": [{"value": 6.897670745849609, "step": null, "ts": 1666790132.7459528}]}, "version": 108}
{"obj": {"type": "LogFloats", "path": ["monitoring", "gpu_memory"], "values": [{"value": 0.8344764709472656, "step": null, "ts": 1666790132.7459528}]}, "version": 109}
{"obj": {"type": "LogFloats", "path": ["monitoring", "cpu"], "values": [{"value": 1.3, "step": null, "ts": 1666790142.7653773}]}, "version": 110}
{"obj": {"type": "LogFloats", "path": ["monitoring", "memory"], "values": [{"value": 6.874305725097656, "step": null, "ts": 1666790142.7653773}]}, "version": 111}
{"obj": {"type": "LogFloats", "path": ["monitoring", "gpu"], "values": [{"value": 4.0, "step": null, "ts": 1666790142.7653773}]}, "version": 112}
{"obj": {"type": "LogFloats", "path": ["monitoring", "gpu_memory"], "values": [{"value": 0.8344764709472656, "step": null, "ts": 1666790142.7653773}]}, "version": 113}
{"obj": {"type": "LogStrings", "path": ["monitoring", "stdout"], "values": [{"value": "Shutting down background jobs, please wait a moment...\n", "step": null, "ts": 1666790148.4452283}]}, "version": 114}
