{"obj": {"type": "AssignString", "path": ["sys", "name"], "value": "Untitled"}, "version": 1}
{"obj": {"type": "AssignString", "path": ["sys", "description"], "value": ""}, "version": 2}
{"obj": {"type": "AssignString", "path": ["sys", "hostname"], "value": "DESKTOP-0BID4CS"}, "version": 3}
{"obj": {"type": "AssignBool", "path": ["sys", "failed"], "value": false}, "version": 4}
{"obj": {"type": "ClearStringLog", "path": ["monitoring", "stdout"]}, "version": 5}
{"obj": {"type": "ClearStringLog", "path": ["monitoring", "stderr"]}, "version": 6}
{"obj": {"type": "UploadFileSet", "path": ["source_code", "files"], "file_globs": ["C:\\Users\\Chris\\Desktop\\DataScienceProjects\\nba_game_predictor\\07a_xgb_model_test.ipynb"], "reset": "False"}, "version": 7}
{"obj": {"type": "ConfigFloatSeries", "path": ["monitoring", "cpu"], "min": 0.0, "max": 100.0, "unit": "%"}, "version": 8}
{"obj": {"type": "ClearFloatLog", "path": ["monitoring", "cpu"]}, "version": 9}
{"obj": {"type": "ConfigFloatSeries", "path": ["monitoring", "memory"], "min": 0.0, "max": 31.79674530029297, "unit": "GB"}, "version": 10}
{"obj": {"type": "ClearFloatLog", "path": ["monitoring", "memory"]}, "version": 11}
{"obj": {"type": "ConfigFloatSeries", "path": ["monitoring", "gpu"], "min": 0.0, "max": 100.0, "unit": "%"}, "version": 12}
{"obj": {"type": "ClearFloatLog", "path": ["monitoring", "gpu"]}, "version": 13}
{"obj": {"type": "ConfigFloatSeries", "path": ["monitoring", "gpu_memory"], "min": 0.0, "max": 12.0, "unit": "GB"}, "version": 14}
{"obj": {"type": "ClearFloatLog", "path": ["monitoring", "gpu_memory"]}, "version": 15}
{"obj": {"type": "LogStrings", "path": ["monitoring", "stdout"], "values": [{"value": "Remember to stop your run once you\u2019ve finished logging your metadata (https://docs.neptune.ai/api-reference/run#.stop). It will be stopped automatically only when the notebook kernel/interactive console is terminated.\n", "step": null, "ts": 1666531956.1146326}]}, "version": 16}
{"obj": {"type": "LogFloats", "path": ["monitoring", "cpu"], "values": [{"value": 3.2, "step": null, "ts": 1666531956.1116328}]}, "version": 17}
{"obj": {"type": "LogFloats", "path": ["monitoring", "memory"], "values": [{"value": 6.353336334228516, "step": null, "ts": 1666531956.1116328}]}, "version": 18}
{"obj": {"type": "LogFloats", "path": ["monitoring", "gpu_memory"], "values": [{"value": 0.7964630126953125, "step": null, "ts": 1666531956.1116328}]}, "version": 19}
{"obj": {"type": "AssignString", "path": ["note"], "value": " "}, "version": 20}
{"obj": {"type": "LogStrings", "path": ["model", "features"], "values": [{"value": "HOME_TEAM_ID", "step": null, "ts": 1666531956.4529183}, {"value": "VISITOR_TEAM_ID", "step": null, "ts": 1666531956.4529183}, {"value": "SEASON", "step": null, "ts": 1666531956.4529183}, {"value": "PTS_home", "step": null, "ts": 1666531956.4529183}, {"value": "FG_PCT_home", "step": null, "ts": 1666531956.4529183}, {"value": "FT_PCT_home", "step": null, "ts": 1666531956.4529183}, {"value": "FG3_PCT_home", "step": null, "ts": 1666531956.4529183}, {"value": "AST_home", "step": null, "ts": 1666531956.4529183}, {"value": "REB_home", "step": null, "ts": 1666531956.4529183}, {"value": "PTS_away", "step": null, "ts": 1666531956.4529183}]}, "version": 21}
{"obj": {"type": "LogStrings", "path": ["model", "features"], "values": [{"value": "FG_PCT_away", "step": null, "ts": 1666531956.4529183}, {"value": "FT_PCT_away", "step": null, "ts": 1666531956.4529183}, {"value": "FG3_PCT_away", "step": null, "ts": 1666531956.4529183}, {"value": "AST_away", "step": null, "ts": 1666531956.4529183}, {"value": "REB_away", "step": null, "ts": 1666531956.4529183}, {"value": "HOME_TEAM_WINS", "step": null, "ts": 1666531956.4529183}, {"value": "PLAYOFF", "step": null, "ts": 1666531956.4529183}, {"value": "CONFERENCE_x", "step": null, "ts": 1666531956.4529183}, {"value": "G_x", "step": null, "ts": 1666531956.4529183}, {"value": "W_x", "step": null, "ts": 1666531956.4529183}]}, "version": 22}
{"obj": {"type": "LogStrings", "path": ["model", "features"], "values": [{"value": "L_x", "step": null, "ts": 1666531956.4529183}, {"value": "W_PCT_x", "step": null, "ts": 1666531956.4529183}, {"value": "HOME_W_x", "step": null, "ts": 1666531956.4529183}, {"value": "HOME_L_x", "step": null, "ts": 1666531956.4529183}, {"value": "HOME_W_PCT_x", "step": null, "ts": 1666531956.4529183}, {"value": "ROAD_W_x", "step": null, "ts": 1666531956.4529183}, {"value": "ROAD_L_x", "step": null, "ts": 1666531956.4529183}, {"value": "ROAD_W_PCT_x", "step": null, "ts": 1666531956.4529183}, {"value": "CONFERENCE_y", "step": null, "ts": 1666531956.4529183}, {"value": "G_y", "step": null, "ts": 1666531956.4529183}]}, "version": 23}
{"obj": {"type": "LogStrings", "path": ["model", "features"], "values": [{"value": "W_y", "step": null, "ts": 1666531956.4529183}, {"value": "L_y", "step": null, "ts": 1666531956.4529183}, {"value": "W_PCT_y", "step": null, "ts": 1666531956.4529183}, {"value": "HOME_W_y", "step": null, "ts": 1666531956.4529183}, {"value": "HOME_L_y", "step": null, "ts": 1666531956.4529183}, {"value": "HOME_W_PCT_y", "step": null, "ts": 1666531956.4529183}, {"value": "ROAD_W_y", "step": null, "ts": 1666531956.4529183}, {"value": "ROAD_L_y", "step": null, "ts": 1666531956.4529183}, {"value": "ROAD_W_PCT_y", "step": null, "ts": 1666531956.4529183}, {"value": "MONTH", "step": null, "ts": 1666531956.4529183}]}, "version": 24}
{"obj": {"type": "LogStrings", "path": ["model", "features"], "values": [{"value": "HOME_WINPCT_LAST_3_HOME", "step": null, "ts": 1666531956.4529183}, {"value": "HOME_WINPCT_LAST_5_HOME", "step": null, "ts": 1666531956.4529183}, {"value": "HOME_WINPCT_LAST_7_HOME", "step": null, "ts": 1666531956.4529183}, {"value": "HOME_PTS_AVG_LAST_3_HOME", "step": null, "ts": 1666531956.4529183}, {"value": "HOME_PTS_AVG_LAST_5_HOME", "step": null, "ts": 1666531956.4529183}, {"value": "HOME_PTS_AVG_LAST_7_HOME", "step": null, "ts": 1666531956.4529183}, {"value": "HOME_FG_PCT_LAST_3_HOME", "step": null, "ts": 1666531956.4529183}, {"value": "HOME_FG_PCT_LAST_5_HOME", "step": null, "ts": 1666531956.4529183}, {"value": "HOME_FG_PCT_LAST_7_HOME", "step": null, "ts": 1666531956.4529183}, {"value": "HOME_FT_PCT_LAST_3_HOME", "step": null, "ts": 1666531956.4529183}]}, "version": 25}
{"obj": {"type": "LogStrings", "path": ["model", "features"], "values": [{"value": "HOME_FT_PCT_LAST_5_HOME", "step": null, "ts": 1666531956.4529183}, {"value": "HOME_FT_PCT_LAST_7_HOME", "step": null, "ts": 1666531956.4529183}, {"value": "HOME_FG3_PCT_LAST_3_HOME", "step": null, "ts": 1666531956.4529183}, {"value": "HOME_FG3_PCT_LAST_5_HOME", "step": null, "ts": 1666531956.4529183}, {"value": "HOME_FG3_PCT_LAST_7_HOME", "step": null, "ts": 1666531956.4529183}, {"value": "HOME_AST_AVG_LAST_3_HOME", "step": null, "ts": 1666531956.4529183}, {"value": "HOME_AST_AVG_LAST_5_HOME", "step": null, "ts": 1666531956.4529183}, {"value": "HOME_AST_AVG_LAST_7_HOME", "step": null, "ts": 1666531956.4529183}, {"value": "HOME_REB_AVG_LAST_3_HOME", "step": null, "ts": 1666531956.4529183}, {"value": "HOME_REB_AVG_LAST_5_HOME", "step": null, "ts": 1666531956.4529183}]}, "version": 26}
{"obj": {"type": "LogStrings", "path": ["model", "features"], "values": [{"value": "HOME_REB_AVG_LAST_7_HOME", "step": null, "ts": 1666531956.4529183}, {"value": "HOME_TEAM_WIN_STREAK", "step": null, "ts": 1666531956.4529183}, {"value": "VISITOR_WINPCT_LAST_3_AWAY", "step": null, "ts": 1666531956.4529183}, {"value": "VISITOR_WINPCT_LAST_5_AWAY", "step": null, "ts": 1666531956.4529183}, {"value": "VISITOR_WINPCT_LAST_7_AWAY", "step": null, "ts": 1666531956.4529183}, {"value": "VISITOR_PTS_AVG_LAST_3_AWAY", "step": null, "ts": 1666531956.4529183}, {"value": "VISITOR_PTS_AVG_LAST_5_AWAY", "step": null, "ts": 1666531956.4529183}, {"value": "VISITOR_PTS_AVG_LAST_7_AWAY", "step": null, "ts": 1666531956.4529183}, {"value": "VISITOR_FG_PCT_LAST_3_HOME", "step": null, "ts": 1666531956.4529183}, {"value": "VISITOR_FG_PCT_LAST_5_HOME", "step": null, "ts": 1666531956.4529183}]}, "version": 27}
{"obj": {"type": "LogStrings", "path": ["model", "features"], "values": [{"value": "VISITOR_FG_PCT_LAST_7_HOME", "step": null, "ts": 1666531956.4529183}, {"value": "VISITOR_FT_PCT_LAST_3_HOME", "step": null, "ts": 1666531956.4529183}, {"value": "VISITOR_FT_PCT_LAST_5_HOME", "step": null, "ts": 1666531956.4529183}, {"value": "VISITOR_FT_PCT_LAST_7_HOME", "step": null, "ts": 1666531956.4529183}, {"value": "VISITOR_FG3_PCT_LAST_3_HOME", "step": null, "ts": 1666531956.4529183}, {"value": "VISITOR_FG3_PCT_LAST_5_HOME", "step": null, "ts": 1666531956.4529183}, {"value": "VISITOR_FG3_PCT_LAST_7_HOME", "step": null, "ts": 1666531956.4529183}, {"value": "VISITOR_AST_AVG_LAST_3_HOME", "step": null, "ts": 1666531956.4529183}, {"value": "VISITOR_AST_AVG_LAST_5_HOME", "step": null, "ts": 1666531956.4529183}, {"value": "VISITOR_AST_AVG_LAST_7_HOME", "step": null, "ts": 1666531956.4529183}]}, "version": 28}
{"obj": {"type": "LogStrings", "path": ["model", "features"], "values": [{"value": "VISITOR_REB_AVG_LAST_3_HOME", "step": null, "ts": 1666531956.4529183}, {"value": "VISITOR_REB_AVG_LAST_5_HOME", "step": null, "ts": 1666531956.4529183}, {"value": "VISITOR_REB_AVG_LAST_7_HOME", "step": null, "ts": 1666531956.4529183}, {"value": "VISITOR_TEAM_WIN_STREAK", "step": null, "ts": 1666531956.4529183}, {"value": "MATCHUP_WINS_x", "step": null, "ts": 1666531956.4529183}, {"value": "MATCHUP_COUNT_x", "step": null, "ts": 1666531956.4529183}, {"value": "MATCHUP_WINPCT_x", "step": null, "ts": 1666531956.4529183}, {"value": "MATCHUP_WIN_STREAK_x", "step": null, "ts": 1666531956.4529183}, {"value": "WIN_STREAK_x", "step": null, "ts": 1666531956.4529183}, {"value": "HOME_AWAY_STREAK_x", "step": null, "ts": 1666531956.4529183}]}, "version": 29}
{"obj": {"type": "LogStrings", "path": ["model", "features"], "values": [{"value": "WINPCT_LAST_3_ALL_x", "step": null, "ts": 1666531956.4529183}, {"value": "WINPCT_LAST_5_ALL_x", "step": null, "ts": 1666531956.4529183}, {"value": "WINPCT_LAST_7_ALL_x", "step": null, "ts": 1666531956.4529183}, {"value": "WINPCT_LAST_10_ALL_x", "step": null, "ts": 1666531956.4529183}, {"value": "PTS_AVG_LAST_3_ALL_x", "step": null, "ts": 1666531956.4529183}, {"value": "PTS_AVG_LAST_5_ALL_x", "step": null, "ts": 1666531956.4529183}, {"value": "PTS_AVG_LAST_7_ALL_x", "step": null, "ts": 1666531956.4529183}, {"value": "PTS_AVG_LAST_10_ALL_x", "step": null, "ts": 1666531956.4529183}, {"value": "FG_PCT_LAST_3_ALL_x", "step": null, "ts": 1666531956.4529183}, {"value": "FG_PCT_LAST_5_ALL_x", "step": null, "ts": 1666531956.4529183}]}, "version": 30}
{"obj": {"type": "LogStrings", "path": ["model", "features"], "values": [{"value": "FG_PCT_LAST_7_ALL_x", "step": null, "ts": 1666531956.4529183}, {"value": "FG_PCT_LAST_10_ALL_x", "step": null, "ts": 1666531956.4529183}, {"value": "FT_PCT_LAST_3_ALL_x", "step": null, "ts": 1666531956.4529183}, {"value": "FT_PCT_LAST_5_ALL_x", "step": null, "ts": 1666531956.4529183}, {"value": "FT_PCT_LAST_7_ALL_x", "step": null, "ts": 1666531956.4529183}, {"value": "FT_PCT_LAST_10_ALL_x", "step": null, "ts": 1666531956.4529183}, {"value": "AST_AVG_LAST_3_ALL_x", "step": null, "ts": 1666531956.4529183}, {"value": "AST_AVG_LAST_5_ALL_x", "step": null, "ts": 1666531956.4529183}, {"value": "AST_AVG_LAST_7_ALL_x", "step": null, "ts": 1666531956.4529183}, {"value": "AST_AVG_LAST_10_ALL_x", "step": null, "ts": 1666531956.4529183}]}, "version": 31}
{"obj": {"type": "LogStrings", "path": ["model", "features"], "values": [{"value": "REB_AVG_LAST_3_ALL_x", "step": null, "ts": 1666531956.4529183}, {"value": "REB_AVG_LAST_5_ALL_x", "step": null, "ts": 1666531956.4529183}, {"value": "REB_AVG_LAST_7_ALL_x", "step": null, "ts": 1666531956.4529183}, {"value": "REB_AVG_LAST_10_ALL_x", "step": null, "ts": 1666531956.4529183}, {"value": "WIN_STREAK_y", "step": null, "ts": 1666531956.4529183}, {"value": "HOME_AWAY_STREAK_y", "step": null, "ts": 1666531956.4529183}, {"value": "WINPCT_LAST_3_ALL_y", "step": null, "ts": 1666531956.4529183}, {"value": "WINPCT_LAST_5_ALL_y", "step": null, "ts": 1666531956.4529183}, {"value": "WINPCT_LAST_7_ALL_y", "step": null, "ts": 1666531956.4529183}, {"value": "WINPCT_LAST_10_ALL_y", "step": null, "ts": 1666531956.4529183}]}, "version": 32}
{"obj": {"type": "LogStrings", "path": ["model", "features"], "values": [{"value": "PTS_AVG_LAST_3_ALL_y", "step": null, "ts": 1666531956.4529183}, {"value": "PTS_AVG_LAST_5_ALL_y", "step": null, "ts": 1666531956.4529183}, {"value": "PTS_AVG_LAST_7_ALL_y", "step": null, "ts": 1666531956.4529183}, {"value": "PTS_AVG_LAST_10_ALL_y", "step": null, "ts": 1666531956.4529183}, {"value": "FG_PCT_LAST_3_ALL_y", "step": null, "ts": 1666531956.4529183}, {"value": "FG_PCT_LAST_5_ALL_y", "step": null, "ts": 1666531956.4529183}, {"value": "FG_PCT_LAST_7_ALL_y", "step": null, "ts": 1666531956.4529183}, {"value": "FG_PCT_LAST_10_ALL_y", "step": null, "ts": 1666531956.4529183}, {"value": "FT_PCT_LAST_3_ALL_y", "step": null, "ts": 1666531956.4529183}, {"value": "FT_PCT_LAST_5_ALL_y", "step": null, "ts": 1666531956.4529183}]}, "version": 33}
{"obj": {"type": "LogStrings", "path": ["model", "features"], "values": [{"value": "FT_PCT_LAST_7_ALL_y", "step": null, "ts": 1666531956.4529183}, {"value": "FT_PCT_LAST_10_ALL_y", "step": null, "ts": 1666531956.4529183}, {"value": "AST_AVG_LAST_3_ALL_y", "step": null, "ts": 1666531956.4529183}, {"value": "AST_AVG_LAST_5_ALL_y", "step": null, "ts": 1666531956.4529183}, {"value": "AST_AVG_LAST_7_ALL_y", "step": null, "ts": 1666531956.4529183}, {"value": "AST_AVG_LAST_10_ALL_y", "step": null, "ts": 1666531956.4529183}, {"value": "REB_AVG_LAST_3_ALL_y", "step": null, "ts": 1666531956.4529183}, {"value": "REB_AVG_LAST_5_ALL_y", "step": null, "ts": 1666531956.4529183}, {"value": "REB_AVG_LAST_7_ALL_y", "step": null, "ts": 1666531956.4529183}, {"value": "REB_AVG_LAST_10_ALL_y", "step": null, "ts": 1666531956.4529183}]}, "version": 34}
{"obj": {"type": "AssignBool", "path": ["model", "parameters", "GPU"], "value": true}, "version": 35}
{"obj": {"type": "AssignBool", "path": ["model", "parameters", "OPTUNA"], "value": true}, "version": 36}
{"obj": {"type": "AssignInt", "path": ["model", "parameters", "optuna_folds"], "value": 3}, "version": 37}
{"obj": {"type": "AssignInt", "path": ["model", "parameters", "optuna_trials"], "value": 15}, "version": 38}
{"obj": {"type": "AssignInt", "path": ["model", "parameters", "k_folds"], "value": 5}, "version": 39}
{"obj": {"type": "AssignInt", "path": ["model", "parameters", "seed"], "value": 13}, "version": 40}
{"obj": {"type": "AssignInt", "path": ["model", "parameters", "num_boost_round"], "value": 700}, "version": 41}
{"obj": {"type": "AssignBool", "path": ["model", "parameters", "enable_categorical"], "value": true}, "version": 42}
{"obj": {"type": "LogStrings", "path": ["monitoring", "stderr"], "values": [{"value": "\r0it [00:00, ?it/s]", "step": null, "ts": 1666531956.526336}]}, "version": 43}
{"obj": {"type": "AssignString", "path": ["source_code", "integrations", "neptune-xgboost"], "value": "0.10.0"}, "version": 44}
{"obj": {"type": "LogStrings", "path": ["monitoring", "stderr"], "values": [{"value": "", "step": null, "ts": 1666531956.6236506}]}, "version": 45}
{"obj": {"type": "LogStrings", "path": ["monitoring", "stderr"], "values": [{"value": "\r0it [00:00, ?it/s]", "step": null, "ts": 1666531956.6236506}]}, "version": 46}
{"obj": {"type": "LogStrings", "path": ["monitoring", "stderr"], "values": [{"value": "\n", "step": null, "ts": 1666531956.624651}]}, "version": 47}
{"obj": {"type": "LogFloats", "path": ["monitoring", "cpu"], "values": [{"value": 2.8, "step": null, "ts": 1666531966.12016}]}, "version": 48}
{"obj": {"type": "LogFloats", "path": ["monitoring", "memory"], "values": [{"value": 6.368320465087891, "step": null, "ts": 1666531966.12016}]}, "version": 49}
{"obj": {"type": "LogFloats", "path": ["monitoring", "gpu_memory"], "values": [{"value": 0.7964630126953125, "step": null, "ts": 1666531966.12016}]}, "version": 50}
{"obj": {"type": "LogFloats", "path": ["monitoring", "cpu"], "values": [{"value": 1.1, "step": null, "ts": 1666531976.140971}]}, "version": 51}
{"obj": {"type": "LogFloats", "path": ["monitoring", "memory"], "values": [{"value": 6.369728088378906, "step": null, "ts": 1666531976.140971}]}, "version": 52}
{"obj": {"type": "LogFloats", "path": ["monitoring", "gpu_memory"], "values": [{"value": 0.7964630126953125, "step": null, "ts": 1666531976.140971}]}, "version": 53}
{"obj": {"type": "LogFloats", "path": ["monitoring", "cpu"], "values": [{"value": 1.4, "step": null, "ts": 1666531986.1528566}]}, "version": 54}
{"obj": {"type": "LogFloats", "path": ["monitoring", "memory"], "values": [{"value": 6.407524108886719, "step": null, "ts": 1666531986.1528566}]}, "version": 55}
{"obj": {"type": "LogFloats", "path": ["monitoring", "gpu_memory"], "values": [{"value": 0.8275909423828125, "step": null, "ts": 1666531986.1528566}]}, "version": 56}
{"obj": {"type": "LogFloats", "path": ["monitoring", "cpu"], "values": [{"value": 1.2, "step": null, "ts": 1666531996.1603048}]}, "version": 57}
{"obj": {"type": "LogFloats", "path": ["monitoring", "memory"], "values": [{"value": 6.378490447998047, "step": null, "ts": 1666531996.1603048}]}, "version": 58}
{"obj": {"type": "LogFloats", "path": ["monitoring", "gpu"], "values": [{"value": 4.0, "step": null, "ts": 1666531996.1603048}]}, "version": 59}
{"obj": {"type": "LogFloats", "path": ["monitoring", "gpu_memory"], "values": [{"value": 0.7964630126953125, "step": null, "ts": 1666531996.1603048}]}, "version": 60}
{"obj": {"type": "LogStrings", "path": ["monitoring", "stdout"], "values": [{"value": "Shutting down background jobs, please wait a moment...\n", "step": null, "ts": 1666532002.7178822}]}, "version": 61}
