{"obj": {"type": "AssignString", "path": ["sys", "name"], "value": "Untitled"}, "version": 1}
{"obj": {"type": "AssignString", "path": ["sys", "description"], "value": ""}, "version": 2}
{"obj": {"type": "AssignString", "path": ["sys", "hostname"], "value": "DESKTOP-0BID4CS"}, "version": 3}
{"obj": {"type": "AssignBool", "path": ["sys", "failed"], "value": false}, "version": 4}
{"obj": {"type": "ClearStringLog", "path": ["monitoring", "stdout"]}, "version": 5}
{"obj": {"type": "ClearStringLog", "path": ["monitoring", "stderr"]}, "version": 6}
{"obj": {"type": "UploadFileSet", "path": ["source_code", "files"], "file_globs": ["C:\\Users\\Chris\\Desktop\\DataScienceProjects\\nba_game_predictor\\07a_xgb_model_test.ipynb"], "reset": "False"}, "version": 7}
{"obj": {"type": "ConfigFloatSeries", "path": ["monitoring", "cpu"], "min": 0.0, "max": 100.0, "unit": "%"}, "version": 8}
{"obj": {"type": "ClearFloatLog", "path": ["monitoring", "cpu"]}, "version": 9}
{"obj": {"type": "ConfigFloatSeries", "path": ["monitoring", "memory"], "min": 0.0, "max": 31.79674530029297, "unit": "GB"}, "version": 10}
{"obj": {"type": "ClearFloatLog", "path": ["monitoring", "memory"]}, "version": 11}
{"obj": {"type": "ConfigFloatSeries", "path": ["monitoring", "gpu"], "min": 0.0, "max": 100.0, "unit": "%"}, "version": 12}
{"obj": {"type": "ClearFloatLog", "path": ["monitoring", "gpu"]}, "version": 13}
{"obj": {"type": "ConfigFloatSeries", "path": ["monitoring", "gpu_memory"], "min": 0.0, "max": 12.0, "unit": "GB"}, "version": 14}
{"obj": {"type": "ClearFloatLog", "path": ["monitoring", "gpu_memory"]}, "version": 15}
{"obj": {"type": "LogStrings", "path": ["monitoring", "stdout"], "values": [{"value": "Remember to stop your run once you\u2019ve finished logging your metadata (https://docs.neptune.ai/api-reference/run#.stop). It will be stopped automatically only when the notebook kernel/interactive console is terminated.\n", "step": null, "ts": 1666472900.2126572}]}, "version": 16}
{"obj": {"type": "LogFloats", "path": ["monitoring", "cpu"], "values": [{"value": 3.1, "step": null, "ts": 1666472900.2096584}]}, "version": 17}
{"obj": {"type": "LogFloats", "path": ["monitoring", "memory"], "values": [{"value": 6.724205017089844, "step": null, "ts": 1666472900.2096584}]}, "version": 18}
{"obj": {"type": "LogFloats", "path": ["monitoring", "gpu_memory"], "values": [{"value": 0.7721443176269531, "step": null, "ts": 1666472900.2096584}]}, "version": 19}
{"obj": {"type": "LogStrings", "path": ["model", "features"], "values": [{"value": "HOME_TEAM_ID", "step": null, "ts": 1666472900.80614}, {"value": "VISITOR_TEAM_ID", "step": null, "ts": 1666472900.80614}, {"value": "SEASON", "step": null, "ts": 1666472900.80614}, {"value": "PTS_home", "step": null, "ts": 1666472900.80614}, {"value": "FG_PCT_home", "step": null, "ts": 1666472900.80614}, {"value": "FT_PCT_home", "step": null, "ts": 1666472900.80614}, {"value": "FG3_PCT_home", "step": null, "ts": 1666472900.80614}, {"value": "AST_home", "step": null, "ts": 1666472900.80614}, {"value": "REB_home", "step": null, "ts": 1666472900.80614}, {"value": "PTS_away", "step": null, "ts": 1666472900.80614}]}, "version": 20}
{"obj": {"type": "LogStrings", "path": ["model", "features"], "values": [{"value": "FG_PCT_away", "step": null, "ts": 1666472900.80614}, {"value": "FT_PCT_away", "step": null, "ts": 1666472900.80614}, {"value": "FG3_PCT_away", "step": null, "ts": 1666472900.80614}, {"value": "AST_away", "step": null, "ts": 1666472900.80614}, {"value": "REB_away", "step": null, "ts": 1666472900.80614}, {"value": "HOME_TEAM_WINS", "step": null, "ts": 1666472900.80614}, {"value": "PLAYOFF", "step": null, "ts": 1666472900.80614}, {"value": "CONFERENCE_x", "step": null, "ts": 1666472900.80614}, {"value": "G_x", "step": null, "ts": 1666472900.80614}, {"value": "W_x", "step": null, "ts": 1666472900.80614}]}, "version": 21}
{"obj": {"type": "LogStrings", "path": ["model", "features"], "values": [{"value": "L_x", "step": null, "ts": 1666472900.80614}, {"value": "W_PCT_x", "step": null, "ts": 1666472900.80614}, {"value": "HOME_W_x", "step": null, "ts": 1666472900.80614}, {"value": "HOME_L_x", "step": null, "ts": 1666472900.80614}, {"value": "HOME_W_PCT_x", "step": null, "ts": 1666472900.80614}, {"value": "ROAD_W_x", "step": null, "ts": 1666472900.80614}, {"value": "ROAD_L_x", "step": null, "ts": 1666472900.80614}, {"value": "ROAD_W_PCT_x", "step": null, "ts": 1666472900.80614}, {"value": "CONFERENCE_y", "step": null, "ts": 1666472900.80614}, {"value": "G_y", "step": null, "ts": 1666472900.80614}]}, "version": 22}
{"obj": {"type": "LogStrings", "path": ["model", "features"], "values": [{"value": "W_y", "step": null, "ts": 1666472900.80614}, {"value": "L_y", "step": null, "ts": 1666472900.80614}, {"value": "W_PCT_y", "step": null, "ts": 1666472900.80614}, {"value": "HOME_W_y", "step": null, "ts": 1666472900.80614}, {"value": "HOME_L_y", "step": null, "ts": 1666472900.80614}, {"value": "HOME_W_PCT_y", "step": null, "ts": 1666472900.80614}, {"value": "ROAD_W_y", "step": null, "ts": 1666472900.80614}, {"value": "ROAD_L_y", "step": null, "ts": 1666472900.80614}, {"value": "ROAD_W_PCT_y", "step": null, "ts": 1666472900.80614}, {"value": "MONTH", "step": null, "ts": 1666472900.80614}]}, "version": 23}
{"obj": {"type": "LogStrings", "path": ["model", "features"], "values": [{"value": "HOME_WINPCT_LAST_3_HOME", "step": null, "ts": 1666472900.80614}, {"value": "HOME_WINPCT_LAST_5_HOME", "step": null, "ts": 1666472900.80614}, {"value": "HOME_WINPCT_LAST_7_HOME", "step": null, "ts": 1666472900.80614}, {"value": "HOME_PTS_AVG_LAST_3_HOME", "step": null, "ts": 1666472900.80614}, {"value": "HOME_PTS_AVG_LAST_5_HOME", "step": null, "ts": 1666472900.80614}, {"value": "HOME_PTS_AVG_LAST_7_HOME", "step": null, "ts": 1666472900.80614}, {"value": "HOME_FG_PCT_LAST_3_HOME", "step": null, "ts": 1666472900.80614}, {"value": "HOME_FG_PCT_LAST_5_HOME", "step": null, "ts": 1666472900.80614}, {"value": "HOME_FG_PCT_LAST_7_HOME", "step": null, "ts": 1666472900.80614}, {"value": "HOME_FT_PCT_LAST_3_HOME", "step": null, "ts": 1666472900.80614}]}, "version": 24}
{"obj": {"type": "LogStrings", "path": ["model", "features"], "values": [{"value": "HOME_FT_PCT_LAST_5_HOME", "step": null, "ts": 1666472900.80614}, {"value": "HOME_FT_PCT_LAST_7_HOME", "step": null, "ts": 1666472900.80614}, {"value": "HOME_FG3_PCT_LAST_3_HOME", "step": null, "ts": 1666472900.80614}, {"value": "HOME_FG3_PCT_LAST_5_HOME", "step": null, "ts": 1666472900.80614}, {"value": "HOME_FG3_PCT_LAST_7_HOME", "step": null, "ts": 1666472900.80614}, {"value": "HOME_AST_AVG_LAST_3_HOME", "step": null, "ts": 1666472900.80614}, {"value": "HOME_AST_AVG_LAST_5_HOME", "step": null, "ts": 1666472900.80614}, {"value": "HOME_AST_AVG_LAST_7_HOME", "step": null, "ts": 1666472900.80614}, {"value": "HOME_REB_AVG_LAST_3_HOME", "step": null, "ts": 1666472900.80614}, {"value": "HOME_REB_AVG_LAST_5_HOME", "step": null, "ts": 1666472900.80614}]}, "version": 25}
{"obj": {"type": "LogStrings", "path": ["model", "features"], "values": [{"value": "HOME_REB_AVG_LAST_7_HOME", "step": null, "ts": 1666472900.80614}, {"value": "HOME_TEAM_WIN_STREAK", "step": null, "ts": 1666472900.80614}, {"value": "VISITOR_WINPCT_LAST_3_AWAY", "step": null, "ts": 1666472900.80614}, {"value": "VISITOR_WINPCT_LAST_5_AWAY", "step": null, "ts": 1666472900.80614}, {"value": "VISITOR_WINPCT_LAST_7_AWAY", "step": null, "ts": 1666472900.80614}, {"value": "VISITOR_PTS_AVG_LAST_3_AWAY", "step": null, "ts": 1666472900.80614}, {"value": "VISITOR_PTS_AVG_LAST_5_AWAY", "step": null, "ts": 1666472900.80614}, {"value": "VISITOR_PTS_AVG_LAST_7_AWAY", "step": null, "ts": 1666472900.80614}, {"value": "VISITOR_FG_PCT_LAST_3_HOME", "step": null, "ts": 1666472900.80614}, {"value": "VISITOR_FG_PCT_LAST_5_HOME", "step": null, "ts": 1666472900.80614}]}, "version": 26}
{"obj": {"type": "LogStrings", "path": ["model", "features"], "values": [{"value": "VISITOR_FG_PCT_LAST_7_HOME", "step": null, "ts": 1666472900.80614}, {"value": "VISITOR_FT_PCT_LAST_3_HOME", "step": null, "ts": 1666472900.80614}, {"value": "VISITOR_FT_PCT_LAST_5_HOME", "step": null, "ts": 1666472900.80614}, {"value": "VISITOR_FT_PCT_LAST_7_HOME", "step": null, "ts": 1666472900.80614}, {"value": "VISITOR_FG3_PCT_LAST_3_HOME", "step": null, "ts": 1666472900.80614}, {"value": "VISITOR_FG3_PCT_LAST_5_HOME", "step": null, "ts": 1666472900.80614}, {"value": "VISITOR_FG3_PCT_LAST_7_HOME", "step": null, "ts": 1666472900.80614}, {"value": "VISITOR_AST_AVG_LAST_3_HOME", "step": null, "ts": 1666472900.80614}, {"value": "VISITOR_AST_AVG_LAST_5_HOME", "step": null, "ts": 1666472900.80614}, {"value": "VISITOR_AST_AVG_LAST_7_HOME", "step": null, "ts": 1666472900.80614}]}, "version": 27}
{"obj": {"type": "LogStrings", "path": ["model", "features"], "values": [{"value": "VISITOR_REB_AVG_LAST_3_HOME", "step": null, "ts": 1666472900.80614}, {"value": "VISITOR_REB_AVG_LAST_5_HOME", "step": null, "ts": 1666472900.80614}, {"value": "VISITOR_REB_AVG_LAST_7_HOME", "step": null, "ts": 1666472900.80614}, {"value": "VISITOR_TEAM_WIN_STREAK", "step": null, "ts": 1666472900.80614}, {"value": "MATCHUP_WINS_x", "step": null, "ts": 1666472900.80614}, {"value": "MATCHUP_COUNT_x", "step": null, "ts": 1666472900.80614}, {"value": "MATCHUP_WINPCT_x", "step": null, "ts": 1666472900.80614}, {"value": "MATCHUP_WIN_STREAK_x", "step": null, "ts": 1666472900.80614}, {"value": "WIN_STREAK_x", "step": null, "ts": 1666472900.80614}, {"value": "HOME_AWAY_STREAK_x", "step": null, "ts": 1666472900.80614}]}, "version": 28}
{"obj": {"type": "LogStrings", "path": ["model", "features"], "values": [{"value": "WINPCT_LAST_3_ALL_x", "step": null, "ts": 1666472900.80614}, {"value": "WINPCT_LAST_5_ALL_x", "step": null, "ts": 1666472900.80614}, {"value": "WINPCT_LAST_7_ALL_x", "step": null, "ts": 1666472900.80614}, {"value": "WINPCT_LAST_10_ALL_x", "step": null, "ts": 1666472900.80614}, {"value": "PTS_AVG_LAST_3_ALL_x", "step": null, "ts": 1666472900.80614}, {"value": "PTS_AVG_LAST_5_ALL_x", "step": null, "ts": 1666472900.80614}, {"value": "PTS_AVG_LAST_7_ALL_x", "step": null, "ts": 1666472900.80614}, {"value": "PTS_AVG_LAST_10_ALL_x", "step": null, "ts": 1666472900.80614}, {"value": "FG_PCT_LAST_3_ALL_x", "step": null, "ts": 1666472900.80614}, {"value": "FG_PCT_LAST_5_ALL_x", "step": null, "ts": 1666472900.80614}]}, "version": 29}
{"obj": {"type": "LogStrings", "path": ["model", "features"], "values": [{"value": "FG_PCT_LAST_7_ALL_x", "step": null, "ts": 1666472900.80614}, {"value": "FG_PCT_LAST_10_ALL_x", "step": null, "ts": 1666472900.80614}, {"value": "FT_PCT_LAST_3_ALL_x", "step": null, "ts": 1666472900.80614}, {"value": "FT_PCT_LAST_5_ALL_x", "step": null, "ts": 1666472900.80614}, {"value": "FT_PCT_LAST_7_ALL_x", "step": null, "ts": 1666472900.80614}, {"value": "FT_PCT_LAST_10_ALL_x", "step": null, "ts": 1666472900.80614}, {"value": "AST_AVG_LAST_3_ALL_x", "step": null, "ts": 1666472900.80614}, {"value": "AST_AVG_LAST_5_ALL_x", "step": null, "ts": 1666472900.80614}, {"value": "AST_AVG_LAST_7_ALL_x", "step": null, "ts": 1666472900.80614}, {"value": "AST_AVG_LAST_10_ALL_x", "step": null, "ts": 1666472900.80614}]}, "version": 30}
{"obj": {"type": "LogStrings", "path": ["model", "features"], "values": [{"value": "REB_AVG_LAST_3_ALL_x", "step": null, "ts": 1666472900.80614}, {"value": "REB_AVG_LAST_5_ALL_x", "step": null, "ts": 1666472900.80614}, {"value": "REB_AVG_LAST_7_ALL_x", "step": null, "ts": 1666472900.80614}, {"value": "REB_AVG_LAST_10_ALL_x", "step": null, "ts": 1666472900.80614}, {"value": "WIN_STREAK_y", "step": null, "ts": 1666472900.80614}, {"value": "HOME_AWAY_STREAK_y", "step": null, "ts": 1666472900.80614}, {"value": "WINPCT_LAST_3_ALL_y", "step": null, "ts": 1666472900.80614}, {"value": "WINPCT_LAST_5_ALL_y", "step": null, "ts": 1666472900.80614}, {"value": "WINPCT_LAST_7_ALL_y", "step": null, "ts": 1666472900.80614}, {"value": "WINPCT_LAST_10_ALL_y", "step": null, "ts": 1666472900.80614}]}, "version": 31}
{"obj": {"type": "LogStrings", "path": ["model", "features"], "values": [{"value": "PTS_AVG_LAST_3_ALL_y", "step": null, "ts": 1666472900.80614}, {"value": "PTS_AVG_LAST_5_ALL_y", "step": null, "ts": 1666472900.80614}, {"value": "PTS_AVG_LAST_7_ALL_y", "step": null, "ts": 1666472900.80614}, {"value": "PTS_AVG_LAST_10_ALL_y", "step": null, "ts": 1666472900.80614}, {"value": "FG_PCT_LAST_3_ALL_y", "step": null, "ts": 1666472900.80614}, {"value": "FG_PCT_LAST_5_ALL_y", "step": null, "ts": 1666472900.80614}, {"value": "FG_PCT_LAST_7_ALL_y", "step": null, "ts": 1666472900.80614}, {"value": "FG_PCT_LAST_10_ALL_y", "step": null, "ts": 1666472900.80614}, {"value": "FT_PCT_LAST_3_ALL_y", "step": null, "ts": 1666472900.80614}, {"value": "FT_PCT_LAST_5_ALL_y", "step": null, "ts": 1666472900.80614}]}, "version": 32}
{"obj": {"type": "LogStrings", "path": ["model", "features"], "values": [{"value": "FT_PCT_LAST_7_ALL_y", "step": null, "ts": 1666472900.80614}, {"value": "FT_PCT_LAST_10_ALL_y", "step": null, "ts": 1666472900.80614}, {"value": "AST_AVG_LAST_3_ALL_y", "step": null, "ts": 1666472900.80614}, {"value": "AST_AVG_LAST_5_ALL_y", "step": null, "ts": 1666472900.80614}, {"value": "AST_AVG_LAST_7_ALL_y", "step": null, "ts": 1666472900.80614}, {"value": "AST_AVG_LAST_10_ALL_y", "step": null, "ts": 1666472900.80614}, {"value": "REB_AVG_LAST_3_ALL_y", "step": null, "ts": 1666472900.80614}, {"value": "REB_AVG_LAST_5_ALL_y", "step": null, "ts": 1666472900.80614}, {"value": "REB_AVG_LAST_7_ALL_y", "step": null, "ts": 1666472900.80614}, {"value": "REB_AVG_LAST_10_ALL_y", "step": null, "ts": 1666472900.80614}]}, "version": 33}
{"obj": {"type": "AssignInt", "path": ["model", "parameters", "optuna_folds"], "value": 3}, "version": 34}
{"obj": {"type": "AssignInt", "path": ["model", "parameters", "optuna_trials"], "value": 15}, "version": 35}
{"obj": {"type": "AssignInt", "path": ["model", "parameters", "k_folds"], "value": 5}, "version": 36}
{"obj": {"type": "AssignInt", "path": ["model", "parameters", "seed"], "value": 13}, "version": 37}
{"obj": {"type": "AssignInt", "path": ["model", "parameters", "num_boost_round"], "value": 700}, "version": 38}
{"obj": {"type": "LogFloats", "path": ["monitoring", "cpu"], "values": [{"value": 3.3, "step": null, "ts": 1666472910.2159722}]}, "version": 39}
{"obj": {"type": "LogFloats", "path": ["monitoring", "memory"], "values": [{"value": 6.786327362060547, "step": null, "ts": 1666472910.2159722}]}, "version": 40}
{"obj": {"type": "LogFloats", "path": ["monitoring", "gpu"], "values": [{"value": 35.0, "step": null, "ts": 1666472910.2159722}]}, "version": 41}
{"obj": {"type": "LogFloats", "path": ["monitoring", "gpu_memory"], "values": [{"value": 0.7721443176269531, "step": null, "ts": 1666472910.2159722}]}, "version": 42}
{"obj": {"type": "LogFloats", "path": ["monitoring", "cpu"], "values": [{"value": 2.0, "step": null, "ts": 1666472920.232216}]}, "version": 43}
{"obj": {"type": "LogFloats", "path": ["monitoring", "memory"], "values": [{"value": 6.830284118652344, "step": null, "ts": 1666472920.232216}]}, "version": 44}
{"obj": {"type": "LogFloats", "path": ["monitoring", "gpu"], "values": [{"value": 9.0, "step": null, "ts": 1666472920.232216}]}, "version": 45}
{"obj": {"type": "LogFloats", "path": ["monitoring", "gpu_memory"], "values": [{"value": 0.7722663879394531, "step": null, "ts": 1666472920.232216}]}, "version": 46}
{"obj": {"type": "LogFloats", "path": ["monitoring", "cpu"], "values": [{"value": 1.6, "step": null, "ts": 1666472930.2499042}]}, "version": 47}
{"obj": {"type": "LogFloats", "path": ["monitoring", "memory"], "values": [{"value": 6.78936767578125, "step": null, "ts": 1666472930.2499042}]}, "version": 48}
{"obj": {"type": "LogFloats", "path": ["monitoring", "gpu_memory"], "values": [{"value": 0.7722663879394531, "step": null, "ts": 1666472930.2499042}]}, "version": 49}
{"obj": {"type": "LogFloats", "path": ["monitoring", "cpu"], "values": [{"value": 1.7, "step": null, "ts": 1666472940.2590647}]}, "version": 50}
{"obj": {"type": "LogFloats", "path": ["monitoring", "memory"], "values": [{"value": 6.845481872558594, "step": null, "ts": 1666472940.2590647}]}, "version": 51}
{"obj": {"type": "LogFloats", "path": ["monitoring", "gpu"], "values": [{"value": 25.0, "step": null, "ts": 1666472940.2590647}]}, "version": 52}
{"obj": {"type": "LogFloats", "path": ["monitoring", "gpu_memory"], "values": [{"value": 0.7722663879394531, "step": null, "ts": 1666472940.2590647}]}, "version": 53}
{"obj": {"type": "LogFloats", "path": ["monitoring", "cpu"], "values": [{"value": 1.8, "step": null, "ts": 1666472950.2750044}]}, "version": 54}
{"obj": {"type": "LogFloats", "path": ["monitoring", "memory"], "values": [{"value": 6.7878875732421875, "step": null, "ts": 1666472950.2750044}]}, "version": 55}
{"obj": {"type": "LogFloats", "path": ["monitoring", "gpu_memory"], "values": [{"value": 0.7719001770019531, "step": null, "ts": 1666472950.2750044}]}, "version": 56}
{"obj": {"type": "LogFloats", "path": ["monitoring", "cpu"], "values": [{"value": 1.8, "step": null, "ts": 1666472960.2856228}]}, "version": 57}
{"obj": {"type": "LogFloats", "path": ["monitoring", "memory"], "values": [{"value": 6.775508880615234, "step": null, "ts": 1666472960.2856228}]}, "version": 58}
{"obj": {"type": "LogFloats", "path": ["monitoring", "gpu_memory"], "values": [{"value": 0.7722663879394531, "step": null, "ts": 1666472960.2856228}]}, "version": 59}
{"obj": {"type": "LogFloats", "path": ["monitoring", "cpu"], "values": [{"value": 1.7, "step": null, "ts": 1666472970.29862}]}, "version": 60}
{"obj": {"type": "LogFloats", "path": ["monitoring", "memory"], "values": [{"value": 6.753108978271484, "step": null, "ts": 1666472970.29862}]}, "version": 61}
{"obj": {"type": "LogFloats", "path": ["monitoring", "gpu"], "values": [{"value": 18.0, "step": null, "ts": 1666472970.29862}]}, "version": 62}
{"obj": {"type": "LogFloats", "path": ["monitoring", "gpu_memory"], "values": [{"value": 0.7724494934082031, "step": null, "ts": 1666472970.29862}]}, "version": 63}
{"obj": {"type": "LogFloats", "path": ["monitoring", "cpu"], "values": [{"value": 2.3, "step": null, "ts": 1666472980.3168523}]}, "version": 64}
{"obj": {"type": "LogFloats", "path": ["monitoring", "memory"], "values": [{"value": 6.7926483154296875, "step": null, "ts": 1666472980.3168523}]}, "version": 65}
{"obj": {"type": "LogFloats", "path": ["monitoring", "gpu"], "values": [{"value": 19.0, "step": null, "ts": 1666472980.3168523}]}, "version": 66}
{"obj": {"type": "LogFloats", "path": ["monitoring", "gpu_memory"], "values": [{"value": 0.7726325988769531, "step": null, "ts": 1666472980.3168523}]}, "version": 67}
{"obj": {"type": "LogFloats", "path": ["monitoring", "cpu"], "values": [{"value": 2.3, "step": null, "ts": 1666472990.3336215}]}, "version": 68}
{"obj": {"type": "LogFloats", "path": ["monitoring", "memory"], "values": [{"value": 6.7724151611328125, "step": null, "ts": 1666472990.3336215}]}, "version": 69}
{"obj": {"type": "LogFloats", "path": ["monitoring", "gpu_memory"], "values": [{"value": 0.7726325988769531, "step": null, "ts": 1666472990.3336215}]}, "version": 70}
{"obj": {"type": "LogFloats", "path": ["monitoring", "cpu"], "values": [{"value": 1.8, "step": null, "ts": 1666473000.3439343}]}, "version": 71}
{"obj": {"type": "LogFloats", "path": ["monitoring", "memory"], "values": [{"value": 6.8787078857421875, "step": null, "ts": 1666473000.3439343}]}, "version": 72}
{"obj": {"type": "LogFloats", "path": ["monitoring", "gpu"], "values": [{"value": 34.0, "step": null, "ts": 1666473000.3439343}]}, "version": 73}
{"obj": {"type": "LogFloats", "path": ["monitoring", "gpu_memory"], "values": [{"value": 0.8193855285644531, "step": null, "ts": 1666473000.3439343}]}, "version": 74}
{"obj": {"type": "LogFloats", "path": ["monitoring", "cpu"], "values": [{"value": 3.3, "step": null, "ts": 1666473010.359482}]}, "version": 75}
{"obj": {"type": "LogFloats", "path": ["monitoring", "memory"], "values": [{"value": 6.830196380615234, "step": null, "ts": 1666473010.359482}]}, "version": 76}
{"obj": {"type": "LogFloats", "path": ["monitoring", "gpu"], "values": [{"value": 20.0, "step": null, "ts": 1666473010.359482}]}, "version": 77}
{"obj": {"type": "LogFloats", "path": ["monitoring", "gpu_memory"], "values": [{"value": 0.7717781066894531, "step": null, "ts": 1666473010.359482}]}, "version": 78}
{"obj": {"type": "LogFloats", "path": ["monitoring", "cpu"], "values": [{"value": 3.2, "step": null, "ts": 1666473020.3766363}]}, "version": 79}
{"obj": {"type": "LogFloats", "path": ["monitoring", "memory"], "values": [{"value": 6.895580291748047, "step": null, "ts": 1666473020.3766363}]}, "version": 80}
{"obj": {"type": "LogFloats", "path": ["monitoring", "gpu_memory"], "values": [{"value": 0.7719612121582031, "step": null, "ts": 1666473020.3766363}]}, "version": 81}
{"obj": {"type": "LogFloats", "path": ["monitoring", "cpu"], "values": [{"value": 0.8, "step": null, "ts": 1666473030.3988392}]}, "version": 82}
{"obj": {"type": "LogFloats", "path": ["monitoring", "memory"], "values": [{"value": 6.838264465332031, "step": null, "ts": 1666473030.3988392}]}, "version": 83}
{"obj": {"type": "LogFloats", "path": ["monitoring", "gpu_memory"], "values": [{"value": 0.7719612121582031, "step": null, "ts": 1666473030.3988392}]}, "version": 84}
{"obj": {"type": "LogFloats", "path": ["monitoring", "cpu"], "values": [{"value": 1.1, "step": null, "ts": 1666473040.4147806}]}, "version": 85}
{"obj": {"type": "LogFloats", "path": ["monitoring", "memory"], "values": [{"value": 6.828086853027344, "step": null, "ts": 1666473040.4147806}]}, "version": 86}
{"obj": {"type": "LogFloats", "path": ["monitoring", "gpu_memory"], "values": [{"value": 0.7719612121582031, "step": null, "ts": 1666473040.4147806}]}, "version": 87}
{"obj": {"type": "LogFloats", "path": ["monitoring", "cpu"], "values": [{"value": 0.9, "step": null, "ts": 1666473050.433302}]}, "version": 88}
{"obj": {"type": "LogFloats", "path": ["monitoring", "memory"], "values": [{"value": 6.823802947998047, "step": null, "ts": 1666473050.433302}]}, "version": 89}
{"obj": {"type": "LogFloats", "path": ["monitoring", "gpu_memory"], "values": [{"value": 0.7719612121582031, "step": null, "ts": 1666473050.433302}]}, "version": 90}
{"obj": {"type": "LogFloats", "path": ["monitoring", "cpu"], "values": [{"value": 1.5, "step": null, "ts": 1666473060.4514709}]}, "version": 91}
{"obj": {"type": "LogFloats", "path": ["monitoring", "memory"], "values": [{"value": 6.850032806396484, "step": null, "ts": 1666473060.4514709}]}, "version": 92}
{"obj": {"type": "LogFloats", "path": ["monitoring", "gpu_memory"], "values": [{"value": 0.7721443176269531, "step": null, "ts": 1666473060.4514709}]}, "version": 93}
{"obj": {"type": "LogFloats", "path": ["monitoring", "cpu"], "values": [{"value": 2.0, "step": null, "ts": 1666473070.469016}]}, "version": 94}
{"obj": {"type": "LogFloats", "path": ["monitoring", "memory"], "values": [{"value": 6.8427276611328125, "step": null, "ts": 1666473070.469016}]}, "version": 95}
{"obj": {"type": "LogFloats", "path": ["monitoring", "gpu"], "values": [{"value": 7.0, "step": null, "ts": 1666473070.469016}]}, "version": 96}
{"obj": {"type": "LogFloats", "path": ["monitoring", "gpu_memory"], "values": [{"value": 0.7735481262207031, "step": null, "ts": 1666473070.469016}]}, "version": 97}
{"obj": {"type": "LogFloats", "path": ["monitoring", "cpu"], "values": [{"value": 2.2, "step": null, "ts": 1666473080.4790912}]}, "version": 98}
{"obj": {"type": "LogFloats", "path": ["monitoring", "memory"], "values": [{"value": 6.832347869873047, "step": null, "ts": 1666473080.4790912}]}, "version": 99}
{"obj": {"type": "LogFloats", "path": ["monitoring", "gpu_memory"], "values": [{"value": 0.7734260559082031, "step": null, "ts": 1666473080.4790912}]}, "version": 100}
{"obj": {"type": "LogFloats", "path": ["monitoring", "cpu"], "values": [{"value": 1.5, "step": null, "ts": 1666473090.4933805}]}, "version": 101}
{"obj": {"type": "LogFloats", "path": ["monitoring", "memory"], "values": [{"value": 6.803974151611328, "step": null, "ts": 1666473090.4933805}]}, "version": 102}
{"obj": {"type": "LogFloats", "path": ["monitoring", "gpu_memory"], "values": [{"value": 0.7732429504394531, "step": null, "ts": 1666473090.4933805}]}, "version": 103}
{"obj": {"type": "LogFloats", "path": ["monitoring", "cpu"], "values": [{"value": 1.2, "step": null, "ts": 1666473100.5085638}]}, "version": 104}
{"obj": {"type": "LogFloats", "path": ["monitoring", "memory"], "values": [{"value": 6.792167663574219, "step": null, "ts": 1666473100.5085638}]}, "version": 105}
{"obj": {"type": "LogFloats", "path": ["monitoring", "gpu"], "values": [{"value": 13.0, "step": null, "ts": 1666473100.5085638}]}, "version": 106}
{"obj": {"type": "LogFloats", "path": ["monitoring", "gpu_memory"], "values": [{"value": 0.7770271301269531, "step": null, "ts": 1666473100.5085638}]}, "version": 107}
{"obj": {"type": "LogFloats", "path": ["monitoring", "cpu"], "values": [{"value": 2.0, "step": null, "ts": 1666473110.518262}]}, "version": 108}
{"obj": {"type": "LogFloats", "path": ["monitoring", "memory"], "values": [{"value": 6.826976776123047, "step": null, "ts": 1666473110.518262}]}, "version": 109}
{"obj": {"type": "LogFloats", "path": ["monitoring", "gpu"], "values": [{"value": 26.0, "step": null, "ts": 1666473110.518262}]}, "version": 110}
{"obj": {"type": "LogFloats", "path": ["monitoring", "gpu_memory"], "values": [{"value": 0.7773323059082031, "step": null, "ts": 1666473110.518262}]}, "version": 111}
{"obj": {"type": "LogFloats", "path": ["monitoring", "cpu"], "values": [{"value": 2.3, "step": null, "ts": 1666473120.5391567}]}, "version": 112}
{"obj": {"type": "LogFloats", "path": ["monitoring", "memory"], "values": [{"value": 6.920223236083984, "step": null, "ts": 1666473120.5391567}]}, "version": 113}
{"obj": {"type": "LogFloats", "path": ["monitoring", "gpu_memory"], "values": [{"value": 0.8083992004394531, "step": null, "ts": 1666473120.5391567}]}, "version": 114}
{"obj": {"type": "LogFloats", "path": ["monitoring", "cpu"], "values": [{"value": 2.4, "step": null, "ts": 1666473130.5525377}]}, "version": 115}
{"obj": {"type": "LogFloats", "path": ["monitoring", "memory"], "values": [{"value": 6.797367095947266, "step": null, "ts": 1666473130.5525377}]}, "version": 116}
{"obj": {"type": "LogFloats", "path": ["monitoring", "gpu"], "values": [{"value": 25.0, "step": null, "ts": 1666473130.5525377}]}, "version": 117}
{"obj": {"type": "LogFloats", "path": ["monitoring", "gpu_memory"], "values": [{"value": 0.7756843566894531, "step": null, "ts": 1666473130.5525377}]}, "version": 118}
{"obj": {"type": "LogFloats", "path": ["monitoring", "cpu"], "values": [{"value": 0.8, "step": null, "ts": 1666473140.5753455}]}, "version": 119}
{"obj": {"type": "LogFloats", "path": ["monitoring", "memory"], "values": [{"value": 6.773063659667969, "step": null, "ts": 1666473140.5753455}]}, "version": 120}
{"obj": {"type": "LogFloats", "path": ["monitoring", "gpu_memory"], "values": [{"value": 0.7756843566894531, "step": null, "ts": 1666473140.5753455}]}, "version": 121}
{"obj": {"type": "LogFloats", "path": ["monitoring", "cpu"], "values": [{"value": 1.2, "step": null, "ts": 1666473150.5908523}]}, "version": 122}
{"obj": {"type": "LogFloats", "path": ["monitoring", "memory"], "values": [{"value": 6.775642395019531, "step": null, "ts": 1666473150.5908523}]}, "version": 123}
{"obj": {"type": "LogFloats", "path": ["monitoring", "gpu"], "values": [{"value": 3.0, "step": null, "ts": 1666473150.5908523}]}, "version": 124}
{"obj": {"type": "LogFloats", "path": ["monitoring", "gpu_memory"], "values": [{"value": 0.7756843566894531, "step": null, "ts": 1666473150.5908523}]}, "version": 125}
{"obj": {"type": "LogFloats", "path": ["monitoring", "cpu"], "values": [{"value": 1.2, "step": null, "ts": 1666473160.6086152}]}, "version": 126}
{"obj": {"type": "LogFloats", "path": ["monitoring", "memory"], "values": [{"value": 6.769763946533203, "step": null, "ts": 1666473160.6086152}]}, "version": 127}
{"obj": {"type": "LogFloats", "path": ["monitoring", "gpu"], "values": [{"value": 28.0, "step": null, "ts": 1666473160.6086152}]}, "version": 128}
{"obj": {"type": "LogFloats", "path": ["monitoring", "gpu_memory"], "values": [{"value": 0.7756843566894531, "step": null, "ts": 1666473160.6086152}]}, "version": 129}
{"obj": {"type": "LogFloats", "path": ["monitoring", "cpu"], "values": [{"value": 1.7, "step": null, "ts": 1666473170.6228976}]}, "version": 130}
{"obj": {"type": "LogFloats", "path": ["monitoring", "memory"], "values": [{"value": 6.799175262451172, "step": null, "ts": 1666473170.6228976}]}, "version": 131}
{"obj": {"type": "LogFloats", "path": ["monitoring", "gpu"], "values": [{"value": 17.0, "step": null, "ts": 1666473170.6228976}]}, "version": 132}
{"obj": {"type": "LogFloats", "path": ["monitoring", "gpu_memory"], "values": [{"value": 0.7756843566894531, "step": null, "ts": 1666473170.6228976}]}, "version": 133}
{"obj": {"type": "LogFloats", "path": ["monitoring", "cpu"], "values": [{"value": 1.7, "step": null, "ts": 1666473180.6446009}]}, "version": 134}
{"obj": {"type": "LogFloats", "path": ["monitoring", "memory"], "values": [{"value": 6.924980163574219, "step": null, "ts": 1666473180.6446009}]}, "version": 135}
{"obj": {"type": "LogFloats", "path": ["monitoring", "gpu"], "values": [{"value": 43.0, "step": null, "ts": 1666473180.6446009}]}, "version": 136}
{"obj": {"type": "LogFloats", "path": ["monitoring", "gpu_memory"], "values": [{"value": 0.8224372863769531, "step": null, "ts": 1666473180.6446009}]}, "version": 137}
{"obj": {"type": "LogFloats", "path": ["monitoring", "cpu"], "values": [{"value": 1.3, "step": null, "ts": 1666473190.6643453}]}, "version": 138}
{"obj": {"type": "LogFloats", "path": ["monitoring", "memory"], "values": [{"value": 6.792369842529297, "step": null, "ts": 1666473190.6643453}]}, "version": 139}
{"obj": {"type": "LogFloats", "path": ["monitoring", "gpu_memory"], "values": [{"value": 0.7755622863769531, "step": null, "ts": 1666473190.6643453}]}, "version": 140}
{"obj": {"type": "LogFloats", "path": ["monitoring", "cpu"], "values": [{"value": 1.5, "step": null, "ts": 1666473200.6744175}]}, "version": 141}
{"obj": {"type": "LogFloats", "path": ["monitoring", "memory"], "values": [{"value": 6.755607604980469, "step": null, "ts": 1666473200.6744175}]}, "version": 142}
{"obj": {"type": "LogFloats", "path": ["monitoring", "gpu"], "values": [{"value": 11.0, "step": null, "ts": 1666473200.6744175}]}, "version": 143}
{"obj": {"type": "LogFloats", "path": ["monitoring", "gpu_memory"], "values": [{"value": 0.7755622863769531, "step": null, "ts": 1666473200.6744175}]}, "version": 144}
{"obj": {"type": "LogStrings", "path": ["monitoring", "stdout"], "values": [{"value": "Shutting down background jobs, please wait a moment...\n", "step": null, "ts": 1666473203.317263}]}, "version": 145}
