{"obj": {"type": "AssignString", "path": ["sys", "name"], "value": "Untitled"}, "version": 1}
{"obj": {"type": "AssignString", "path": ["sys", "description"], "value": ""}, "version": 2}
{"obj": {"type": "AssignString", "path": ["sys", "hostname"], "value": "DESKTOP-0BID4CS"}, "version": 3}
{"obj": {"type": "AssignBool", "path": ["sys", "failed"], "value": false}, "version": 4}
{"obj": {"type": "ClearStringLog", "path": ["monitoring", "stdout"]}, "version": 5}
{"obj": {"type": "ClearStringLog", "path": ["monitoring", "stderr"]}, "version": 6}
{"obj": {"type": "UploadFileSet", "path": ["source_code", "files"], "file_globs": ["C:\\Users\\Chris\\Desktop\\DataScienceProjects\\nba_game_predictor\\07a_xgb_model_test", "C:\\Users\\Chris\\Desktop\\DataScienceProjects\\nba_game_predictor\\03_train_test_split.ipynb", "C:\\Users\\Chris\\Desktop\\DataScienceProjects\\nba_game_predictor\\05_feature_engineering.ipynb", "C:\\Users\\Chris\\Desktop\\DataScienceProjects\\nba_game_predictor\\06_feature_selection.ipynb"], "reset": "False"}, "version": 7}
{"obj": {"type": "ConfigFloatSeries", "path": ["monitoring", "cpu"], "min": 0.0, "max": 100.0, "unit": "%"}, "version": 8}
{"obj": {"type": "ClearFloatLog", "path": ["monitoring", "cpu"]}, "version": 9}
{"obj": {"type": "ConfigFloatSeries", "path": ["monitoring", "memory"], "min": 0.0, "max": 31.79674530029297, "unit": "GB"}, "version": 10}
{"obj": {"type": "ClearFloatLog", "path": ["monitoring", "memory"]}, "version": 11}
{"obj": {"type": "ConfigFloatSeries", "path": ["monitoring", "gpu"], "min": 0.0, "max": 100.0, "unit": "%"}, "version": 12}
{"obj": {"type": "ClearFloatLog", "path": ["monitoring", "gpu"]}, "version": 13}
{"obj": {"type": "ConfigFloatSeries", "path": ["monitoring", "gpu_memory"], "min": 0.0, "max": 12.0, "unit": "GB"}, "version": 14}
{"obj": {"type": "ClearFloatLog", "path": ["monitoring", "gpu_memory"]}, "version": 15}
{"obj": {"type": "LogStrings", "path": ["monitoring", "stdout"], "values": [{"value": "Remember to stop your run once you\u2019ve finished logging your metadata (https://docs.neptune.ai/api-reference/run#.stop). It will be stopped automatically only when the notebook kernel/interactive console is terminated.\n", "step": null, "ts": 1666876949.77132}]}, "version": 16}
{"obj": {"type": "LogFloats", "path": ["monitoring", "cpu"], "values": [{"value": 2.1, "step": null, "ts": 1666876949.76932}]}, "version": 17}
{"obj": {"type": "LogFloats", "path": ["monitoring", "memory"], "values": [{"value": 7.19830322265625, "step": null, "ts": 1666876949.76932}]}, "version": 18}
{"obj": {"type": "LogFloats", "path": ["monitoring", "gpu"], "values": [{"value": 28.0, "step": null, "ts": 1666876949.76932}]}, "version": 19}
{"obj": {"type": "LogFloats", "path": ["monitoring", "gpu_memory"], "values": [{"value": 0.8058662414550781, "step": null, "ts": 1666876949.76932}]}, "version": 20}
{"obj": {"type": "AssignString", "path": ["source_code", "integrations", "neptune-xgboost"], "value": "0.10.0"}, "version": 21}
{"obj": {"type": "AssignString", "path": ["note"], "value": "Test"}, "version": 22}
{"obj": {"type": "AddStrings", "path": ["sys", "tags"], "values": ["xgboost"]}, "version": 23}
{"obj": {"type": "AssignString", "path": ["dataset", "train"], "value": "train_selected.csv"}, "version": 24}
{"obj": {"type": "AssignString", "path": ["dataset", "test"], "value": "test_selected.csv"}, "version": 25}
{"obj": {"type": "AssignBool", "path": ["model", "parameters", "GPU"], "value": true}, "version": 26}
{"obj": {"type": "AssignBool", "path": ["model", "parameters", "OPTUNA"], "value": false}, "version": 27}
{"obj": {"type": "AssignInt", "path": ["model", "parameters", "k_folds"], "value": 5}, "version": 28}
{"obj": {"type": "AssignInt", "path": ["model", "parameters", "seed"], "value": 13}, "version": 29}
{"obj": {"type": "AssignInt", "path": ["model", "parameters", "num_boost_round"], "value": 2000}, "version": 30}
{"obj": {"type": "AssignBool", "path": ["model", "parameters", "enable_categorical"], "value": true}, "version": 31}
{"obj": {"type": "LogStrings", "path": ["model", "features"], "values": [{"value": "HOME_TEAM_ID", "step": null, "ts": 1666876950.1562152}, {"value": "VISITOR_TEAM_ID", "step": null, "ts": 1666876950.1562152}, {"value": "SEASON", "step": null, "ts": 1666876950.1562152}, {"value": "PTS_home", "step": null, "ts": 1666876950.1562152}, {"value": "FG_PCT_home", "step": null, "ts": 1666876950.1562152}, {"value": "FT_PCT_home", "step": null, "ts": 1666876950.1562152}, {"value": "FG3_PCT_home", "step": null, "ts": 1666876950.1562152}, {"value": "AST_home", "step": null, "ts": 1666876950.1562152}, {"value": "REB_home", "step": null, "ts": 1666876950.1562152}, {"value": "PTS_away", "step": null, "ts": 1666876950.1562152}]}, "version": 32}
{"obj": {"type": "LogStrings", "path": ["model", "features"], "values": [{"value": "FG_PCT_away", "step": null, "ts": 1666876950.1562152}, {"value": "FT_PCT_away", "step": null, "ts": 1666876950.1562152}, {"value": "FG3_PCT_away", "step": null, "ts": 1666876950.1562152}, {"value": "AST_away", "step": null, "ts": 1666876950.1562152}, {"value": "REB_away", "step": null, "ts": 1666876950.1562152}, {"value": "HOME_TEAM_WINS", "step": null, "ts": 1666876950.1562152}, {"value": "PLAYOFF", "step": null, "ts": 1666876950.1562152}, {"value": "CONFERENCE_x", "step": null, "ts": 1666876950.1562152}, {"value": "G_x", "step": null, "ts": 1666876950.1562152}, {"value": "W_x", "step": null, "ts": 1666876950.1562152}]}, "version": 33}
{"obj": {"type": "LogStrings", "path": ["model", "features"], "values": [{"value": "L_x", "step": null, "ts": 1666876950.1562152}, {"value": "W_PCT_x", "step": null, "ts": 1666876950.1562152}, {"value": "HOME_W_x", "step": null, "ts": 1666876950.1562152}, {"value": "HOME_L_x", "step": null, "ts": 1666876950.1562152}, {"value": "HOME_W_PCT_x", "step": null, "ts": 1666876950.1562152}, {"value": "ROAD_W_x", "step": null, "ts": 1666876950.1562152}, {"value": "ROAD_L_x", "step": null, "ts": 1666876950.1562152}, {"value": "ROAD_W_PCT_x", "step": null, "ts": 1666876950.1562152}, {"value": "CONFERENCE_y", "step": null, "ts": 1666876950.1562152}, {"value": "G_y", "step": null, "ts": 1666876950.1562152}]}, "version": 34}
{"obj": {"type": "LogStrings", "path": ["model", "features"], "values": [{"value": "W_y", "step": null, "ts": 1666876950.1562152}, {"value": "L_y", "step": null, "ts": 1666876950.1562152}, {"value": "W_PCT_y", "step": null, "ts": 1666876950.1562152}, {"value": "HOME_W_y", "step": null, "ts": 1666876950.1562152}, {"value": "HOME_L_y", "step": null, "ts": 1666876950.1562152}, {"value": "HOME_W_PCT_y", "step": null, "ts": 1666876950.1562152}, {"value": "ROAD_W_y", "step": null, "ts": 1666876950.1562152}, {"value": "ROAD_L_y", "step": null, "ts": 1666876950.1562152}, {"value": "ROAD_W_PCT_y", "step": null, "ts": 1666876950.1562152}, {"value": "MONTH", "step": null, "ts": 1666876950.1562152}]}, "version": 35}
{"obj": {"type": "LogStrings", "path": ["model", "features"], "values": [{"value": "HOME_WINPCT_LAST_3_HOME", "step": null, "ts": 1666876950.1562152}, {"value": "HOME_WINPCT_LAST_5_HOME", "step": null, "ts": 1666876950.1562152}, {"value": "HOME_WINPCT_LAST_7_HOME", "step": null, "ts": 1666876950.1562152}, {"value": "HOME_PTS_AVG_LAST_3_HOME", "step": null, "ts": 1666876950.1562152}, {"value": "HOME_PTS_AVG_LAST_5_HOME", "step": null, "ts": 1666876950.1562152}, {"value": "HOME_PTS_AVG_LAST_7_HOME", "step": null, "ts": 1666876950.1562152}, {"value": "HOME_FG_PCT_LAST_3_HOME", "step": null, "ts": 1666876950.1562152}, {"value": "HOME_FG_PCT_LAST_5_HOME", "step": null, "ts": 1666876950.1562152}, {"value": "HOME_FG_PCT_LAST_7_HOME", "step": null, "ts": 1666876950.1562152}, {"value": "HOME_FT_PCT_LAST_3_HOME", "step": null, "ts": 1666876950.1562152}]}, "version": 36}
{"obj": {"type": "LogStrings", "path": ["model", "features"], "values": [{"value": "HOME_FT_PCT_LAST_5_HOME", "step": null, "ts": 1666876950.1562152}, {"value": "HOME_FT_PCT_LAST_7_HOME", "step": null, "ts": 1666876950.1562152}, {"value": "HOME_FG3_PCT_LAST_3_HOME", "step": null, "ts": 1666876950.1562152}, {"value": "HOME_FG3_PCT_LAST_5_HOME", "step": null, "ts": 1666876950.1562152}, {"value": "HOME_FG3_PCT_LAST_7_HOME", "step": null, "ts": 1666876950.1562152}, {"value": "HOME_AST_AVG_LAST_3_HOME", "step": null, "ts": 1666876950.1562152}, {"value": "HOME_AST_AVG_LAST_5_HOME", "step": null, "ts": 1666876950.1562152}, {"value": "HOME_AST_AVG_LAST_7_HOME", "step": null, "ts": 1666876950.1562152}, {"value": "HOME_REB_AVG_LAST_3_HOME", "step": null, "ts": 1666876950.1562152}, {"value": "HOME_REB_AVG_LAST_5_HOME", "step": null, "ts": 1666876950.1562152}]}, "version": 37}
{"obj": {"type": "LogStrings", "path": ["model", "features"], "values": [{"value": "HOME_REB_AVG_LAST_7_HOME", "step": null, "ts": 1666876950.1562152}, {"value": "HOME_TEAM_WIN_STREAK", "step": null, "ts": 1666876950.1562152}, {"value": "VISITOR_WINPCT_LAST_3_AWAY", "step": null, "ts": 1666876950.1562152}, {"value": "VISITOR_WINPCT_LAST_5_AWAY", "step": null, "ts": 1666876950.1562152}, {"value": "VISITOR_WINPCT_LAST_7_AWAY", "step": null, "ts": 1666876950.1562152}, {"value": "VISITOR_PTS_AVG_LAST_3_AWAY", "step": null, "ts": 1666876950.1562152}, {"value": "VISITOR_PTS_AVG_LAST_5_AWAY", "step": null, "ts": 1666876950.1562152}, {"value": "VISITOR_PTS_AVG_LAST_7_AWAY", "step": null, "ts": 1666876950.1562152}, {"value": "VISITOR_FG_PCT_LAST_3_HOME", "step": null, "ts": 1666876950.1562152}, {"value": "VISITOR_FG_PCT_LAST_5_HOME", "step": null, "ts": 1666876950.1562152}]}, "version": 38}
{"obj": {"type": "LogStrings", "path": ["model", "features"], "values": [{"value": "VISITOR_FG_PCT_LAST_7_HOME", "step": null, "ts": 1666876950.1562152}, {"value": "VISITOR_FT_PCT_LAST_3_HOME", "step": null, "ts": 1666876950.1562152}, {"value": "VISITOR_FT_PCT_LAST_5_HOME", "step": null, "ts": 1666876950.1562152}, {"value": "VISITOR_FT_PCT_LAST_7_HOME", "step": null, "ts": 1666876950.1562152}, {"value": "VISITOR_FG3_PCT_LAST_3_HOME", "step": null, "ts": 1666876950.1562152}, {"value": "VISITOR_FG3_PCT_LAST_5_HOME", "step": null, "ts": 1666876950.1562152}, {"value": "VISITOR_FG3_PCT_LAST_7_HOME", "step": null, "ts": 1666876950.1562152}, {"value": "VISITOR_AST_AVG_LAST_3_HOME", "step": null, "ts": 1666876950.1562152}, {"value": "VISITOR_AST_AVG_LAST_5_HOME", "step": null, "ts": 1666876950.1562152}, {"value": "VISITOR_AST_AVG_LAST_7_HOME", "step": null, "ts": 1666876950.1562152}]}, "version": 39}
{"obj": {"type": "LogStrings", "path": ["model", "features"], "values": [{"value": "VISITOR_REB_AVG_LAST_3_HOME", "step": null, "ts": 1666876950.1562152}, {"value": "VISITOR_REB_AVG_LAST_5_HOME", "step": null, "ts": 1666876950.1562152}, {"value": "VISITOR_REB_AVG_LAST_7_HOME", "step": null, "ts": 1666876950.1562152}, {"value": "VISITOR_TEAM_WIN_STREAK", "step": null, "ts": 1666876950.1562152}, {"value": "MATCHUP_WINS_x", "step": null, "ts": 1666876950.1562152}, {"value": "MATCHUP_COUNT_x", "step": null, "ts": 1666876950.1562152}, {"value": "MATCHUP_WINPCT_x", "step": null, "ts": 1666876950.1562152}, {"value": "MATCHUP_WIN_STREAK_x", "step": null, "ts": 1666876950.1562152}, {"value": "WIN_STREAK_x", "step": null, "ts": 1666876950.1562152}, {"value": "HOME_AWAY_STREAK_x", "step": null, "ts": 1666876950.1562152}]}, "version": 40}
{"obj": {"type": "LogStrings", "path": ["model", "features"], "values": [{"value": "WINPCT_LAST_3_ALL_x", "step": null, "ts": 1666876950.1562152}, {"value": "WINPCT_LAST_5_ALL_x", "step": null, "ts": 1666876950.1562152}, {"value": "WINPCT_LAST_7_ALL_x", "step": null, "ts": 1666876950.1562152}, {"value": "WINPCT_LAST_10_ALL_x", "step": null, "ts": 1666876950.1562152}, {"value": "PTS_AVG_LAST_3_ALL_x", "step": null, "ts": 1666876950.1562152}, {"value": "PTS_AVG_LAST_5_ALL_x", "step": null, "ts": 1666876950.1562152}, {"value": "PTS_AVG_LAST_7_ALL_x", "step": null, "ts": 1666876950.1562152}, {"value": "PTS_AVG_LAST_10_ALL_x", "step": null, "ts": 1666876950.1562152}, {"value": "FG_PCT_LAST_3_ALL_x", "step": null, "ts": 1666876950.1562152}, {"value": "FG_PCT_LAST_5_ALL_x", "step": null, "ts": 1666876950.1562152}]}, "version": 41}
{"obj": {"type": "LogStrings", "path": ["model", "features"], "values": [{"value": "FG_PCT_LAST_7_ALL_x", "step": null, "ts": 1666876950.1562152}, {"value": "FG_PCT_LAST_10_ALL_x", "step": null, "ts": 1666876950.1562152}, {"value": "FT_PCT_LAST_3_ALL_x", "step": null, "ts": 1666876950.1562152}, {"value": "FT_PCT_LAST_5_ALL_x", "step": null, "ts": 1666876950.1562152}, {"value": "FT_PCT_LAST_7_ALL_x", "step": null, "ts": 1666876950.1562152}, {"value": "FT_PCT_LAST_10_ALL_x", "step": null, "ts": 1666876950.1562152}, {"value": "AST_AVG_LAST_3_ALL_x", "step": null, "ts": 1666876950.1562152}, {"value": "AST_AVG_LAST_5_ALL_x", "step": null, "ts": 1666876950.1562152}, {"value": "AST_AVG_LAST_7_ALL_x", "step": null, "ts": 1666876950.1562152}, {"value": "AST_AVG_LAST_10_ALL_x", "step": null, "ts": 1666876950.1562152}]}, "version": 42}
{"obj": {"type": "LogStrings", "path": ["model", "features"], "values": [{"value": "REB_AVG_LAST_3_ALL_x", "step": null, "ts": 1666876950.1562152}, {"value": "REB_AVG_LAST_5_ALL_x", "step": null, "ts": 1666876950.1562152}, {"value": "REB_AVG_LAST_7_ALL_x", "step": null, "ts": 1666876950.1562152}, {"value": "REB_AVG_LAST_10_ALL_x", "step": null, "ts": 1666876950.1562152}, {"value": "WIN_STREAK_y", "step": null, "ts": 1666876950.1562152}, {"value": "HOME_AWAY_STREAK_y", "step": null, "ts": 1666876950.1562152}, {"value": "WINPCT_LAST_3_ALL_y", "step": null, "ts": 1666876950.1562152}, {"value": "WINPCT_LAST_5_ALL_y", "step": null, "ts": 1666876950.1562152}, {"value": "WINPCT_LAST_7_ALL_y", "step": null, "ts": 1666876950.1562152}, {"value": "WINPCT_LAST_10_ALL_y", "step": null, "ts": 1666876950.1562152}]}, "version": 43}
{"obj": {"type": "LogStrings", "path": ["model", "features"], "values": [{"value": "PTS_AVG_LAST_3_ALL_y", "step": null, "ts": 1666876950.1562152}, {"value": "PTS_AVG_LAST_5_ALL_y", "step": null, "ts": 1666876950.1562152}, {"value": "PTS_AVG_LAST_7_ALL_y", "step": null, "ts": 1666876950.1562152}, {"value": "PTS_AVG_LAST_10_ALL_y", "step": null, "ts": 1666876950.1562152}, {"value": "FG_PCT_LAST_3_ALL_y", "step": null, "ts": 1666876950.1562152}, {"value": "FG_PCT_LAST_5_ALL_y", "step": null, "ts": 1666876950.1562152}, {"value": "FG_PCT_LAST_7_ALL_y", "step": null, "ts": 1666876950.1562152}, {"value": "FG_PCT_LAST_10_ALL_y", "step": null, "ts": 1666876950.1562152}, {"value": "FT_PCT_LAST_3_ALL_y", "step": null, "ts": 1666876950.1562152}, {"value": "FT_PCT_LAST_5_ALL_y", "step": null, "ts": 1666876950.1562152}]}, "version": 44}
{"obj": {"type": "LogStrings", "path": ["model", "features"], "values": [{"value": "FT_PCT_LAST_7_ALL_y", "step": null, "ts": 1666876950.1562152}, {"value": "FT_PCT_LAST_10_ALL_y", "step": null, "ts": 1666876950.1562152}, {"value": "AST_AVG_LAST_3_ALL_y", "step": null, "ts": 1666876950.1562152}, {"value": "AST_AVG_LAST_5_ALL_y", "step": null, "ts": 1666876950.1562152}, {"value": "AST_AVG_LAST_7_ALL_y", "step": null, "ts": 1666876950.1562152}, {"value": "AST_AVG_LAST_10_ALL_y", "step": null, "ts": 1666876950.1562152}, {"value": "REB_AVG_LAST_3_ALL_y", "step": null, "ts": 1666876950.1562152}, {"value": "REB_AVG_LAST_5_ALL_y", "step": null, "ts": 1666876950.1562152}, {"value": "REB_AVG_LAST_7_ALL_y", "step": null, "ts": 1666876950.1562152}, {"value": "REB_AVG_LAST_10_ALL_y", "step": null, "ts": 1666876950.1562152}]}, "version": 45}
{"obj": {"type": "AssignInt", "path": ["model", "params", "seed"], "value": 13}, "version": 46}
{"obj": {"type": "AssignString", "path": ["model", "params", "eval_metric"], "value": "auc"}, "version": 47}
{"obj": {"type": "AssignString", "path": ["model", "params", "objective"], "value": "binary:logistic"}, "version": 48}
{"obj": {"type": "AssignInt", "path": ["model", "params", "verbosity"], "value": 0}, "version": 49}
{"obj": {"type": "AssignString", "path": ["model", "params", "tree_method"], "value": "gpu_hist"}, "version": 50}
{"obj": {"type": "AssignString", "path": ["model", "params", "predictor"], "value": "gpu_predictor"}, "version": 51}
{"obj": {"type": "AssignInt", "path": ["model", "params", "num_round"], "value": 917}, "version": 52}
{"obj": {"type": "AssignFloat", "path": ["model", "params", "learning_rate"], "value": 0.018780233257619766}, "version": 53}
{"obj": {"type": "AssignInt", "path": ["model", "params", "max_bin"], "value": 941}, "version": 54}
{"obj": {"type": "AssignInt", "path": ["model", "params", "max_depth"], "value": 2}, "version": 55}
{"obj": {"type": "AssignFloat", "path": ["model", "params", "alpha"], "value": 10.915599698924975}, "version": 56}
{"obj": {"type": "AssignFloat", "path": ["model", "params", "gamma"], "value": 4.570365632036267}, "version": 57}
{"obj": {"type": "AssignFloat", "path": ["model", "params", "reg_lambda"], "value": 8.835161122765943}, "version": 58}
{"obj": {"type": "AssignFloat", "path": ["model", "params", "colsample_bytree"], "value": 0.19214576688970492}, "version": 59}
{"obj": {"type": "AssignFloat", "path": ["model", "params", "subsample"], "value": 0.9902364838077369}, "version": 60}
{"obj": {"type": "AssignFloat", "path": ["model", "params", "min_child_weight"], "value": 11.925116978302148}, "version": 61}
{"obj": {"type": "AssignInt", "path": ["model", "params", "scale_pos_weight"], "value": 8}, "version": 62}
{"obj": {"type": "LogFloats", "path": ["monitoring", "cpu"], "values": [{"value": 2.0, "step": null, "ts": 1666876959.7835724}]}, "version": 63}
{"obj": {"type": "LogFloats", "path": ["monitoring", "memory"], "values": [{"value": 7.153511047363281, "step": null, "ts": 1666876959.7835724}]}, "version": 64}
{"obj": {"type": "LogFloats", "path": ["monitoring", "gpu_memory"], "values": [{"value": 0.8058662414550781, "step": null, "ts": 1666876959.7835724}]}, "version": 65}
{"obj": {"type": "LogStrings", "path": ["monitoring", "stdout"], "values": [{"value": "Shutting down background jobs, please wait a moment...\n", "step": null, "ts": 1666876969.3674135}]}, "version": 66}
