{"obj": {"type": "AssignString", "path": ["sys", "name"], "value": "Untitled"}, "version": 1}
{"obj": {"type": "AssignString", "path": ["sys", "description"], "value": ""}, "version": 2}
{"obj": {"type": "AssignString", "path": ["sys", "hostname"], "value": "DESKTOP-0BID4CS"}, "version": 3}
{"obj": {"type": "AssignBool", "path": ["sys", "failed"], "value": false}, "version": 4}
{"obj": {"type": "ClearStringLog", "path": ["monitoring", "stdout"]}, "version": 5}
{"obj": {"type": "ClearStringLog", "path": ["monitoring", "stderr"]}, "version": 6}
{"obj": {"type": "UploadFileSet", "path": ["source_code", "files"], "file_globs": ["C:\\Users\\Chris\\Desktop\\DataScienceProjects\\nba_game_predictor\\07a_xgb_model_test.ipynb"], "reset": "False"}, "version": 7}
{"obj": {"type": "ConfigFloatSeries", "path": ["monitoring", "cpu"], "min": 0.0, "max": 100.0, "unit": "%"}, "version": 8}
{"obj": {"type": "ClearFloatLog", "path": ["monitoring", "cpu"]}, "version": 9}
{"obj": {"type": "ConfigFloatSeries", "path": ["monitoring", "memory"], "min": 0.0, "max": 31.79674530029297, "unit": "GB"}, "version": 10}
{"obj": {"type": "ClearFloatLog", "path": ["monitoring", "memory"]}, "version": 11}
{"obj": {"type": "ConfigFloatSeries", "path": ["monitoring", "gpu"], "min": 0.0, "max": 100.0, "unit": "%"}, "version": 12}
{"obj": {"type": "ClearFloatLog", "path": ["monitoring", "gpu"]}, "version": 13}
{"obj": {"type": "ConfigFloatSeries", "path": ["monitoring", "gpu_memory"], "min": 0.0, "max": 12.0, "unit": "GB"}, "version": 14}
{"obj": {"type": "ClearFloatLog", "path": ["monitoring", "gpu_memory"]}, "version": 15}
{"obj": {"type": "LogStrings", "path": ["monitoring", "stdout"], "values": [{"value": "Remember to stop your run once you\u2019ve finished logging your metadata (https://docs.neptune.ai/api-reference/run#.stop). It will be stopped automatically only when the notebook kernel/interactive console is terminated.\n", "step": null, "ts": 1666701246.8240547}]}, "version": 16}
{"obj": {"type": "LogFloats", "path": ["monitoring", "cpu"], "values": [{"value": 3.8, "step": null, "ts": 1666701246.8220065}]}, "version": 17}
{"obj": {"type": "LogFloats", "path": ["monitoring", "memory"], "values": [{"value": 6.151111602783203, "step": null, "ts": 1666701246.8220065}]}, "version": 18}
{"obj": {"type": "LogFloats", "path": ["monitoring", "gpu_memory"], "values": [{"value": 0.7950668334960938, "step": null, "ts": 1666701246.8220065}]}, "version": 19}
{"obj": {"type": "AssignString", "path": ["note"], "value": "Test"}, "version": 20}
{"obj": {"type": "AssignBool", "path": ["model", "parameters", "GPU"], "value": true}, "version": 21}
{"obj": {"type": "AssignBool", "path": ["model", "parameters", "OPTUNA"], "value": true}, "version": 22}
{"obj": {"type": "AssignString", "path": ["model", "parameters", "optuna_cv"], "value": "TimeSeriesSplit"}, "version": 23}
{"obj": {"type": "AssignInt", "path": ["model", "parameters", "optuna_folds"], "value": 5}, "version": 24}
{"obj": {"type": "AssignInt", "path": ["model", "parameters", "optuna_trials"], "value": 50}, "version": 25}
{"obj": {"type": "AssignInt", "path": ["model", "parameters", "k_folds"], "value": 5}, "version": 26}
{"obj": {"type": "AssignInt", "path": ["model", "parameters", "seed"], "value": 13}, "version": 27}
{"obj": {"type": "AssignInt", "path": ["model", "parameters", "num_boost_round"], "value": 700}, "version": 28}
{"obj": {"type": "AssignBool", "path": ["model", "parameters", "enable_categorical"], "value": true}, "version": 29}
{"obj": {"type": "LogStrings", "path": ["model", "features"], "values": [{"value": "HOME_TEAM_ID", "step": null, "ts": 1666701247.3749976}, {"value": "VISITOR_TEAM_ID", "step": null, "ts": 1666701247.3749976}, {"value": "SEASON", "step": null, "ts": 1666701247.3749976}, {"value": "PTS_home", "step": null, "ts": 1666701247.3749976}, {"value": "FG_PCT_home", "step": null, "ts": 1666701247.3749976}, {"value": "FT_PCT_home", "step": null, "ts": 1666701247.3749976}, {"value": "FG3_PCT_home", "step": null, "ts": 1666701247.3749976}, {"value": "AST_home", "step": null, "ts": 1666701247.3749976}, {"value": "REB_home", "step": null, "ts": 1666701247.3749976}, {"value": "PTS_away", "step": null, "ts": 1666701247.3749976}]}, "version": 30}
{"obj": {"type": "LogStrings", "path": ["model", "features"], "values": [{"value": "FG_PCT_away", "step": null, "ts": 1666701247.3749976}, {"value": "FT_PCT_away", "step": null, "ts": 1666701247.3749976}, {"value": "FG3_PCT_away", "step": null, "ts": 1666701247.3749976}, {"value": "AST_away", "step": null, "ts": 1666701247.3749976}, {"value": "REB_away", "step": null, "ts": 1666701247.3749976}, {"value": "HOME_TEAM_WINS", "step": null, "ts": 1666701247.3749976}, {"value": "PLAYOFF", "step": null, "ts": 1666701247.3749976}, {"value": "CONFERENCE_x", "step": null, "ts": 1666701247.3749976}, {"value": "G_x", "step": null, "ts": 1666701247.3749976}, {"value": "W_x", "step": null, "ts": 1666701247.3749976}]}, "version": 31}
{"obj": {"type": "LogStrings", "path": ["model", "features"], "values": [{"value": "L_x", "step": null, "ts": 1666701247.3749976}, {"value": "W_PCT_x", "step": null, "ts": 1666701247.3749976}, {"value": "HOME_W_x", "step": null, "ts": 1666701247.3749976}, {"value": "HOME_L_x", "step": null, "ts": 1666701247.3749976}, {"value": "HOME_W_PCT_x", "step": null, "ts": 1666701247.3749976}, {"value": "ROAD_W_x", "step": null, "ts": 1666701247.3749976}, {"value": "ROAD_L_x", "step": null, "ts": 1666701247.3749976}, {"value": "ROAD_W_PCT_x", "step": null, "ts": 1666701247.3749976}, {"value": "CONFERENCE_y", "step": null, "ts": 1666701247.3749976}, {"value": "G_y", "step": null, "ts": 1666701247.3749976}]}, "version": 32}
{"obj": {"type": "LogStrings", "path": ["model", "features"], "values": [{"value": "W_y", "step": null, "ts": 1666701247.3749976}, {"value": "L_y", "step": null, "ts": 1666701247.3749976}, {"value": "W_PCT_y", "step": null, "ts": 1666701247.3749976}, {"value": "HOME_W_y", "step": null, "ts": 1666701247.3749976}, {"value": "HOME_L_y", "step": null, "ts": 1666701247.3749976}, {"value": "HOME_W_PCT_y", "step": null, "ts": 1666701247.3749976}, {"value": "ROAD_W_y", "step": null, "ts": 1666701247.3749976}, {"value": "ROAD_L_y", "step": null, "ts": 1666701247.3749976}, {"value": "ROAD_W_PCT_y", "step": null, "ts": 1666701247.3749976}, {"value": "MONTH", "step": null, "ts": 1666701247.3749976}]}, "version": 33}
{"obj": {"type": "LogStrings", "path": ["model", "features"], "values": [{"value": "HOME_WINPCT_LAST_3_HOME", "step": null, "ts": 1666701247.3749976}, {"value": "HOME_WINPCT_LAST_5_HOME", "step": null, "ts": 1666701247.3749976}, {"value": "HOME_WINPCT_LAST_7_HOME", "step": null, "ts": 1666701247.3749976}, {"value": "HOME_PTS_AVG_LAST_3_HOME", "step": null, "ts": 1666701247.3749976}, {"value": "HOME_PTS_AVG_LAST_5_HOME", "step": null, "ts": 1666701247.3749976}, {"value": "HOME_PTS_AVG_LAST_7_HOME", "step": null, "ts": 1666701247.3749976}, {"value": "HOME_FG_PCT_LAST_3_HOME", "step": null, "ts": 1666701247.3749976}, {"value": "HOME_FG_PCT_LAST_5_HOME", "step": null, "ts": 1666701247.3749976}, {"value": "HOME_FG_PCT_LAST_7_HOME", "step": null, "ts": 1666701247.3749976}, {"value": "HOME_FT_PCT_LAST_3_HOME", "step": null, "ts": 1666701247.3749976}]}, "version": 34}
{"obj": {"type": "LogStrings", "path": ["model", "features"], "values": [{"value": "HOME_FT_PCT_LAST_5_HOME", "step": null, "ts": 1666701247.3749976}, {"value": "HOME_FT_PCT_LAST_7_HOME", "step": null, "ts": 1666701247.3749976}, {"value": "HOME_FG3_PCT_LAST_3_HOME", "step": null, "ts": 1666701247.3749976}, {"value": "HOME_FG3_PCT_LAST_5_HOME", "step": null, "ts": 1666701247.3749976}, {"value": "HOME_FG3_PCT_LAST_7_HOME", "step": null, "ts": 1666701247.3749976}, {"value": "HOME_AST_AVG_LAST_3_HOME", "step": null, "ts": 1666701247.3749976}, {"value": "HOME_AST_AVG_LAST_5_HOME", "step": null, "ts": 1666701247.3749976}, {"value": "HOME_AST_AVG_LAST_7_HOME", "step": null, "ts": 1666701247.3749976}, {"value": "HOME_REB_AVG_LAST_3_HOME", "step": null, "ts": 1666701247.3749976}, {"value": "HOME_REB_AVG_LAST_5_HOME", "step": null, "ts": 1666701247.3749976}]}, "version": 35}
{"obj": {"type": "LogStrings", "path": ["model", "features"], "values": [{"value": "HOME_REB_AVG_LAST_7_HOME", "step": null, "ts": 1666701247.3749976}, {"value": "HOME_TEAM_WIN_STREAK", "step": null, "ts": 1666701247.3749976}, {"value": "VISITOR_WINPCT_LAST_3_AWAY", "step": null, "ts": 1666701247.3749976}, {"value": "VISITOR_WINPCT_LAST_5_AWAY", "step": null, "ts": 1666701247.3749976}, {"value": "VISITOR_WINPCT_LAST_7_AWAY", "step": null, "ts": 1666701247.3749976}, {"value": "VISITOR_PTS_AVG_LAST_3_AWAY", "step": null, "ts": 1666701247.3749976}, {"value": "VISITOR_PTS_AVG_LAST_5_AWAY", "step": null, "ts": 1666701247.3749976}, {"value": "VISITOR_PTS_AVG_LAST_7_AWAY", "step": null, "ts": 1666701247.3749976}, {"value": "VISITOR_FG_PCT_LAST_3_HOME", "step": null, "ts": 1666701247.3749976}, {"value": "VISITOR_FG_PCT_LAST_5_HOME", "step": null, "ts": 1666701247.3749976}]}, "version": 36}
{"obj": {"type": "LogStrings", "path": ["model", "features"], "values": [{"value": "VISITOR_FG_PCT_LAST_7_HOME", "step": null, "ts": 1666701247.3749976}, {"value": "VISITOR_FT_PCT_LAST_3_HOME", "step": null, "ts": 1666701247.3749976}, {"value": "VISITOR_FT_PCT_LAST_5_HOME", "step": null, "ts": 1666701247.3749976}, {"value": "VISITOR_FT_PCT_LAST_7_HOME", "step": null, "ts": 1666701247.3749976}, {"value": "VISITOR_FG3_PCT_LAST_3_HOME", "step": null, "ts": 1666701247.3749976}, {"value": "VISITOR_FG3_PCT_LAST_5_HOME", "step": null, "ts": 1666701247.3749976}, {"value": "VISITOR_FG3_PCT_LAST_7_HOME", "step": null, "ts": 1666701247.3749976}, {"value": "VISITOR_AST_AVG_LAST_3_HOME", "step": null, "ts": 1666701247.3749976}, {"value": "VISITOR_AST_AVG_LAST_5_HOME", "step": null, "ts": 1666701247.3749976}, {"value": "VISITOR_AST_AVG_LAST_7_HOME", "step": null, "ts": 1666701247.3749976}]}, "version": 37}
{"obj": {"type": "LogStrings", "path": ["model", "features"], "values": [{"value": "VISITOR_REB_AVG_LAST_3_HOME", "step": null, "ts": 1666701247.3749976}, {"value": "VISITOR_REB_AVG_LAST_5_HOME", "step": null, "ts": 1666701247.3749976}, {"value": "VISITOR_REB_AVG_LAST_7_HOME", "step": null, "ts": 1666701247.3749976}, {"value": "VISITOR_TEAM_WIN_STREAK", "step": null, "ts": 1666701247.3749976}, {"value": "MATCHUP_WINS_x", "step": null, "ts": 1666701247.3749976}, {"value": "MATCHUP_COUNT_x", "step": null, "ts": 1666701247.3749976}, {"value": "MATCHUP_WINPCT_x", "step": null, "ts": 1666701247.3749976}, {"value": "MATCHUP_WIN_STREAK_x", "step": null, "ts": 1666701247.3749976}, {"value": "WIN_STREAK_x", "step": null, "ts": 1666701247.3749976}, {"value": "HOME_AWAY_STREAK_x", "step": null, "ts": 1666701247.3749976}]}, "version": 38}
{"obj": {"type": "LogStrings", "path": ["model", "features"], "values": [{"value": "WINPCT_LAST_3_ALL_x", "step": null, "ts": 1666701247.3749976}, {"value": "WINPCT_LAST_5_ALL_x", "step": null, "ts": 1666701247.3749976}, {"value": "WINPCT_LAST_7_ALL_x", "step": null, "ts": 1666701247.3749976}, {"value": "WINPCT_LAST_10_ALL_x", "step": null, "ts": 1666701247.3749976}, {"value": "PTS_AVG_LAST_3_ALL_x", "step": null, "ts": 1666701247.3749976}, {"value": "PTS_AVG_LAST_5_ALL_x", "step": null, "ts": 1666701247.3749976}, {"value": "PTS_AVG_LAST_7_ALL_x", "step": null, "ts": 1666701247.3749976}, {"value": "PTS_AVG_LAST_10_ALL_x", "step": null, "ts": 1666701247.3749976}, {"value": "FG_PCT_LAST_3_ALL_x", "step": null, "ts": 1666701247.3749976}, {"value": "FG_PCT_LAST_5_ALL_x", "step": null, "ts": 1666701247.3749976}]}, "version": 39}
{"obj": {"type": "LogStrings", "path": ["model", "features"], "values": [{"value": "FG_PCT_LAST_7_ALL_x", "step": null, "ts": 1666701247.3749976}, {"value": "FG_PCT_LAST_10_ALL_x", "step": null, "ts": 1666701247.3749976}, {"value": "FT_PCT_LAST_3_ALL_x", "step": null, "ts": 1666701247.3749976}, {"value": "FT_PCT_LAST_5_ALL_x", "step": null, "ts": 1666701247.3749976}, {"value": "FT_PCT_LAST_7_ALL_x", "step": null, "ts": 1666701247.3749976}, {"value": "FT_PCT_LAST_10_ALL_x", "step": null, "ts": 1666701247.3749976}, {"value": "AST_AVG_LAST_3_ALL_x", "step": null, "ts": 1666701247.3749976}, {"value": "AST_AVG_LAST_5_ALL_x", "step": null, "ts": 1666701247.3749976}, {"value": "AST_AVG_LAST_7_ALL_x", "step": null, "ts": 1666701247.3749976}, {"value": "AST_AVG_LAST_10_ALL_x", "step": null, "ts": 1666701247.3749976}]}, "version": 40}
{"obj": {"type": "LogStrings", "path": ["model", "features"], "values": [{"value": "REB_AVG_LAST_3_ALL_x", "step": null, "ts": 1666701247.3749976}, {"value": "REB_AVG_LAST_5_ALL_x", "step": null, "ts": 1666701247.3749976}, {"value": "REB_AVG_LAST_7_ALL_x", "step": null, "ts": 1666701247.3749976}, {"value": "REB_AVG_LAST_10_ALL_x", "step": null, "ts": 1666701247.3749976}, {"value": "WIN_STREAK_y", "step": null, "ts": 1666701247.3749976}, {"value": "HOME_AWAY_STREAK_y", "step": null, "ts": 1666701247.3749976}, {"value": "WINPCT_LAST_3_ALL_y", "step": null, "ts": 1666701247.3749976}, {"value": "WINPCT_LAST_5_ALL_y", "step": null, "ts": 1666701247.3749976}, {"value": "WINPCT_LAST_7_ALL_y", "step": null, "ts": 1666701247.3749976}, {"value": "WINPCT_LAST_10_ALL_y", "step": null, "ts": 1666701247.3749976}]}, "version": 41}
{"obj": {"type": "LogStrings", "path": ["model", "features"], "values": [{"value": "PTS_AVG_LAST_3_ALL_y", "step": null, "ts": 1666701247.3749976}, {"value": "PTS_AVG_LAST_5_ALL_y", "step": null, "ts": 1666701247.3749976}, {"value": "PTS_AVG_LAST_7_ALL_y", "step": null, "ts": 1666701247.3749976}, {"value": "PTS_AVG_LAST_10_ALL_y", "step": null, "ts": 1666701247.3749976}, {"value": "FG_PCT_LAST_3_ALL_y", "step": null, "ts": 1666701247.3749976}, {"value": "FG_PCT_LAST_5_ALL_y", "step": null, "ts": 1666701247.3749976}, {"value": "FG_PCT_LAST_7_ALL_y", "step": null, "ts": 1666701247.3749976}, {"value": "FG_PCT_LAST_10_ALL_y", "step": null, "ts": 1666701247.3749976}, {"value": "FT_PCT_LAST_3_ALL_y", "step": null, "ts": 1666701247.3749976}, {"value": "FT_PCT_LAST_5_ALL_y", "step": null, "ts": 1666701247.3749976}]}, "version": 42}
{"obj": {"type": "LogStrings", "path": ["model", "features"], "values": [{"value": "FT_PCT_LAST_7_ALL_y", "step": null, "ts": 1666701247.3749976}, {"value": "FT_PCT_LAST_10_ALL_y", "step": null, "ts": 1666701247.3749976}, {"value": "AST_AVG_LAST_3_ALL_y", "step": null, "ts": 1666701247.3749976}, {"value": "AST_AVG_LAST_5_ALL_y", "step": null, "ts": 1666701247.3749976}, {"value": "AST_AVG_LAST_7_ALL_y", "step": null, "ts": 1666701247.3749976}, {"value": "AST_AVG_LAST_10_ALL_y", "step": null, "ts": 1666701247.3749976}, {"value": "REB_AVG_LAST_3_ALL_y", "step": null, "ts": 1666701247.3749976}, {"value": "REB_AVG_LAST_5_ALL_y", "step": null, "ts": 1666701247.3749976}, {"value": "REB_AVG_LAST_7_ALL_y", "step": null, "ts": 1666701247.3749976}, {"value": "REB_AVG_LAST_10_ALL_y", "step": null, "ts": 1666701247.3749976}]}, "version": 43}
{"obj": {"type": "LogFloats", "path": ["monitoring", "cpu"], "values": [{"value": 2.1, "step": null, "ts": 1666701256.8274174}]}, "version": 44}
{"obj": {"type": "LogFloats", "path": ["monitoring", "memory"], "values": [{"value": 6.139804840087891, "step": null, "ts": 1666701256.8274174}]}, "version": 45}
{"obj": {"type": "LogFloats", "path": ["monitoring", "gpu_memory"], "values": [{"value": 0.7952499389648438, "step": null, "ts": 1666701256.8274174}]}, "version": 46}
{"obj": {"type": "LogFloats", "path": ["monitoring", "cpu"], "values": [{"value": 1.3, "step": null, "ts": 1666701266.839303}]}, "version": 47}
{"obj": {"type": "LogFloats", "path": ["monitoring", "memory"], "values": [{"value": 6.109424591064453, "step": null, "ts": 1666701266.839303}]}, "version": 48}
{"obj": {"type": "LogFloats", "path": ["monitoring", "gpu"], "values": [{"value": 24.0, "step": null, "ts": 1666701266.839303}]}, "version": 49}
{"obj": {"type": "LogFloats", "path": ["monitoring", "gpu_memory"], "values": [{"value": 0.7952499389648438, "step": null, "ts": 1666701266.839303}]}, "version": 50}
{"obj": {"type": "LogFloats", "path": ["monitoring", "cpu"], "values": [{"value": 3.2, "step": null, "ts": 1666701276.847628}]}, "version": 51}
{"obj": {"type": "LogFloats", "path": ["monitoring", "memory"], "values": [{"value": 6.131504058837891, "step": null, "ts": 1666701276.847628}]}, "version": 52}
{"obj": {"type": "LogFloats", "path": ["monitoring", "gpu"], "values": [{"value": 23.0, "step": null, "ts": 1666701276.847628}]}, "version": 53}
{"obj": {"type": "LogFloats", "path": ["monitoring", "gpu_memory"], "values": [{"value": 0.7955551147460938, "step": null, "ts": 1666701276.847628}]}, "version": 54}
{"obj": {"type": "LogFloats", "path": ["monitoring", "cpu"], "values": [{"value": 2.7, "step": null, "ts": 1666701286.8656585}]}, "version": 55}
{"obj": {"type": "LogFloats", "path": ["monitoring", "memory"], "values": [{"value": 6.150920867919922, "step": null, "ts": 1666701286.8656585}]}, "version": 56}
{"obj": {"type": "LogFloats", "path": ["monitoring", "gpu"], "values": [{"value": 29.0, "step": null, "ts": 1666701286.8656585}]}, "version": 57}
{"obj": {"type": "LogFloats", "path": ["monitoring", "gpu_memory"], "values": [{"value": 0.7957382202148438, "step": null, "ts": 1666701286.8656585}]}, "version": 58}
{"obj": {"type": "LogFloats", "path": ["monitoring", "cpu"], "values": [{"value": 2.3, "step": null, "ts": 1666701296.8707373}]}, "version": 59}
{"obj": {"type": "LogFloats", "path": ["monitoring", "memory"], "values": [{"value": 6.155773162841797, "step": null, "ts": 1666701296.8707373}]}, "version": 60}
{"obj": {"type": "LogFloats", "path": ["monitoring", "gpu"], "values": [{"value": 4.0, "step": null, "ts": 1666701296.8707373}]}, "version": 61}
{"obj": {"type": "LogFloats", "path": ["monitoring", "gpu_memory"], "values": [{"value": 0.7957382202148438, "step": null, "ts": 1666701296.8707373}]}, "version": 62}
{"obj": {"type": "LogFloats", "path": ["monitoring", "cpu"], "values": [{"value": 1.6, "step": null, "ts": 1666701306.8790152}]}, "version": 63}
{"obj": {"type": "LogFloats", "path": ["monitoring", "memory"], "values": [{"value": 6.161373138427734, "step": null, "ts": 1666701306.8790152}]}, "version": 64}
{"obj": {"type": "LogFloats", "path": ["monitoring", "gpu_memory"], "values": [{"value": 0.8268661499023438, "step": null, "ts": 1666701306.8790152}]}, "version": 65}
{"obj": {"type": "LogFloats", "path": ["monitoring", "cpu"], "values": [{"value": 1.4, "step": null, "ts": 1666701316.8925703}]}, "version": 66}
{"obj": {"type": "LogFloats", "path": ["monitoring", "memory"], "values": [{"value": 6.132049560546875, "step": null, "ts": 1666701316.8925703}]}, "version": 67}
{"obj": {"type": "LogFloats", "path": ["monitoring", "gpu"], "values": [{"value": 9.0, "step": null, "ts": 1666701316.8925703}]}, "version": 68}
{"obj": {"type": "LogFloats", "path": ["monitoring", "gpu_memory"], "values": [{"value": 0.7954330444335938, "step": null, "ts": 1666701316.8925703}]}, "version": 69}
{"obj": {"type": "LogFloats", "path": ["monitoring", "cpu"], "values": [{"value": 1.9, "step": null, "ts": 1666701326.9055858}]}, "version": 70}
{"obj": {"type": "LogFloats", "path": ["monitoring", "memory"], "values": [{"value": 6.117801666259766, "step": null, "ts": 1666701326.9055858}]}, "version": 71}
{"obj": {"type": "LogFloats", "path": ["monitoring", "gpu_memory"], "values": [{"value": 0.7954330444335938, "step": null, "ts": 1666701326.9055858}]}, "version": 72}
{"obj": {"type": "LogStrings", "path": ["monitoring", "stdout"], "values": [{"value": "Shutting down background jobs, please wait a moment...\n", "step": null, "ts": 1666701330.6801314}]}, "version": 73}
