{"obj": {"type": "AssignString", "path": ["sys", "name"], "value": "Untitled"}, "version": 1}
{"obj": {"type": "AssignString", "path": ["sys", "description"], "value": ""}, "version": 2}
{"obj": {"type": "AssignString", "path": ["sys", "hostname"], "value": "DESKTOP-0BID4CS"}, "version": 3}
{"obj": {"type": "AssignBool", "path": ["sys", "failed"], "value": false}, "version": 4}
{"obj": {"type": "ClearStringLog", "path": ["monitoring", "stdout"]}, "version": 5}
{"obj": {"type": "ClearStringLog", "path": ["monitoring", "stderr"]}, "version": 6}
{"obj": {"type": "UploadFileSet", "path": ["source_code", "files"], "file_globs": ["C:\\Users\\Chris\\Desktop\\DataScienceProjects\\nba_game_predictor\\07a_xgb_model_test.ipynb"], "reset": "False"}, "version": 7}
{"obj": {"type": "ConfigFloatSeries", "path": ["monitoring", "cpu"], "min": 0.0, "max": 100.0, "unit": "%"}, "version": 8}
{"obj": {"type": "ClearFloatLog", "path": ["monitoring", "cpu"]}, "version": 9}
{"obj": {"type": "ConfigFloatSeries", "path": ["monitoring", "memory"], "min": 0.0, "max": 31.79674530029297, "unit": "GB"}, "version": 10}
{"obj": {"type": "ClearFloatLog", "path": ["monitoring", "memory"]}, "version": 11}
{"obj": {"type": "ConfigFloatSeries", "path": ["monitoring", "gpu"], "min": 0.0, "max": 100.0, "unit": "%"}, "version": 12}
{"obj": {"type": "ClearFloatLog", "path": ["monitoring", "gpu"]}, "version": 13}
{"obj": {"type": "ConfigFloatSeries", "path": ["monitoring", "gpu_memory"], "min": 0.0, "max": 12.0, "unit": "GB"}, "version": 14}
{"obj": {"type": "ClearFloatLog", "path": ["monitoring", "gpu_memory"]}, "version": 15}
{"obj": {"type": "LogStrings", "path": ["monitoring", "stdout"], "values": [{"value": "Remember to stop your run once you\u2019ve finished logging your metadata (https://docs.neptune.ai/api-reference/run#.stop). It will be stopped automatically only when the notebook kernel/interactive console is terminated.\n", "step": null, "ts": 1666531752.5843828}]}, "version": 16}
{"obj": {"type": "LogFloats", "path": ["monitoring", "cpu"], "values": [{"value": 3.1, "step": null, "ts": 1666531752.581383}]}, "version": 17}
{"obj": {"type": "LogFloats", "path": ["monitoring", "memory"], "values": [{"value": 6.3137359619140625, "step": null, "ts": 1666531752.581383}]}, "version": 18}
{"obj": {"type": "LogFloats", "path": ["monitoring", "gpu_memory"], "values": [{"value": 0.7964630126953125, "step": null, "ts": 1666531752.581383}]}, "version": 19}
{"obj": {"type": "AssignString", "path": ["note"], "value": " "}, "version": 20}
{"obj": {"type": "LogStrings", "path": ["model", "features"], "values": [{"value": "HOME_TEAM_ID", "step": null, "ts": 1666531752.9294982}, {"value": "VISITOR_TEAM_ID", "step": null, "ts": 1666531752.9294982}, {"value": "SEASON", "step": null, "ts": 1666531752.9294982}, {"value": "PTS_home", "step": null, "ts": 1666531752.9294982}, {"value": "FG_PCT_home", "step": null, "ts": 1666531752.9294982}, {"value": "FT_PCT_home", "step": null, "ts": 1666531752.9294982}, {"value": "FG3_PCT_home", "step": null, "ts": 1666531752.9294982}, {"value": "AST_home", "step": null, "ts": 1666531752.9294982}, {"value": "REB_home", "step": null, "ts": 1666531752.9294982}, {"value": "PTS_away", "step": null, "ts": 1666531752.9294982}]}, "version": 21}
{"obj": {"type": "LogStrings", "path": ["model", "features"], "values": [{"value": "FG_PCT_away", "step": null, "ts": 1666531752.9294982}, {"value": "FT_PCT_away", "step": null, "ts": 1666531752.9294982}, {"value": "FG3_PCT_away", "step": null, "ts": 1666531752.9294982}, {"value": "AST_away", "step": null, "ts": 1666531752.9294982}, {"value": "REB_away", "step": null, "ts": 1666531752.9294982}, {"value": "HOME_TEAM_WINS", "step": null, "ts": 1666531752.9294982}, {"value": "PLAYOFF", "step": null, "ts": 1666531752.9294982}, {"value": "CONFERENCE_x", "step": null, "ts": 1666531752.9294982}, {"value": "G_x", "step": null, "ts": 1666531752.9294982}, {"value": "W_x", "step": null, "ts": 1666531752.9294982}]}, "version": 22}
{"obj": {"type": "LogStrings", "path": ["model", "features"], "values": [{"value": "L_x", "step": null, "ts": 1666531752.9294982}, {"value": "W_PCT_x", "step": null, "ts": 1666531752.9294982}, {"value": "HOME_W_x", "step": null, "ts": 1666531752.9294982}, {"value": "HOME_L_x", "step": null, "ts": 1666531752.9294982}, {"value": "HOME_W_PCT_x", "step": null, "ts": 1666531752.9294982}, {"value": "ROAD_W_x", "step": null, "ts": 1666531752.9294982}, {"value": "ROAD_L_x", "step": null, "ts": 1666531752.9294982}, {"value": "ROAD_W_PCT_x", "step": null, "ts": 1666531752.9294982}, {"value": "CONFERENCE_y", "step": null, "ts": 1666531752.9294982}, {"value": "G_y", "step": null, "ts": 1666531752.9294982}]}, "version": 23}
{"obj": {"type": "LogStrings", "path": ["model", "features"], "values": [{"value": "W_y", "step": null, "ts": 1666531752.9294982}, {"value": "L_y", "step": null, "ts": 1666531752.9294982}, {"value": "W_PCT_y", "step": null, "ts": 1666531752.9294982}, {"value": "HOME_W_y", "step": null, "ts": 1666531752.9294982}, {"value": "HOME_L_y", "step": null, "ts": 1666531752.9294982}, {"value": "HOME_W_PCT_y", "step": null, "ts": 1666531752.9294982}, {"value": "ROAD_W_y", "step": null, "ts": 1666531752.9294982}, {"value": "ROAD_L_y", "step": null, "ts": 1666531752.9294982}, {"value": "ROAD_W_PCT_y", "step": null, "ts": 1666531752.9294982}, {"value": "MONTH", "step": null, "ts": 1666531752.9294982}]}, "version": 24}
{"obj": {"type": "LogStrings", "path": ["model", "features"], "values": [{"value": "HOME_WINPCT_LAST_3_HOME", "step": null, "ts": 1666531752.9294982}, {"value": "HOME_WINPCT_LAST_5_HOME", "step": null, "ts": 1666531752.9294982}, {"value": "HOME_WINPCT_LAST_7_HOME", "step": null, "ts": 1666531752.9294982}, {"value": "HOME_PTS_AVG_LAST_3_HOME", "step": null, "ts": 1666531752.9294982}, {"value": "HOME_PTS_AVG_LAST_5_HOME", "step": null, "ts": 1666531752.9294982}, {"value": "HOME_PTS_AVG_LAST_7_HOME", "step": null, "ts": 1666531752.9294982}, {"value": "HOME_FG_PCT_LAST_3_HOME", "step": null, "ts": 1666531752.9294982}, {"value": "HOME_FG_PCT_LAST_5_HOME", "step": null, "ts": 1666531752.9294982}, {"value": "HOME_FG_PCT_LAST_7_HOME", "step": null, "ts": 1666531752.9294982}, {"value": "HOME_FT_PCT_LAST_3_HOME", "step": null, "ts": 1666531752.9294982}]}, "version": 25}
{"obj": {"type": "LogStrings", "path": ["model", "features"], "values": [{"value": "HOME_FT_PCT_LAST_5_HOME", "step": null, "ts": 1666531752.9294982}, {"value": "HOME_FT_PCT_LAST_7_HOME", "step": null, "ts": 1666531752.9294982}, {"value": "HOME_FG3_PCT_LAST_3_HOME", "step": null, "ts": 1666531752.9294982}, {"value": "HOME_FG3_PCT_LAST_5_HOME", "step": null, "ts": 1666531752.9294982}, {"value": "HOME_FG3_PCT_LAST_7_HOME", "step": null, "ts": 1666531752.9294982}, {"value": "HOME_AST_AVG_LAST_3_HOME", "step": null, "ts": 1666531752.9294982}, {"value": "HOME_AST_AVG_LAST_5_HOME", "step": null, "ts": 1666531752.9294982}, {"value": "HOME_AST_AVG_LAST_7_HOME", "step": null, "ts": 1666531752.9294982}, {"value": "HOME_REB_AVG_LAST_3_HOME", "step": null, "ts": 1666531752.9294982}, {"value": "HOME_REB_AVG_LAST_5_HOME", "step": null, "ts": 1666531752.9294982}]}, "version": 26}
{"obj": {"type": "LogStrings", "path": ["model", "features"], "values": [{"value": "HOME_REB_AVG_LAST_7_HOME", "step": null, "ts": 1666531752.9294982}, {"value": "HOME_TEAM_WIN_STREAK", "step": null, "ts": 1666531752.9294982}, {"value": "VISITOR_WINPCT_LAST_3_AWAY", "step": null, "ts": 1666531752.9294982}, {"value": "VISITOR_WINPCT_LAST_5_AWAY", "step": null, "ts": 1666531752.9294982}, {"value": "VISITOR_WINPCT_LAST_7_AWAY", "step": null, "ts": 1666531752.9294982}, {"value": "VISITOR_PTS_AVG_LAST_3_AWAY", "step": null, "ts": 1666531752.9294982}, {"value": "VISITOR_PTS_AVG_LAST_5_AWAY", "step": null, "ts": 1666531752.9294982}, {"value": "VISITOR_PTS_AVG_LAST_7_AWAY", "step": null, "ts": 1666531752.9294982}, {"value": "VISITOR_FG_PCT_LAST_3_HOME", "step": null, "ts": 1666531752.9294982}, {"value": "VISITOR_FG_PCT_LAST_5_HOME", "step": null, "ts": 1666531752.9294982}]}, "version": 27}
{"obj": {"type": "LogStrings", "path": ["model", "features"], "values": [{"value": "VISITOR_FG_PCT_LAST_7_HOME", "step": null, "ts": 1666531752.9294982}, {"value": "VISITOR_FT_PCT_LAST_3_HOME", "step": null, "ts": 1666531752.9294982}, {"value": "VISITOR_FT_PCT_LAST_5_HOME", "step": null, "ts": 1666531752.9294982}, {"value": "VISITOR_FT_PCT_LAST_7_HOME", "step": null, "ts": 1666531752.9294982}, {"value": "VISITOR_FG3_PCT_LAST_3_HOME", "step": null, "ts": 1666531752.9294982}, {"value": "VISITOR_FG3_PCT_LAST_5_HOME", "step": null, "ts": 1666531752.9294982}, {"value": "VISITOR_FG3_PCT_LAST_7_HOME", "step": null, "ts": 1666531752.9294982}, {"value": "VISITOR_AST_AVG_LAST_3_HOME", "step": null, "ts": 1666531752.9294982}, {"value": "VISITOR_AST_AVG_LAST_5_HOME", "step": null, "ts": 1666531752.9294982}, {"value": "VISITOR_AST_AVG_LAST_7_HOME", "step": null, "ts": 1666531752.9294982}]}, "version": 28}
{"obj": {"type": "LogStrings", "path": ["model", "features"], "values": [{"value": "VISITOR_REB_AVG_LAST_3_HOME", "step": null, "ts": 1666531752.9294982}, {"value": "VISITOR_REB_AVG_LAST_5_HOME", "step": null, "ts": 1666531752.9294982}, {"value": "VISITOR_REB_AVG_LAST_7_HOME", "step": null, "ts": 1666531752.9294982}, {"value": "VISITOR_TEAM_WIN_STREAK", "step": null, "ts": 1666531752.9294982}, {"value": "MATCHUP_WINS_x", "step": null, "ts": 1666531752.9294982}, {"value": "MATCHUP_COUNT_x", "step": null, "ts": 1666531752.9294982}, {"value": "MATCHUP_WINPCT_x", "step": null, "ts": 1666531752.9294982}, {"value": "MATCHUP_WIN_STREAK_x", "step": null, "ts": 1666531752.9294982}, {"value": "WIN_STREAK_x", "step": null, "ts": 1666531752.9294982}, {"value": "HOME_AWAY_STREAK_x", "step": null, "ts": 1666531752.9294982}]}, "version": 29}
{"obj": {"type": "LogStrings", "path": ["model", "features"], "values": [{"value": "WINPCT_LAST_3_ALL_x", "step": null, "ts": 1666531752.9294982}, {"value": "WINPCT_LAST_5_ALL_x", "step": null, "ts": 1666531752.9294982}, {"value": "WINPCT_LAST_7_ALL_x", "step": null, "ts": 1666531752.9294982}, {"value": "WINPCT_LAST_10_ALL_x", "step": null, "ts": 1666531752.9294982}, {"value": "PTS_AVG_LAST_3_ALL_x", "step": null, "ts": 1666531752.9294982}, {"value": "PTS_AVG_LAST_5_ALL_x", "step": null, "ts": 1666531752.9294982}, {"value": "PTS_AVG_LAST_7_ALL_x", "step": null, "ts": 1666531752.9294982}, {"value": "PTS_AVG_LAST_10_ALL_x", "step": null, "ts": 1666531752.9294982}, {"value": "FG_PCT_LAST_3_ALL_x", "step": null, "ts": 1666531752.9294982}, {"value": "FG_PCT_LAST_5_ALL_x", "step": null, "ts": 1666531752.9294982}]}, "version": 30}
{"obj": {"type": "LogStrings", "path": ["model", "features"], "values": [{"value": "FG_PCT_LAST_7_ALL_x", "step": null, "ts": 1666531752.9294982}, {"value": "FG_PCT_LAST_10_ALL_x", "step": null, "ts": 1666531752.9294982}, {"value": "FT_PCT_LAST_3_ALL_x", "step": null, "ts": 1666531752.9294982}, {"value": "FT_PCT_LAST_5_ALL_x", "step": null, "ts": 1666531752.9294982}, {"value": "FT_PCT_LAST_7_ALL_x", "step": null, "ts": 1666531752.9294982}, {"value": "FT_PCT_LAST_10_ALL_x", "step": null, "ts": 1666531752.9294982}, {"value": "AST_AVG_LAST_3_ALL_x", "step": null, "ts": 1666531752.9294982}, {"value": "AST_AVG_LAST_5_ALL_x", "step": null, "ts": 1666531752.9294982}, {"value": "AST_AVG_LAST_7_ALL_x", "step": null, "ts": 1666531752.9294982}, {"value": "AST_AVG_LAST_10_ALL_x", "step": null, "ts": 1666531752.9294982}]}, "version": 31}
{"obj": {"type": "LogStrings", "path": ["model", "features"], "values": [{"value": "REB_AVG_LAST_3_ALL_x", "step": null, "ts": 1666531752.9294982}, {"value": "REB_AVG_LAST_5_ALL_x", "step": null, "ts": 1666531752.9294982}, {"value": "REB_AVG_LAST_7_ALL_x", "step": null, "ts": 1666531752.9294982}, {"value": "REB_AVG_LAST_10_ALL_x", "step": null, "ts": 1666531752.9294982}, {"value": "WIN_STREAK_y", "step": null, "ts": 1666531752.9294982}, {"value": "HOME_AWAY_STREAK_y", "step": null, "ts": 1666531752.9294982}, {"value": "WINPCT_LAST_3_ALL_y", "step": null, "ts": 1666531752.9294982}, {"value": "WINPCT_LAST_5_ALL_y", "step": null, "ts": 1666531752.9294982}, {"value": "WINPCT_LAST_7_ALL_y", "step": null, "ts": 1666531752.9294982}, {"value": "WINPCT_LAST_10_ALL_y", "step": null, "ts": 1666531752.9294982}]}, "version": 32}
{"obj": {"type": "LogStrings", "path": ["model", "features"], "values": [{"value": "PTS_AVG_LAST_3_ALL_y", "step": null, "ts": 1666531752.9294982}, {"value": "PTS_AVG_LAST_5_ALL_y", "step": null, "ts": 1666531752.9294982}, {"value": "PTS_AVG_LAST_7_ALL_y", "step": null, "ts": 1666531752.9294982}, {"value": "PTS_AVG_LAST_10_ALL_y", "step": null, "ts": 1666531752.9294982}, {"value": "FG_PCT_LAST_3_ALL_y", "step": null, "ts": 1666531752.9294982}, {"value": "FG_PCT_LAST_5_ALL_y", "step": null, "ts": 1666531752.9294982}, {"value": "FG_PCT_LAST_7_ALL_y", "step": null, "ts": 1666531752.9294982}, {"value": "FG_PCT_LAST_10_ALL_y", "step": null, "ts": 1666531752.9294982}, {"value": "FT_PCT_LAST_3_ALL_y", "step": null, "ts": 1666531752.9294982}, {"value": "FT_PCT_LAST_5_ALL_y", "step": null, "ts": 1666531752.9294982}]}, "version": 33}
{"obj": {"type": "LogStrings", "path": ["model", "features"], "values": [{"value": "FT_PCT_LAST_7_ALL_y", "step": null, "ts": 1666531752.9294982}, {"value": "FT_PCT_LAST_10_ALL_y", "step": null, "ts": 1666531752.9294982}, {"value": "AST_AVG_LAST_3_ALL_y", "step": null, "ts": 1666531752.9294982}, {"value": "AST_AVG_LAST_5_ALL_y", "step": null, "ts": 1666531752.9294982}, {"value": "AST_AVG_LAST_7_ALL_y", "step": null, "ts": 1666531752.9294982}, {"value": "AST_AVG_LAST_10_ALL_y", "step": null, "ts": 1666531752.9294982}, {"value": "REB_AVG_LAST_3_ALL_y", "step": null, "ts": 1666531752.9294982}, {"value": "REB_AVG_LAST_5_ALL_y", "step": null, "ts": 1666531752.9294982}, {"value": "REB_AVG_LAST_7_ALL_y", "step": null, "ts": 1666531752.9294982}, {"value": "REB_AVG_LAST_10_ALL_y", "step": null, "ts": 1666531752.9294982}]}, "version": 34}
{"obj": {"type": "LogFloats", "path": ["monitoring", "cpu"], "values": [{"value": 1.7, "step": null, "ts": 1666531762.5987737}]}, "version": 35}
{"obj": {"type": "LogFloats", "path": ["monitoring", "memory"], "values": [{"value": 6.312309265136719, "step": null, "ts": 1666531762.5987737}]}, "version": 36}
{"obj": {"type": "LogFloats", "path": ["monitoring", "gpu_memory"], "values": [{"value": 0.7964630126953125, "step": null, "ts": 1666531762.5987737}]}, "version": 37}
{"obj": {"type": "LogFloats", "path": ["monitoring", "cpu"], "values": [{"value": 1.3, "step": null, "ts": 1666531772.6063614}]}, "version": 38}
{"obj": {"type": "LogFloats", "path": ["monitoring", "memory"], "values": [{"value": 6.290660858154297, "step": null, "ts": 1666531772.6063614}]}, "version": 39}
{"obj": {"type": "LogFloats", "path": ["monitoring", "gpu"], "values": [{"value": 4.0, "step": null, "ts": 1666531772.6063614}]}, "version": 40}
{"obj": {"type": "LogFloats", "path": ["monitoring", "gpu_memory"], "values": [{"value": 0.7964630126953125, "step": null, "ts": 1666531772.6063614}]}, "version": 41}
{"obj": {"type": "LogFloats", "path": ["monitoring", "cpu"], "values": [{"value": 1.7, "step": null, "ts": 1666531782.6290421}]}, "version": 42}
{"obj": {"type": "LogFloats", "path": ["monitoring", "memory"], "values": [{"value": 6.318031311035156, "step": null, "ts": 1666531782.6290421}]}, "version": 43}
{"obj": {"type": "LogFloats", "path": ["monitoring", "gpu_memory"], "values": [{"value": 0.7964630126953125, "step": null, "ts": 1666531782.6290421}]}, "version": 44}
{"obj": {"type": "LogFloats", "path": ["monitoring", "cpu"], "values": [{"value": 1.2, "step": null, "ts": 1666531792.6512232}]}, "version": 45}
{"obj": {"type": "LogFloats", "path": ["monitoring", "memory"], "values": [{"value": 6.3094024658203125, "step": null, "ts": 1666531792.6512232}]}, "version": 46}
{"obj": {"type": "LogFloats", "path": ["monitoring", "gpu"], "values": [{"value": 4.0, "step": null, "ts": 1666531792.6512232}]}, "version": 47}
{"obj": {"type": "LogFloats", "path": ["monitoring", "gpu_memory"], "values": [{"value": 0.7964630126953125, "step": null, "ts": 1666531792.6512232}]}, "version": 48}
{"obj": {"type": "LogFloats", "path": ["monitoring", "cpu"], "values": [{"value": 1.6, "step": null, "ts": 1666531802.6672611}]}, "version": 49}
{"obj": {"type": "LogFloats", "path": ["monitoring", "memory"], "values": [{"value": 6.376468658447266, "step": null, "ts": 1666531802.6672611}]}, "version": 50}
{"obj": {"type": "LogFloats", "path": ["monitoring", "gpu_memory"], "values": [{"value": 0.8275909423828125, "step": null, "ts": 1666531802.6672611}]}, "version": 51}
{"obj": {"type": "LogFloats", "path": ["monitoring", "cpu"], "values": [{"value": 1.2, "step": null, "ts": 1666531812.6767538}]}, "version": 52}
{"obj": {"type": "LogFloats", "path": ["monitoring", "memory"], "values": [{"value": 6.276885986328125, "step": null, "ts": 1666531812.6767538}]}, "version": 53}
{"obj": {"type": "LogFloats", "path": ["monitoring", "gpu"], "values": [{"value": 3.0, "step": null, "ts": 1666531812.6767538}]}, "version": 54}
{"obj": {"type": "LogFloats", "path": ["monitoring", "gpu_memory"], "values": [{"value": 0.7964630126953125, "step": null, "ts": 1666531812.6767538}]}, "version": 55}
{"obj": {"type": "LogFloats", "path": ["monitoring", "cpu"], "values": [{"value": 1.3, "step": null, "ts": 1666531822.6966481}]}, "version": 56}
{"obj": {"type": "LogFloats", "path": ["monitoring", "memory"], "values": [{"value": 6.277362823486328, "step": null, "ts": 1666531822.6966481}]}, "version": 57}
{"obj": {"type": "LogFloats", "path": ["monitoring", "gpu_memory"], "values": [{"value": 0.7964630126953125, "step": null, "ts": 1666531822.6966481}]}, "version": 58}
{"obj": {"type": "LogFloats", "path": ["monitoring", "cpu"], "values": [{"value": 1.7, "step": null, "ts": 1666531832.7168825}]}, "version": 59}
{"obj": {"type": "LogFloats", "path": ["monitoring", "memory"], "values": [{"value": 6.294673919677734, "step": null, "ts": 1666531832.7168825}]}, "version": 60}
{"obj": {"type": "LogFloats", "path": ["monitoring", "gpu_memory"], "values": [{"value": 0.7964630126953125, "step": null, "ts": 1666531832.7168825}]}, "version": 61}
{"obj": {"type": "LogFloats", "path": ["monitoring", "cpu"], "values": [{"value": 2.0, "step": null, "ts": 1666531842.7365458}]}, "version": 62}
{"obj": {"type": "LogFloats", "path": ["monitoring", "memory"], "values": [{"value": 6.288215637207031, "step": null, "ts": 1666531842.7365458}]}, "version": 63}
{"obj": {"type": "LogFloats", "path": ["monitoring", "gpu_memory"], "values": [{"value": 0.7964630126953125, "step": null, "ts": 1666531842.7365458}]}, "version": 64}
{"obj": {"type": "LogFloats", "path": ["monitoring", "cpu"], "values": [{"value": 1.5, "step": null, "ts": 1666531852.7607384}]}, "version": 65}
{"obj": {"type": "LogFloats", "path": ["monitoring", "memory"], "values": [{"value": 6.260528564453125, "step": null, "ts": 1666531852.7607384}]}, "version": 66}
{"obj": {"type": "LogFloats", "path": ["monitoring", "gpu_memory"], "values": [{"value": 0.7964630126953125, "step": null, "ts": 1666531852.7607384}]}, "version": 67}
{"obj": {"type": "LogStrings", "path": ["monitoring", "stdout"], "values": [{"value": "Shutting down background jobs, please wait a moment...\n", "step": null, "ts": 1666531857.069823}]}, "version": 68}
